
%|██████▎   | 19/30 [01:06<00:38,  3.46s/it]
 67%|██████▋   | 20/30 [01:10<00:34,  3.46s/it]
 70%|███████   | 21/30 [01:13<00:31,  3.46s/it]
 73%|███████▎  | 22/30 [01:17<00:27,  3.46s/it]
 77%|███████▋  | 23/30 [01:20<00:24,  3.46s/it]
 80%|████████  | 24/30 [01:24<00:20,  3.46s/it]
 83%|████████▎ | 25/30 [01:27<00:17,  3.46s/it]
 87%|████████▋ | 26/30 [01:30<00:13,  3.46s/it]
 90%|█████████ | 27/30 [01:34<00:10,  3.46s/it]
 93%|█████████▎| 28/30 [01:37<00:06,  3.46s/it]
 97%|█████████▋| 29/30 [01:41<00:03,  3.46s/it]
100%|██████████| 30/30 [01:44<00:00,  3.46s/it]
100%|██████████| 30/30 [01:44<00:00,  3.49s/it]
Device used for training the model cuda
Adjusting learning rate of group 0 to 1.0000e-02.
Epoch 1, step 0 / 5. Update No.1 attribute: High_Cheekbones Total loss: 1.62221    Direction loss: nan        Consistency loss: 0.00000    Sim loss: 1.62221   
Epoch 1, step 1 / 5. Update No.1 attribute: High_Cheekbones Total loss: 1.40060    Direction loss: 1.03558    Consistency loss: 0.36502    Sim loss: 1.64185   
Epoch 1, step 2 / 5. Update No.1 attribute: High_Cheekbones Total loss: 0.94787    Direction loss: 0.88946    Consistency loss: 0.05841    Sim loss: 1.61366   
Epoch 1, step 3 / 5. Update No.1 attribute: High_Cheekbones Total loss: 0.81593    Direction loss: 0.80536    Consistency loss: 0.01057    Sim loss: 1.60866   
Epoch 1, step 4 / 5. Update No.1 attribute: High_Cheekbones Total loss: 0.78230    Direction loss: 0.78230    Consistency loss: 0.00000    Sim loss: 1.61795   
Adjusting learning rate of group 0 to 1.0000e-02.
Epoch 2, step 0 / 5. Update No.1 attribute: High_Cheekbones Total loss: 0.67259    Direction loss: 0.67259    Consistency loss: 0.00000    Sim loss: 1.61373   
Epoch 2, step 1 / 5. Update No.1 attribute: High_Cheekbones Total loss: 0.64481    Direction loss: 0.64481    Consistency loss: 0.00000    Sim loss: 1.62573   
Epoch 2, step 2 / 5. Update No.1 attribute: High_Cheekbones Total loss: 0.63857    Direction loss: 0.63857    Consistency loss: 0.00000    Sim loss: 1.64188   
Epoch 2, step 3 / 5. Update No.1 attribute: High_Cheekbones Total loss: 0.60516    Direction loss: 0.59474    Consistency loss: 0.01042    Sim loss: 1.64394   
Epoch 2, step 4 / 5. Update No.1 attribute: High_Cheekbones Total loss: 0.58890    Direction loss: 0.58292    Consistency loss: 0.00599    Sim loss: 1.64269   
Adjusting learning rate of group 0 to 1.0000e-02.
Epoch 3, step 0 / 5. Update No.1 attribute: High_Cheekbones Total loss: 0.51901    Direction loss: 0.51901    Consistency loss: 0.00000    Sim loss: 1.63442   
Epoch 3, step 1 / 5. Update No.1 attribute: High_Cheekbones Total loss: 0.54949    Direction loss: 0.54949    Consistency loss: 0.00000    Sim loss: 1.64441   
Epoch 3, step 2 / 5. Update No.1 attribute: High_Cheekbones Total loss: 0.50579    Direction loss: 0.50579    Consistency loss: 0.00000    Sim loss: 1.64367   
Epoch 3, step 3 / 5. Update No.1 attribute: High_Cheekbones Total loss: 0.52041    Direction loss: 0.52041    Consistency loss: 0.00000    Sim loss: 1.64532   
Epoch 3, step 4 / 5. Update No.1 attribute: High_Cheekbones Total loss: 0.54428    Direction loss: 0.54146    Consistency loss: 0.00282    Sim loss: 1.65736   
Adjusting learning rate of group 0 to 1.0000e-02.
Epoch 4, step 0 / 5. Update No.1 attribute: High_Cheekbones Total loss: 0.49332    Direction loss: 0.49332    Consistency loss: 0.00000    Sim loss: 1.65506   
Epoch 4, step 1 / 5. Update No.1 attribute: High_Cheekbones Total loss: 0.49388    Direction loss: 0.48915    Consistency loss: 0.00473    Sim loss: 1.65188   
Epoch 4, step 2 / 5. Update No.1 attribute: High_Cheekbones Total loss: 0.50038    Direction loss: 0.50038    Consistency loss: 0.00000    Sim loss: 1.65204   
Epoch 4, step 3 / 5. Update No.1 attribute: High_Cheekbones Total loss: 0.44828    Direction loss: 0.44828    Consistency loss: 0.00000    Sim loss: 1.63552   
Epoch 4, step 4 / 5. Update No.1 attribute: High_Cheekbones Total loss: 0.65106    Direction loss: 0.64448    Consistency loss: 0.00658    Sim loss: 1.67385   
Adjusting learning rate of group 0 to 1.0000e-02.
Epoch 5, step 0 / 5. Update No.1 attribute: High_Cheekbones Total loss: 0.63428    Direction loss: 0.63428    Consistency loss: 0.00000    Sim loss: 1.65320   
Epoch 5, step 1 / 5. Update No.1 attribute: High_Cheekbones Total loss: 0.44285    Direction loss: 0.44285    Consistency loss: 0.00000    Sim loss: 1.62964   
Epoch 5, step 2 / 5. Update No.1 attribute: High_Cheekbones Total loss: 0.45053    Direction loss: 0.45053    Consistency loss: 0.00000    Sim loss: 1.63316   
Epoch 5, step 3 / 5. Update No.1 attribute: High_Cheekbones Total loss: 0.55828    Direction loss: 0.55828    Consistency loss: 0.00000    Sim loss: 1.65043   
Epoch 5, step 4 / 5. Update No.1 attribute: High_Cheekbones Total loss: 0.51215    Direction loss: 0.51215    Consistency loss: 0.00000    Sim loss: 1.63852   
Adjusting learning rate of group 0 to 1.0000e-02.
Epoch 6, step 0 / 5. Update No.1 attribute: High_Cheekbones Total loss: 0.50794    Direction loss: 0.50794    Consistency loss: 0.00000    Sim loss: 1.64115   
Epoch 6, step 1 / 5. Update No.1 attribute: High_Cheekbones Total loss: 0.44033    Direction loss: 0.44033    Consistency loss: 0.00000    Sim loss: 1.63811   
Epoch 6, step 2 / 5. Update No.1 attribute: High_Cheekbones Total loss: 0.42665    Direction loss: 0.42665    Consistency loss: 0.00000    Sim loss: 1.63838   
Epoch 6, step 3 / 5. Update No.1 attribute: High_Cheekbones Total loss: 0.47887    Direction loss: 0.47887    Consistency loss: 0.00000    Sim loss: 1.63949   
Epoch 6, step 4 / 5. Update No.1 attribute: High_Cheekbones Total loss: 0.45516    Direction loss: 0.45516    Consistency loss: 0.00000    Sim loss: 1.64046   
Adjusting learning rate of group 0 to 1.0000e-02.
Epoch 7, step 0 / 5. Update No.1 attribute: High_Cheekbones Total loss: 0.42404    Direction loss: 0.42404    Consistency loss: 0.00000    Sim loss: 1.64230   
Epoch 7, step 1 / 5. Update No.1 attribute: High_Cheekbones Total loss: 0.39902    Direction loss: 0.39902    Consistency loss: 0.00000    Sim loss: 1.65025   
Epoch 7, step 2 / 5. Update No.1 attribute: High_Cheekbones Total loss: 0.49753    Direction loss: 0.49693    Consistency loss: 0.00059    Sim loss: 1.65862   
Epoch 7, step 3 / 5. Update No.1 attribute: High_Cheekbones Total loss: 0.36649    Direction loss: 0.36374    Consistency loss: 0.00274    Sim loss: 1.64546   
Epoch 7, step 4 / 5. Update No.1 attribute: High_Cheekbones Total loss: 0.44169    Direction loss: 0.44169    Consistency loss: 0.00000    Sim loss: 1.63919   
Adjusting learning rate of group 0 to 1.0000e-02.
Epoch 8, step 0 / 5. Update No.1 attribute: High_Cheekbones Total loss: 0.39137    Direction loss: 0.39137    Consistency loss: 0.00000    Sim loss: 1.64220   
Epoch 8, step 1 / 5. Update No.1 attribute: High_Cheekbones Total loss: 0.36852    Direction loss: 0.36852    Consistency loss: 0.00000    Sim loss: 1.62752   
Epoch 8, step 2 / 5. Update No.1 attribute: High_Cheekbones Total loss: 0.48019    Direction loss: 0.48019    Consistency loss: 0.00000    Sim loss: 1.63839   
Epoch 8, step 3 / 5. Update No.1 attribute: High_Cheekbones Total loss: 0.38028    Direction loss: 0.38028    Consistency loss: 0.00000    Sim loss: 1.63214   
Epoch 8, step 4 / 5. Update No.1 attribute: High_Cheekbones Total loss: 0.46769    Direction loss: 0.46769    Consistency loss: 0.00000    Sim loss: 1.63427   
Adjusting learning rate of group 0 to 1.0000e-02.
Epoch 9, step 0 / 5. Update No.1 attribute: High_Cheekbones Total loss: 0.41332    Direction loss: 0.41332    Consistency loss: 0.00000    Sim loss: 1.62426   
Epoch 9, step 1 / 5. Update No.1 attribute: High_Cheekbones Total loss: 0.38493    Direction loss: 0.38493    Consistency loss: 0.00000    Sim loss: 1.61856   
Epoch 9, step 2 / 5. Update No.1 attribute: High_Cheekbones Total loss: 0.41158    Direction loss: 0.41158    Consistency loss: 0.00000    Sim loss: 1.61868   
Epoch 9, step 3 / 5. Update No.1 attribute: High_Cheekbones Total loss: 0.35799    Direction loss: 0.35799    Consistency loss: 0.00000    Sim loss: 1.61578   
Epoch 9, step 4 / 5. Update No.1 attribute: High_Cheekbones Total loss: 0.51511    Direction loss: 0.51511    Consistency loss: 0.00000    Sim loss: 1.63120   
Adjusting learning rate of group 0 to 1.0000e-02.
Epoch 10, step 0 / 5. Update No.1 attribute: High_Cheekbones Total loss: 0.41106    Direction loss: 0.41106    Consistency loss: 0.00000    Sim loss: 1.62232   
Epoch 10, step 1 / 5. Update No.1 attribute: High_Cheekbones Total loss: 0.36786    Direction loss: 0.36786    Consistency loss: 0.00000    Sim loss: 1.61686   
Epoch 10, step 2 / 5. Update No.1 attribute: High_Cheekbones Total loss: 0.34477    Direction loss: 0.34477    Consistency loss: 0.00000    Sim loss: 1.62599   
Epoch 10, step 3 / 5. Update No.1 attribute: High_Cheekbones Total loss: 0.45517    Direction loss: 0.45517    Consistency loss: 0.00000    Sim loss: 1.63393   
Epoch 10, step 4 / 5. Update No.1 attribute: High_Cheekbones Total loss: 0.32895    Direction loss: 0.32895    Consistency loss: 0.00000    Sim loss: 1.63133   
Adjusting learning rate of group 0 to 5.0000e-03.
Successfully save FairTokens!
Successfully save Models!
Epoch 11, step 0 / 5. Update No.1 attribute: High_Cheekbones Total loss: 0.32845    Direction loss: 0.32845    Consistency loss: 0.00000    Sim loss: 1.62130   
Epoch 11, step 1 / 5. Update No.1 attribute: High_Cheekbones Total loss: 0.48134    Direction loss: 0.48134    Consistency loss: 0.00000    Sim loss: 1.64056   
Epoch 11, step 2 / 5. Update No.1 attribute: High_Cheekbones Total loss: 0.36964    Direction loss: 0.36964    Consistency loss: 0.00000    Sim loss: 1.63033   
Epoch 11, step 3 / 5. Update No.1 attribute: High_Cheekbones Total loss: 0.40652    Direction loss: 0.40652    Consistency loss: 0.00000    Sim loss: 1.63376   
Epoch 11, step 4 / 5. Update No.1 attribute: High_Cheekbones Total loss: 0.32666    Direction loss: 0.32666    Consistency loss: 0.00000    Sim loss: 1.62456   
Adjusting learning rate of group 0 to 5.0000e-03.
Epoch 12, step 0 / 5. Update No.1 attribute: High_Cheekbones Total loss: 0.36545    Direction loss: 0.36545    Consistency loss: 0.00000    Sim loss: 1.62820   
Epoch 12, step 1 / 5. Update No.1 attribute: High_Cheekbones Total loss: 0.41394    Direction loss: 0.41394    Consistency loss: 0.00000    Sim loss: 1.62945   
Epoch 12, step 2 / 5. Update No.1 attribute: High_Cheekbones Total loss: 0.38984    Direction loss: 0.38984    Consistency loss: 0.00000    Sim loss: 1.63323   
Epoch 12, step 3 / 5. Update No.1 attribute: High_Cheekbones Total loss: 0.33867    Direction loss: 0.33867    Consistency loss: 0.00000    Sim loss: 1.63317   
Epoch 12, step 4 / 5. Update No.1 attribute: High_Cheekbones Total loss: 0.28665    Direction loss: 0.28665    Consistency loss: 0.00000    Sim loss: 1.61412   
Adjusting learning rate of group 0 to 5.0000e-03.
Epoch 13, step 0 / 5. Update No.1 attribute: High_Cheekbones Total loss: 0.32839    Direction loss: 0.32839    Consistency loss: 0.00000    Sim loss: 1.62360   
Epoch 13, step 1 / 5. Update No.1 attribute: High_Cheekbones Total loss: 0.37243    Direction loss: 0.37243    Consistency loss: 0.00000    Sim loss: 1.62243   
Epoch 13, step 2 / 5. Update No.1 attribute: High_Cheekbones Total loss: 0.39726    Direction loss: 0.39726    Consistency loss: 0.00000    Sim loss: 1.63684   
Epoch 13, step 3 / 5. Update No.1 attribute: High_Cheekbones Total loss: 0.29421    Direction loss: 0.29421    Consistency loss: 0.00000    Sim loss: 1.62128   
Epoch 13, step 4 / 5. Update No.1 attribute: High_Cheekbones Total loss: 0.27491    Direction loss: 0.27491    Consistency loss: 0.00000    Sim loss: 1.61702   
Adjusting learning rate of group 0 to 5.0000e-03.
Epoch 14, step 0 / 5. Update No.1 attribute: High_Cheekbones Total loss: 0.26381    Direction loss: 0.26381    Consistency loss: 0.00000    Sim loss: 1.61241   
Epoch 14, step 1 / 5. Update No.1 attribute: High_Cheekbones Total loss: 0.29156    Direction loss: 0.29156    Consistency loss: 0.00000    Sim loss: 1.62563   
Epoch 14, step 2 / 5. Update No.1 attribute: High_Cheekbones Total loss: 0.41138    Direction loss: 0.41138    Consistency loss: 0.00000    Sim loss: 1.63391   
Epoch 14, step 3 / 5. Update No.1 attribute: High_Cheekbones Total loss: 0.35173    Direction loss: 0.35173    Consistency loss: 0.00000    Sim loss: 1.62539   
Epoch 14, step 4 / 5. Update No.1 attribute: High_Cheekbones Total loss: 0.46412    Direction loss: 0.46412    Consistency loss: 0.00000    Sim loss: 1.62719   
Adjusting learning rate of group 0 to 5.0000e-03.
Epoch 15, step 0 / 5. Update No.1 attribute: High_Cheekbones Total loss: 0.31800    Direction loss: 0.31800    Consistency loss: 0.00000    Sim loss: 1.61647   
Epoch 15, step 1 / 5. Update No.1 attribute: High_Cheekbones Total loss: 0.45696    Direction loss: 0.45696    Consistency loss: 0.00000    Sim loss: 1.63395   
Epoch 15, step 2 / 5. Update No.1 attribute: High_Cheekbones Total loss: 0.26163    Direction loss: 0.26163    Consistency loss: 0.00000    Sim loss: 1.60788   
Epoch 15, step 3 / 5. Update No.1 attribute: High_Cheekbones Total loss: 0.36893    Direction loss: 0.36893    Consistency loss: 0.00000    Sim loss: 1.62954   
Epoch 15, step 4 / 5. Update No.1 attribute: High_Cheekbones Total loss: 0.38219    Direction loss: 0.38219    Consistency loss: 0.00000    Sim loss: 1.61705   
Adjusting learning rate of group 0 to 5.0000e-03.
Epoch 16, step 0 / 5. Update No.1 attribute: High_Cheekbones Total loss: 0.38055    Direction loss: 0.38055    Consistency loss: 0.00000    Sim loss: 1.62733   
Epoch 16, step 1 / 5. Update No.1 attribute: High_Cheekbones Total loss: 0.30306    Direction loss: 0.30306    Consistency loss: 0.00000    Sim loss: 1.61022   
Epoch 16, step 2 / 5. Update No.1 attribute: High_Cheekbones Total loss: 0.42474    Direction loss: 0.42474    Consistency loss: 0.00000    Sim loss: 1.62461   
Epoch 16, step 3 / 5. Update No.1 attribute: High_Cheekbones Total loss: 0.31587    Direction loss: 0.31587    Consistency loss: 0.00000    Sim loss: 1.60746   
Epoch 16, step 4 / 5. Update No.1 attribute: High_Cheekbones Total loss: 0.29519    Direction loss: 0.29519    Consistency loss: 0.00000    Sim loss: 1.60666   
Adjusting learning rate of group 0 to 5.0000e-03.
Epoch 17, step 0 / 5. Update No.1 attribute: High_Cheekbones Total loss: 0.29204    Direction loss: 0.29204    Consistency loss: 0.00000    Sim loss: 1.60640   
Epoch 17, step 1 / 5. Update No.1 attribute: High_Cheekbones Total loss: 0.35156    Direction loss: 0.35156    Consistency loss: 0.00000    Sim loss: 1.61897   
Epoch 17, step 2 / 5. Update No.1 attribute: High_Cheekbones Total loss: 0.23749    Direction loss: 0.23749    Consistency loss: 0.00000    Sim loss: 1.60445   
Epoch 17, step 3 / 5. Update No.1 attribute: High_Cheekbones Total loss: 0.53773    Direction loss: 0.53773    Consistency loss: 0.00000    Sim loss: 1.62804   
Epoch 17, step 4 / 5. Update No.1 attribute: High_Cheekbones Total loss: 0.38493    Direction loss: 0.38493    Consistency loss: 0.00000    Sim loss: 1.61569   
Adjusting learning rate of group 0 to 5.0000e-03.
Epoch 18, step 0 / 5. Update No.1 attribute: High_Cheekbones Total loss: 0.28731    Direction loss: 0.28731    Consistency loss: 0.00000    Sim loss: 1.60981   
Epoch 18, step 1 / 5. Update No.1 attribute: High_Cheekbones Total loss: 0.33221    Direction loss: 0.33221    Consistency loss: 0.00000    Sim loss: 1.61934   
Epoch 18, step 2 / 5. Update No.1 attribute: High_Cheekbones Total loss: 0.31997    Direction loss: 0.31997    Consistency loss: 0.00000    Sim loss: 1.61135   
Epoch 18, step 3 / 5. Update No.1 attribute: High_Cheekbones Total loss: 0.25365    Direction loss: 0.25365    Consistency loss: 0.00000    Sim loss: 1.61339   
Epoch 18, step 4 / 5. Update No.1 attribute: High_Cheekbones Total loss: 0.49883    Direction loss: 0.49883    Consistency loss: 0.00000    Sim loss: 1.63162   
Adjusting learning rate of group 0 to 5.0000e-03.
Epoch 19, step 0 / 5. Update No.1 attribute: High_Cheekbones Total loss: 0.43318    Direction loss: 0.43318    Consistency loss: 0.00000    Sim loss: 1.62424   
Epoch 19, step 1 / 5. Update No.1 attribute: High_Cheekbones Total loss: 0.33516    Direction loss: 0.33516    Consistency loss: 0.00000    Sim loss: 1.62274   
Epoch 19, step 2 / 5. Update No.1 attribute: High_Cheekbones Total loss: 0.27593    Direction loss: 0.27593    Consistency loss: 0.00000    Sim loss: 1.61311   
Epoch 19, step 3 / 5. Update No.1 attribute: High_Cheekbones Total loss: 0.28139    Direction loss: 0.28139    Consistency loss: 0.00000    Sim loss: 1.61714   
Epoch 19, step 4 / 5. Update No.1 attribute: High_Cheekbones Total loss: 0.37849    Direction loss: 0.37849    Consistency loss: 0.00000    Sim loss: 1.61558   
Adjusting learning rate of group 0 to 5.0000e-03.

  0%|          | 0/30 [00:00<?, ?it/s]
  3%|▎         | 1/30 [00:03<01:53,  3.91s/it]
  7%|▋         | 2/30 [00:07<01:42,  3.65s/it]
 10%|█         | 3/30 [00:10<01:36,  3.56s/it]
 13%|█▎        | 4/30 [00:14<01:31,  3.52s/it]
 17%|█▋        | 5/30 [00:17<01:27,  3.50s/it]
 20%|██        | 6/30 [00:21<01:23,  3.48s/it]
 23%|██▎       | 7/30 [00:24<01:19,  3.48s/it]
 27%|██▋       | 8/30 [00:28<01:16,  3.47s/it]
 30%|███       | 9/30 [00:31<01:12,  3.47s/it]
 33%|███▎      | 10/30 [00:35<01:09,  3.47s/it]
 37%|███▋      | 11/30 [00:38<01:05,  3.46s/it]
 40%|████      | 12/30 [00:41<01:02,  3.46s/it]
 43%|████▎     | 13/30 [00:45<00:58,  3.46s/it]
 47%|████▋     | 14/30 [00:48<00:55,  3.46s/it]
 50%|█████     | 15/30 [00:52<00:51,  3.46s/it]
 53%|█████▎    | 16/30 [00:55<00:48,  3.46s/it]
 57%|█████▋    | 17/30 [00:59<00:44,  3.46s/it]
 60%|██████    | 18/30 [01:02<00:41,  3.46s/it]
 63Epoch 20, step 0 / 5. Update No.1 attribute: High_Cheekbones Total loss: 0.37191    Direction loss: 0.37191    Consistency loss: 0.00000    Sim loss: 1.62286   
Epoch 20, step 1 / 5. Update No.1 attribute: High_Cheekbones Total loss: 0.34514    Direction loss: 0.34514    Consistency loss: 0.00000    Sim loss: 1.62462   
Epoch 20, step 2 / 5. Update No.1 attribute: High_Cheekbones Total loss: 0.25741    Direction loss: 0.25741    Consistency loss: 0.00000    Sim loss: 1.60178   
Epoch 20, step 3 / 5. Update No.1 attribute: High_Cheekbones Total loss: 0.32520    Direction loss: 0.32520    Consistency loss: 0.00000    Sim loss: 1.61582   
Epoch 20, step 4 / 5. Update No.1 attribute: High_Cheekbones Total loss: 0.28367    Direction loss: 0.28367    Consistency loss: 0.00000    Sim loss: 1.60324   
Adjusting learning rate of group 0 to 5.0000e-03.
Successfully save FairTokens!
Successfully save Models!
Epoch 21, step 0 / 5. Update No.1 attribute: High_Cheekbones Total loss: 0.33668    Direction loss: 0.33668    Consistency loss: 0.00000    Sim loss: 1.61173   
Epoch 21, step 1 / 5. Update No.1 attribute: High_Cheekbones Total loss: 0.35736    Direction loss: 0.35736    Consistency loss: 0.00000    Sim loss: 1.61231   
Epoch 21, step 2 / 5. Update No.1 attribute: High_Cheekbones Total loss: 0.29343    Direction loss: 0.29343    Consistency loss: 0.00000    Sim loss: 1.61707   
Epoch 21, step 3 / 5. Update No.1 attribute: High_Cheekbones Total loss: 0.25120    Direction loss: 0.25120    Consistency loss: 0.00000    Sim loss: 1.60580   
Epoch 21, step 4 / 5. Update No.1 attribute: High_Cheekbones Total loss: 0.37584    Direction loss: 0.37584    Consistency loss: 0.00000    Sim loss: 1.62514   
Adjusting learning rate of group 0 to 5.0000e-03.
Epoch 22, step 0 / 5. Update No.1 attribute: High_Cheekbones Total loss: 0.27031    Direction loss: 0.27031    Consistency loss: 0.00000    Sim loss: 1.61803   
Epoch 22, step 1 / 5. Update No.1 attribute: High_Cheekbones Total loss: 0.27544    Direction loss: 0.27544    Consistency loss: 0.00000    Sim loss: 1.61730   
Epoch 22, step 2 / 5. Update No.1 attribute: High_Cheekbones Total loss: 0.31146    Direction loss: 0.31146    Consistency loss: 0.00000    Sim loss: 1.61547   
Epoch 22, step 3 / 5. Update No.1 attribute: High_Cheekbones Total loss: 0.30527    Direction loss: 0.30527    Consistency loss: 0.00000    Sim loss: 1.61439   
Epoch 22, step 4 / 5. Update No.1 attribute: High_Cheekbones Total loss: 0.34968    Direction loss: 0.34968    Consistency loss: 0.00000    Sim loss: 1.61286   
Adjusting learning rate of group 0 to 5.0000e-03.
Epoch 23, step 0 / 5. Update No.1 attribute: High_Cheekbones Total loss: 0.29594    Direction loss: 0.29594    Consistency loss: 0.00000    Sim loss: 1.61182   
Epoch 23, step 1 / 5. Update No.1 attribute: High_Cheekbones Total loss: 0.30994    Direction loss: 0.30994    Consistency loss: 0.00000    Sim loss: 1.61404   
Epoch 23, step 2 / 5. Update No.1 attribute: High_Cheekbones Total loss: 0.27605    Direction loss: 0.27605    Consistency loss: 0.00000    Sim loss: 1.61301   
Epoch 23, step 3 / 5. Update No.1 attribute: High_Cheekbones Total loss: 0.27874    Direction loss: 0.27874    Consistency loss: 0.00000    Sim loss: 1.61186   
Epoch 23, step 4 / 5. Update No.1 attribute: High_Cheekbones Total loss: 0.33973    Direction loss: 0.33973    Consistency loss: 0.00000    Sim loss: 1.61788   
Adjusting learning rate of group 0 to 5.0000e-03.
Epoch 24, step 0 / 5. Update No.1 attribute: High_Cheekbones Total loss: 0.33880    Direction loss: 0.33880    Consistency loss: 0.00000    Sim loss: 1.60930   
Epoch 24, step 1 / 5. Update No.1 attribute: High_Cheekbones Total loss: 0.26617    Direction loss: 0.26617    Consistency loss: 0.00000    Sim loss: 1.61564   
Epoch 24, step 2 / 5. Update No.1 attribute: High_Cheekbones Total loss: 0.29473    Direction loss: 0.29473    Consistency loss: 0.00000    Sim loss: 1.61917   
Epoch 24, step 3 / 5. Update No.1 attribute: High_Cheekbones Total loss: 0.35028    Direction loss: 0.35028    Consistency loss: 0.00000    Sim loss: 1.60748   
Epoch 24, step 4 / 5. Update No.1 attribute: High_Cheekbones Total loss: 0.27441    Direction loss: 0.27441    Consistency loss: 0.00000    Sim loss: 1.60824   
Adjusting learning rate of group 0 to 5.0000e-03.
Epoch 25, step 0 / 5. Update No.1 attribute: High_Cheekbones Total loss: 0.27614    Direction loss: 0.27614    Consistency loss: 0.00000    Sim loss: 1.60697   
Epoch 25, step 1 / 5. Update No.1 attribute: High_Cheekbones Total loss: 0.29703    Direction loss: 0.29703    Consistency loss: 0.00000    Sim loss: 1.60281   
Epoch 25, step 2 / 5. Update No.1 attribute: High_Cheekbones Total loss: 0.35044    Direction loss: 0.35044    Consistency loss: 0.00000    Sim loss: 1.61057   
Epoch 25, step 3 / 5. Update No.1 attribute: High_Cheekbones Total loss: 0.27297    Direction loss: 0.27297    Consistency loss: 0.00000    Sim loss: 1.60527   
Epoch 25, step 4 / 5. Update No.1 attribute: High_Cheekbones Total loss: 0.29460    Direction loss: 0.29460    Consistency loss: 0.00000    Sim loss: 1.60640   
Adjusting learning rate of group 0 to 5.0000e-03.
Epoch 26, step 0 / 5. Update No.1 attribute: High_Cheekbones Total loss: 0.33887    Direction loss: 0.33887    Consistency loss: 0.00000    Sim loss: 1.60253   
Epoch 26, step 1 / 5. Update No.1 attribute: High_Cheekbones Total loss: 0.32664    Direction loss: 0.32664    Consistency loss: 0.00000    Sim loss: 1.61003   
Epoch 26, step 2 / 5. Update No.1 attribute: High_Cheekbones Total loss: 0.24971    Direction loss: 0.24971    Consistency loss: 0.00000    Sim loss: 1.59922   
Epoch 26, step 3 / 5. Update No.1 attribute: High_Cheekbones Total loss: 0.26062    Direction loss: 0.26062    Consistency loss: 0.00000    Sim loss: 1.60873   
Epoch 26, step 4 / 5. Update No.1 attribute: High_Cheekbones Total loss: 0.42986    Direction loss: 0.42986    Consistency loss: 0.00000    Sim loss: 1.62930   
Adjusting learning rate of group 0 to 5.0000e-03.
Epoch 27, step 0 / 5. Update No.1 attribute: High_Cheekbones Total loss: 0.33186    Direction loss: 0.33186    Consistency loss: 0.00000    Sim loss: 1.61827   
Epoch 27, step 1 / 5. Update No.1 attribute: High_Cheekbones Total loss: 0.30821    Direction loss: 0.30821    Consistency loss: 0.00000    Sim loss: 1.60417   
Epoch 27, step 2 / 5. Update No.1 attribute: High_Cheekbones Total loss: 0.27042    Direction loss: 0.27042    Consistency loss: 0.00000    Sim loss: 1.61358   
Epoch 27, step 3 / 5. Update No.1 attribute: High_Cheekbones Total loss: 0.34249    Direction loss: 0.34249    Consistency loss: 0.00000    Sim loss: 1.61434   
Epoch 27, step 4 / 5. Update No.1 attribute: High_Cheekbones Total loss: 0.26195    Direction loss: 0.26195    Consistency loss: 0.00000    Sim loss: 1.61164   
Adjusting learning rate of group 0 to 5.0000e-03.
Epoch 28, step 0 / 5. Update No.1 attribute: High_Cheekbones Total loss: 0.28552    Direction loss: 0.28552    Consistency loss: 0.00000    Sim loss: 1.61353   
Epoch 28, step 1 / 5. Update No.1 attribute: High_Cheekbones Total loss: 0.22973    Direction loss: 0.22973    Consistency loss: 0.00000    Sim loss: 1.61885   
Epoch 28, step 2 / 5. Update No.1 attribute: High_Cheekbones Total loss: 0.27219    Direction loss: 0.27219    Consistency loss: 0.00000    Sim loss: 1.61600   
Epoch 28, step 3 / 5. Update No.1 attribute: High_Cheekbones Total loss: 0.40696    Direction loss: 0.40696    Consistency loss: 0.00000    Sim loss: 1.61722   
Epoch 28, step 4 / 5. Update No.1 attribute: High_Cheekbones Total loss: 0.23111    Direction loss: 0.23111    Consistency loss: 0.00000    Sim loss: 1.60653   
Adjusting learning rate of group 0 to 5.0000e-03.
Epoch 29, step 0 / 5. Update No.1 attribute: High_Cheekbones Total loss: 0.21032    Direction loss: 0.21032    Consistency loss: 0.00000    Sim loss: 1.60574   
Epoch 29, step 1 / 5. Update No.1 attribute: High_Cheekbones Total loss: 0.31612    Direction loss: 0.31612    Consistency loss: 0.00000    Sim loss: 1.60524   
Epoch 29, step 2 / 5. Update No.1 attribute: High_Cheekbones Total loss: 0.33842    Direction loss: 0.33842    Consistency loss: 0.00000    Sim loss: 1.61482   
Epoch 29, step 3 / 5. Update No.1 attribute: High_Cheekbones Total loss: 0.27916    Direction loss: 0.27916    Consistency loss: 0.00000    Sim loss: 1.61099   
Epoch 29, step 4 / 5. Update No.1 attribute: High_Cheekbones Total loss: 0.36149    Direction loss: 0.36149    Consistency loss: 0.00000    Sim loss: 1.61284   
Adjusting learning rate of group 0 to 5.0000e-03.
Epoch 30, step 0 / 5. Update No.1 attribute: High_Cheekbones Total loss: 0.30203    Direction loss: 0.30203    Consistency loss: 0.00000    Sim loss: 1.60584   
Epoch 30, step 1 / 5. Update No.1 attribute: High_Cheekbones Total loss: 0.28500    Direction loss: 0.28500    Consistency loss: 0.00000    Sim loss: 1.60485   
Epoch 30, step 2 / 5. Update No.1 attribute: High_Cheekbones Total loss: 0.24757    Direction loss: 0.24757    Consistency loss: 0.00000    Sim loss: 1.60025   
Epoch 30, step 3 / 5. Update No.1 attribute: High_Cheekbones Total loss: 0.43399    Direction loss: 0.43399    Consistency loss: 0.00000    Sim loss: 1.61275   
Epoch 30, step 4 / 5. Update No.1 attribute: High_Cheekbones Total loss: 0.29069    Direction loss: 0.29069    Consistency loss: 0.00000    Sim loss: 1.60955   
Adjusting learning rate of group 0 to 5.0000e-03.
Successfully save FairTokens!
Successfully save Models!