
%|██████▎   | 19/30 [01:06<00:38,  3.46s/it]
 67%|██████▋   | 20/30 [01:09<00:34,  3.46s/it]
 70%|███████   | 21/30 [01:13<00:31,  3.46s/it]
 73%|███████▎  | 22/30 [01:16<00:27,  3.46s/it]
 77%|███████▋  | 23/30 [01:19<00:24,  3.46s/it]
 80%|████████  | 24/30 [01:23<00:20,  3.46s/it]
 83%|████████▎ | 25/30 [01:26<00:17,  3.46s/it]
 87%|████████▋ | 26/30 [01:30<00:13,  3.46s/it]
 90%|█████████ | 27/30 [01:33<00:10,  3.46s/it]
 93%|█████████▎| 28/30 [01:37<00:06,  3.46s/it]
 97%|█████████▋| 29/30 [01:40<00:03,  3.46s/it]
100%|██████████| 30/30 [01:44<00:00,  3.46s/it]
100%|██████████| 30/30 [01:44<00:00,  3.47s/it]
Device used for training the model cuda
Adjusting learning rate of group 0 to 1.0000e-02.
Epoch 1, step 0 / 5. Update No.1 attribute: Receding_Hairline Total loss: 1.62245    Direction loss: nan        Consistency loss: 0.00000    Sim loss: 1.62245   
Epoch 1, step 1 / 5. Update No.1 attribute: Receding_Hairline Total loss: 1.23747    Direction loss: 0.99305    Consistency loss: 0.24442    Sim loss: 1.62210   
Epoch 1, step 2 / 5. Update No.1 attribute: Receding_Hairline Total loss: 0.83192    Direction loss: 0.82584    Consistency loss: 0.00608    Sim loss: 1.59503   
Epoch 1, step 3 / 5. Update No.1 attribute: Receding_Hairline Total loss: 0.70227    Direction loss: 0.70227    Consistency loss: 0.00000    Sim loss: 1.61426   
Epoch 1, step 4 / 5. Update No.1 attribute: Receding_Hairline Total loss: 0.76166    Direction loss: 0.75501    Consistency loss: 0.00665    Sim loss: 1.65574   
Adjusting learning rate of group 0 to 1.0000e-02.
Epoch 2, step 0 / 5. Update No.1 attribute: Receding_Hairline Total loss: 0.68523    Direction loss: 0.68523    Consistency loss: 0.00000    Sim loss: 1.63809   
Epoch 2, step 1 / 5. Update No.1 attribute: Receding_Hairline Total loss: 0.57087    Direction loss: 0.57087    Consistency loss: 0.00000    Sim loss: 1.63468   
Epoch 2, step 2 / 5. Update No.1 attribute: Receding_Hairline Total loss: 0.71895    Direction loss: 0.69771    Consistency loss: 0.02124    Sim loss: 1.66103   
Epoch 2, step 3 / 5. Update No.1 attribute: Receding_Hairline Total loss: 0.70095    Direction loss: 0.68506    Consistency loss: 0.01589    Sim loss: 1.66622   
Epoch 2, step 4 / 5. Update No.1 attribute: Receding_Hairline Total loss: 0.45568    Direction loss: 0.45568    Consistency loss: 0.00000    Sim loss: 1.63621   
Adjusting learning rate of group 0 to 1.0000e-02.
Epoch 3, step 0 / 5. Update No.1 attribute: Receding_Hairline Total loss: 0.43259    Direction loss: 0.43259    Consistency loss: 0.00000    Sim loss: 1.63974   
Epoch 3, step 1 / 5. Update No.1 attribute: Receding_Hairline Total loss: 0.58985    Direction loss: 0.58985    Consistency loss: 0.00000    Sim loss: 1.65331   
Epoch 3, step 2 / 5. Update No.1 attribute: Receding_Hairline Total loss: 0.56446    Direction loss: 0.56446    Consistency loss: 0.00000    Sim loss: 1.64751   
Epoch 3, step 3 / 5. Update No.1 attribute: Receding_Hairline Total loss: 0.48286    Direction loss: 0.48286    Consistency loss: 0.00000    Sim loss: 1.63806   
Epoch 3, step 4 / 5. Update No.1 attribute: Receding_Hairline Total loss: 0.45541    Direction loss: 0.44316    Consistency loss: 0.01225    Sim loss: 1.64934   
Adjusting learning rate of group 0 to 1.0000e-02.
Epoch 4, step 0 / 5. Update No.1 attribute: Receding_Hairline Total loss: 0.38185    Direction loss: 0.37783    Consistency loss: 0.00402    Sim loss: 1.63194   
Epoch 4, step 1 / 5. Update No.1 attribute: Receding_Hairline Total loss: 0.44853    Direction loss: 0.44853    Consistency loss: 0.00000    Sim loss: 1.63719   
Epoch 4, step 2 / 5. Update No.1 attribute: Receding_Hairline Total loss: 0.50654    Direction loss: 0.50654    Consistency loss: 0.00000    Sim loss: 1.64331   
Epoch 4, step 3 / 5. Update No.1 attribute: Receding_Hairline Total loss: 0.42054    Direction loss: 0.42054    Consistency loss: 0.00000    Sim loss: 1.63643   
Epoch 4, step 4 / 5. Update No.1 attribute: Receding_Hairline Total loss: 0.58916    Direction loss: 0.58916    Consistency loss: 0.00000    Sim loss: 1.65845   
Adjusting learning rate of group 0 to 1.0000e-02.
Epoch 5, step 0 / 5. Update No.1 attribute: Receding_Hairline Total loss: 0.38907    Direction loss: 0.38907    Consistency loss: 0.00000    Sim loss: 1.63678   
Epoch 5, step 1 / 5. Update No.1 attribute: Receding_Hairline Total loss: 0.41967    Direction loss: 0.41967    Consistency loss: 0.00000    Sim loss: 1.65217   
Epoch 5, step 2 / 5. Update No.1 attribute: Receding_Hairline Total loss: 0.46387    Direction loss: 0.46387    Consistency loss: 0.00000    Sim loss: 1.65657   
Epoch 5, step 3 / 5. Update No.1 attribute: Receding_Hairline Total loss: 0.41796    Direction loss: 0.41253    Consistency loss: 0.00543    Sim loss: 1.65324   
Epoch 5, step 4 / 5. Update No.1 attribute: Receding_Hairline Total loss: 0.37154    Direction loss: 0.37154    Consistency loss: 0.00000    Sim loss: 1.65193   
Adjusting learning rate of group 0 to 1.0000e-02.
Epoch 6, step 0 / 5. Update No.1 attribute: Receding_Hairline Total loss: 0.34675    Direction loss: 0.34675    Consistency loss: 0.00000    Sim loss: 1.64052   
Epoch 6, step 1 / 5. Update No.1 attribute: Receding_Hairline Total loss: 0.40651    Direction loss: 0.40651    Consistency loss: 0.00000    Sim loss: 1.65257   
Epoch 6, step 2 / 5. Update No.1 attribute: Receding_Hairline Total loss: 0.44022    Direction loss: 0.44022    Consistency loss: 0.00000    Sim loss: 1.64637   
Epoch 6, step 3 / 5. Update No.1 attribute: Receding_Hairline Total loss: 0.37033    Direction loss: 0.37033    Consistency loss: 0.00000    Sim loss: 1.64933   
Epoch 6, step 4 / 5. Update No.1 attribute: Receding_Hairline Total loss: 0.38156    Direction loss: 0.38007    Consistency loss: 0.00148    Sim loss: 1.64163   
Adjusting learning rate of group 0 to 1.0000e-02.
Epoch 7, step 0 / 5. Update No.1 attribute: Receding_Hairline Total loss: 0.40471    Direction loss: 0.40471    Consistency loss: 0.00000    Sim loss: 1.65559   
Epoch 7, step 1 / 5. Update No.1 attribute: Receding_Hairline Total loss: 0.33214    Direction loss: 0.33214    Consistency loss: 0.00000    Sim loss: 1.64273   
Epoch 7, step 2 / 5. Update No.1 attribute: Receding_Hairline Total loss: 0.49990    Direction loss: 0.49990    Consistency loss: 0.00000    Sim loss: 1.65961   
Epoch 7, step 3 / 5. Update No.1 attribute: Receding_Hairline Total loss: 0.33539    Direction loss: 0.33134    Consistency loss: 0.00405    Sim loss: 1.65664   
Epoch 7, step 4 / 5. Update No.1 attribute: Receding_Hairline Total loss: 0.38890    Direction loss: 0.38890    Consistency loss: 0.00000    Sim loss: 1.63533   
Adjusting learning rate of group 0 to 1.0000e-02.
Epoch 8, step 0 / 5. Update No.1 attribute: Receding_Hairline Total loss: 0.40082    Direction loss: 0.40082    Consistency loss: 0.00000    Sim loss: 1.64763   
Epoch 8, step 1 / 5. Update No.1 attribute: Receding_Hairline Total loss: 0.38201    Direction loss: 0.38201    Consistency loss: 0.00000    Sim loss: 1.65029   
Epoch 8, step 2 / 5. Update No.1 attribute: Receding_Hairline Total loss: 0.36523    Direction loss: 0.36523    Consistency loss: 0.00000    Sim loss: 1.64907   
Epoch 8, step 3 / 5. Update No.1 attribute: Receding_Hairline Total loss: 0.29623    Direction loss: 0.29623    Consistency loss: 0.00000    Sim loss: 1.63846   
Epoch 8, step 4 / 5. Update No.1 attribute: Receding_Hairline Total loss: 0.30230    Direction loss: 0.30230    Consistency loss: 0.00000    Sim loss: 1.64577   
Adjusting learning rate of group 0 to 1.0000e-02.
Epoch 9, step 0 / 5. Update No.1 attribute: Receding_Hairline Total loss: 0.38872    Direction loss: 0.38872    Consistency loss: 0.00000    Sim loss: 1.64846   
Epoch 9, step 1 / 5. Update No.1 attribute: Receding_Hairline Total loss: 0.45256    Direction loss: 0.45256    Consistency loss: 0.00000    Sim loss: 1.65797   
Epoch 9, step 2 / 5. Update No.1 attribute: Receding_Hairline Total loss: 0.29690    Direction loss: 0.29690    Consistency loss: 0.00000    Sim loss: 1.63195   
Epoch 9, step 3 / 5. Update No.1 attribute: Receding_Hairline Total loss: 0.30142    Direction loss: 0.30142    Consistency loss: 0.00000    Sim loss: 1.64971   
Epoch 9, step 4 / 5. Update No.1 attribute: Receding_Hairline Total loss: 0.37693    Direction loss: 0.37563    Consistency loss: 0.00130    Sim loss: 1.66019   
Adjusting learning rate of group 0 to 1.0000e-02.
Epoch 10, step 0 / 5. Update No.1 attribute: Receding_Hairline Total loss: 0.50035    Direction loss: 0.50035    Consistency loss: 0.00000    Sim loss: 1.66965   
Epoch 10, step 1 / 5. Update No.1 attribute: Receding_Hairline Total loss: 0.33249    Direction loss: 0.33249    Consistency loss: 0.00000    Sim loss: 1.64898   
Epoch 10, step 2 / 5. Update No.1 attribute: Receding_Hairline Total loss: 0.27781    Direction loss: 0.27781    Consistency loss: 0.00000    Sim loss: 1.64927   
Epoch 10, step 3 / 5. Update No.1 attribute: Receding_Hairline Total loss: 0.31027    Direction loss: 0.30948    Consistency loss: 0.00080    Sim loss: 1.65480   
Epoch 10, step 4 / 5. Update No.1 attribute: Receding_Hairline Total loss: 0.34524    Direction loss: 0.34524    Consistency loss: 0.00000    Sim loss: 1.65459   
Adjusting learning rate of group 0 to 5.0000e-03.
Successfully save FairTokens!
Successfully save Models!
Epoch 11, step 0 / 5. Update No.1 attribute: Receding_Hairline Total loss: 0.26127    Direction loss: 0.26127    Consistency loss: 0.00000    Sim loss: 1.63122   
Epoch 11, step 1 / 5. Update No.1 attribute: Receding_Hairline Total loss: 0.46439    Direction loss: 0.46439    Consistency loss: 0.00000    Sim loss: 1.65246   
Epoch 11, step 2 / 5. Update No.1 attribute: Receding_Hairline Total loss: 0.44582    Direction loss: 0.44582    Consistency loss: 0.00000    Sim loss: 1.66810   
Epoch 11, step 3 / 5. Update No.1 attribute: Receding_Hairline Total loss: 0.26881    Direction loss: 0.26881    Consistency loss: 0.00000    Sim loss: 1.63703   
Epoch 11, step 4 / 5. Update No.1 attribute: Receding_Hairline Total loss: 0.31110    Direction loss: 0.31110    Consistency loss: 0.00000    Sim loss: 1.64591   
Adjusting learning rate of group 0 to 5.0000e-03.
Epoch 12, step 0 / 5. Update No.1 attribute: Receding_Hairline Total loss: 0.40263    Direction loss: 0.40263    Consistency loss: 0.00000    Sim loss: 1.66018   
Epoch 12, step 1 / 5. Update No.1 attribute: Receding_Hairline Total loss: 0.31970    Direction loss: 0.31970    Consistency loss: 0.00000    Sim loss: 1.64553   
Epoch 12, step 2 / 5. Update No.1 attribute: Receding_Hairline Total loss: 0.33427    Direction loss: 0.33427    Consistency loss: 0.00000    Sim loss: 1.65575   
Epoch 12, step 3 / 5. Update No.1 attribute: Receding_Hairline Total loss: 0.28024    Direction loss: 0.28024    Consistency loss: 0.00000    Sim loss: 1.63956   
Epoch 12, step 4 / 5. Update No.1 attribute: Receding_Hairline Total loss: 0.29852    Direction loss: 0.29852    Consistency loss: 0.00000    Sim loss: 1.65309   
Adjusting learning rate of group 0 to 5.0000e-03.
Epoch 13, step 0 / 5. Update No.1 attribute: Receding_Hairline Total loss: 0.27930    Direction loss: 0.27817    Consistency loss: 0.00113    Sim loss: 1.64789   
Epoch 13, step 1 / 5. Update No.1 attribute: Receding_Hairline Total loss: 0.33409    Direction loss: 0.33409    Consistency loss: 0.00000    Sim loss: 1.66061   
Epoch 13, step 2 / 5. Update No.1 attribute: Receding_Hairline Total loss: 0.34206    Direction loss: 0.34206    Consistency loss: 0.00000    Sim loss: 1.64103   
Epoch 13, step 3 / 5. Update No.1 attribute: Receding_Hairline Total loss: 0.28794    Direction loss: 0.28794    Consistency loss: 0.00000    Sim loss: 1.64242   
Epoch 13, step 4 / 5. Update No.1 attribute: Receding_Hairline Total loss: 0.33936    Direction loss: 0.33936    Consistency loss: 0.00000    Sim loss: 1.65712   
Adjusting learning rate of group 0 to 5.0000e-03.
Epoch 14, step 0 / 5. Update No.1 attribute: Receding_Hairline Total loss: 0.30816    Direction loss: 0.30816    Consistency loss: 0.00000    Sim loss: 1.65413   
Epoch 14, step 1 / 5. Update No.1 attribute: Receding_Hairline Total loss: 0.28791    Direction loss: 0.28791    Consistency loss: 0.00000    Sim loss: 1.63206   
Epoch 14, step 2 / 5. Update No.1 attribute: Receding_Hairline Total loss: 0.40750    Direction loss: 0.40750    Consistency loss: 0.00000    Sim loss: 1.66136   
Epoch 14, step 3 / 5. Update No.1 attribute: Receding_Hairline Total loss: 0.31782    Direction loss: 0.31782    Consistency loss: 0.00000    Sim loss: 1.64694   
Epoch 14, step 4 / 5. Update No.1 attribute: Receding_Hairline Total loss: 0.23802    Direction loss: 0.23802    Consistency loss: 0.00000    Sim loss: 1.62422   
Adjusting learning rate of group 0 to 5.0000e-03.
Epoch 15, step 0 / 5. Update No.1 attribute: Receding_Hairline Total loss: 0.33255    Direction loss: 0.33255    Consistency loss: 0.00000    Sim loss: 1.65086   
Epoch 15, step 1 / 5. Update No.1 attribute: Receding_Hairline Total loss: 0.31109    Direction loss: 0.31109    Consistency loss: 0.00000    Sim loss: 1.65166   
Epoch 15, step 2 / 5. Update No.1 attribute: Receding_Hairline Total loss: 0.24846    Direction loss: 0.24846    Consistency loss: 0.00000    Sim loss: 1.64044   
Epoch 15, step 3 / 5. Update No.1 attribute: Receding_Hairline Total loss: 0.31908    Direction loss: 0.31908    Consistency loss: 0.00000    Sim loss: 1.64147   
Epoch 15, step 4 / 5. Update No.1 attribute: Receding_Hairline Total loss: 0.28449    Direction loss: 0.28449    Consistency loss: 0.00000    Sim loss: 1.64291   
Adjusting learning rate of group 0 to 5.0000e-03.
Epoch 16, step 0 / 5. Update No.1 attribute: Receding_Hairline Total loss: 0.30217    Direction loss: 0.30217    Consistency loss: 0.00000    Sim loss: 1.63840   
Epoch 16, step 1 / 5. Update No.1 attribute: Receding_Hairline Total loss: 0.23253    Direction loss: 0.23227    Consistency loss: 0.00026    Sim loss: 1.62898   
Epoch 16, step 2 / 5. Update No.1 attribute: Receding_Hairline Total loss: 0.33772    Direction loss: 0.33772    Consistency loss: 0.00000    Sim loss: 1.65115   
Epoch 16, step 3 / 5. Update No.1 attribute: Receding_Hairline Total loss: 0.33569    Direction loss: 0.33569    Consistency loss: 0.00000    Sim loss: 1.64844   
Epoch 16, step 4 / 5. Update No.1 attribute: Receding_Hairline Total loss: 0.41365    Direction loss: 0.41365    Consistency loss: 0.00000    Sim loss: 1.65361   
Adjusting learning rate of group 0 to 5.0000e-03.
Epoch 17, step 0 / 5. Update No.1 attribute: Receding_Hairline Total loss: 0.29823    Direction loss: 0.29823    Consistency loss: 0.00000    Sim loss: 1.63864   
Epoch 17, step 1 / 5. Update No.1 attribute: Receding_Hairline Total loss: 0.33008    Direction loss: 0.33008    Consistency loss: 0.00000    Sim loss: 1.64648   
Epoch 17, step 2 / 5. Update No.1 attribute: Receding_Hairline Total loss: 0.34489    Direction loss: 0.34489    Consistency loss: 0.00000    Sim loss: 1.64438   
Epoch 17, step 3 / 5. Update No.1 attribute: Receding_Hairline Total loss: 0.30494    Direction loss: 0.30494    Consistency loss: 0.00000    Sim loss: 1.63438   
Epoch 17, step 4 / 5. Update No.1 attribute: Receding_Hairline Total loss: 0.30924    Direction loss: 0.30924    Consistency loss: 0.00000    Sim loss: 1.63792   
Adjusting learning rate of group 0 to 5.0000e-03.
Epoch 18, step 0 / 5. Update No.1 attribute: Receding_Hairline Total loss: 0.24250    Direction loss: 0.24250    Consistency loss: 0.00000    Sim loss: 1.62922   
Epoch 18, step 1 / 5. Update No.1 attribute: Receding_Hairline Total loss: 0.35667    Direction loss: 0.35667    Consistency loss: 0.00000    Sim loss: 1.64667   
Epoch 18, step 2 / 5. Update No.1 attribute: Receding_Hairline Total loss: 0.37720    Direction loss: 0.37720    Consistency loss: 0.00000    Sim loss: 1.65623   
Epoch 18, step 3 / 5. Update No.1 attribute: Receding_Hairline Total loss: 0.27890    Direction loss: 0.27890    Consistency loss: 0.00000    Sim loss: 1.64096   
Epoch 18, step 4 / 5. Update No.1 attribute: Receding_Hairline Total loss: 0.31538    Direction loss: 0.31538    Consistency loss: 0.00000    Sim loss: 1.63537   
Adjusting learning rate of group 0 to 5.0000e-03.
Epoch 19, step 0 / 5. Update No.1 attribute: Receding_Hairline Total loss: 0.34717    Direction loss: 0.34717    Consistency loss: 0.00000    Sim loss: 1.64419   
Epoch 19, step 1 / 5. Update No.1 attribute: Receding_Hairline Total loss: 0.30399    Direction loss: 0.30399    Consistency loss: 0.00000    Sim loss: 1.63959   
Epoch 19, step 2 / 5. Update No.1 attribute: Receding_Hairline Total loss: 0.34036    Direction loss: 0.34036    Consistency loss: 0.00000    Sim loss: 1.65199   
Epoch 19, step 3 / 5. Update No.1 attribute: Receding_Hairline Total loss: 0.26192    Direction loss: 0.26192    Consistency loss: 0.00000    Sim loss: 1.63441   
Epoch 19, step 4 / 5. Update No.1 attribute: Receding_Hairline Total loss: 0.27704    Direction loss: 0.27704    Consistency loss: 0.00000    Sim loss: 1.63947   
Adjusting learning rate of group 0 to 5.0000e-03.

  0%|          | 0/30 [00:00<?, ?it/s]
  3%|▎         | 1/30 [00:03<01:55,  3.98s/it]
  7%|▋         | 2/30 [00:07<01:42,  3.67s/it]
 10%|█         | 3/30 [00:10<01:36,  3.57s/it]
 13%|█▎        | 4/30 [00:14<01:31,  3.53s/it]
 17%|█▋        | 5/30 [00:17<01:27,  3.50s/it]
 20%|██        | 6/30 [00:21<01:23,  3.48s/it]
 23%|██▎       | 7/30 [00:24<01:19,  3.47s/it]
 27%|██▋       | 8/30 [00:28<01:16,  3.47s/it]
 30%|███       | 9/30 [00:31<01:12,  3.46s/it]
 33%|███▎      | 10/30 [00:35<01:09,  3.46s/it]
 37%|███▋      | 11/30 [00:38<01:05,  3.46s/it]
 40%|████      | 12/30 [00:41<01:02,  3.46s/it]
 43%|████▎     | 13/30 [00:45<00:58,  3.46s/it]
 47%|████▋     | 14/30 [00:48<00:55,  3.46s/it]
 50%|█████     | 15/30 [00:52<00:51,  3.46s/it]
 53%|█████▎    | 16/30 [00:55<00:48,  3.45s/it]
 57%|█████▋    | 17/30 [00:59<00:44,  3.45s/it]
 60%|██████    | 18/30 [01:02<00:41,  3.45s/it]
 63Epoch 20, step 0 / 5. Update No.1 attribute: Receding_Hairline Total loss: 0.19685    Direction loss: 0.19611    Consistency loss: 0.00075    Sim loss: 1.62853   
Epoch 20, step 1 / 5. Update No.1 attribute: Receding_Hairline Total loss: 0.34486    Direction loss: 0.34486    Consistency loss: 0.00000    Sim loss: 1.63910   
Epoch 20, step 2 / 5. Update No.1 attribute: Receding_Hairline Total loss: 0.26475    Direction loss: 0.26475    Consistency loss: 0.00000    Sim loss: 1.63799   
Epoch 20, step 3 / 5. Update No.1 attribute: Receding_Hairline Total loss: 0.34967    Direction loss: 0.34967    Consistency loss: 0.00000    Sim loss: 1.63741   
Epoch 20, step 4 / 5. Update No.1 attribute: Receding_Hairline Total loss: 0.37358    Direction loss: 0.37358    Consistency loss: 0.00000    Sim loss: 1.65175   
Adjusting learning rate of group 0 to 5.0000e-03.
Successfully save FairTokens!
Successfully save Models!
Epoch 21, step 0 / 5. Update No.1 attribute: Receding_Hairline Total loss: 0.36741    Direction loss: 0.36741    Consistency loss: 0.00000    Sim loss: 1.64760   
Epoch 21, step 1 / 5. Update No.1 attribute: Receding_Hairline Total loss: 0.24425    Direction loss: 0.24425    Consistency loss: 0.00000    Sim loss: 1.61713   
Epoch 21, step 2 / 5. Update No.1 attribute: Receding_Hairline Total loss: 0.21831    Direction loss: 0.21831    Consistency loss: 0.00000    Sim loss: 1.61477   
Epoch 21, step 3 / 5. Update No.1 attribute: Receding_Hairline Total loss: 0.31866    Direction loss: 0.31866    Consistency loss: 0.00000    Sim loss: 1.63518   
Epoch 21, step 4 / 5. Update No.1 attribute: Receding_Hairline Total loss: 0.47169    Direction loss: 0.47169    Consistency loss: 0.00000    Sim loss: 1.65416   
Adjusting learning rate of group 0 to 5.0000e-03.
Epoch 22, step 0 / 5. Update No.1 attribute: Receding_Hairline Total loss: 0.37323    Direction loss: 0.37323    Consistency loss: 0.00000    Sim loss: 1.64166   
Epoch 22, step 1 / 5. Update No.1 attribute: Receding_Hairline Total loss: 0.21064    Direction loss: 0.21064    Consistency loss: 0.00000    Sim loss: 1.62317   
Epoch 22, step 2 / 5. Update No.1 attribute: Receding_Hairline Total loss: 0.32876    Direction loss: 0.32876    Consistency loss: 0.00000    Sim loss: 1.64248   
Epoch 22, step 3 / 5. Update No.1 attribute: Receding_Hairline Total loss: 0.29670    Direction loss: 0.29670    Consistency loss: 0.00000    Sim loss: 1.63311   
Epoch 22, step 4 / 5. Update No.1 attribute: Receding_Hairline Total loss: 0.28136    Direction loss: 0.28136    Consistency loss: 0.00000    Sim loss: 1.64122   
Adjusting learning rate of group 0 to 5.0000e-03.
Epoch 23, step 0 / 5. Update No.1 attribute: Receding_Hairline Total loss: 0.26984    Direction loss: 0.26984    Consistency loss: 0.00000    Sim loss: 1.64176   
Epoch 23, step 1 / 5. Update No.1 attribute: Receding_Hairline Total loss: 0.29981    Direction loss: 0.29981    Consistency loss: 0.00000    Sim loss: 1.63978   
Epoch 23, step 2 / 5. Update No.1 attribute: Receding_Hairline Total loss: 0.31075    Direction loss: 0.31075    Consistency loss: 0.00000    Sim loss: 1.64580   
Epoch 23, step 3 / 5. Update No.1 attribute: Receding_Hairline Total loss: 0.29508    Direction loss: 0.29508    Consistency loss: 0.00000    Sim loss: 1.63990   
Epoch 23, step 4 / 5. Update No.1 attribute: Receding_Hairline Total loss: 0.24598    Direction loss: 0.24585    Consistency loss: 0.00012    Sim loss: 1.62895   
Adjusting learning rate of group 0 to 5.0000e-03.
Epoch 24, step 0 / 5. Update No.1 attribute: Receding_Hairline Total loss: 0.21825    Direction loss: 0.21825    Consistency loss: 0.00000    Sim loss: 1.62708   
Epoch 24, step 1 / 5. Update No.1 attribute: Receding_Hairline Total loss: 0.35094    Direction loss: 0.35094    Consistency loss: 0.00000    Sim loss: 1.64349   
Epoch 24, step 2 / 5. Update No.1 attribute: Receding_Hairline Total loss: 0.29643    Direction loss: 0.29643    Consistency loss: 0.00000    Sim loss: 1.62516   
Epoch 24, step 3 / 5. Update No.1 attribute: Receding_Hairline Total loss: 0.27599    Direction loss: 0.27599    Consistency loss: 0.00000    Sim loss: 1.63121   
Epoch 24, step 4 / 5. Update No.1 attribute: Receding_Hairline Total loss: 0.25021    Direction loss: 0.25021    Consistency loss: 0.00000    Sim loss: 1.62212   
Adjusting learning rate of group 0 to 5.0000e-03.
Epoch 25, step 0 / 5. Update No.1 attribute: Receding_Hairline Total loss: 0.32110    Direction loss: 0.32110    Consistency loss: 0.00000    Sim loss: 1.63146   
Epoch 25, step 1 / 5. Update No.1 attribute: Receding_Hairline Total loss: 0.34652    Direction loss: 0.34652    Consistency loss: 0.00000    Sim loss: 1.63665   
Epoch 25, step 2 / 5. Update No.1 attribute: Receding_Hairline Total loss: 0.25747    Direction loss: 0.25747    Consistency loss: 0.00000    Sim loss: 1.63221   
Epoch 25, step 3 / 5. Update No.1 attribute: Receding_Hairline Total loss: 0.22361    Direction loss: 0.22361    Consistency loss: 0.00000    Sim loss: 1.62311   
Epoch 25, step 4 / 5. Update No.1 attribute: Receding_Hairline Total loss: 0.30340    Direction loss: 0.30340    Consistency loss: 0.00000    Sim loss: 1.62883   
Adjusting learning rate of group 0 to 5.0000e-03.
Epoch 26, step 0 / 5. Update No.1 attribute: Receding_Hairline Total loss: 0.29561    Direction loss: 0.29561    Consistency loss: 0.00000    Sim loss: 1.63561   
Epoch 26, step 1 / 5. Update No.1 attribute: Receding_Hairline Total loss: 0.24122    Direction loss: 0.24122    Consistency loss: 0.00000    Sim loss: 1.64108   
Epoch 26, step 2 / 5. Update No.1 attribute: Receding_Hairline Total loss: 0.40577    Direction loss: 0.40577    Consistency loss: 0.00000    Sim loss: 1.65671   
Epoch 26, step 3 / 5. Update No.1 attribute: Receding_Hairline Total loss: 0.22972    Direction loss: 0.22972    Consistency loss: 0.00000    Sim loss: 1.61868   
Epoch 26, step 4 / 5. Update No.1 attribute: Receding_Hairline Total loss: 0.29030    Direction loss: 0.29030    Consistency loss: 0.00000    Sim loss: 1.62138   
Adjusting learning rate of group 0 to 5.0000e-03.
Epoch 27, step 0 / 5. Update No.1 attribute: Receding_Hairline Total loss: 0.20920    Direction loss: 0.20920    Consistency loss: 0.00000    Sim loss: 1.61588   
Epoch 27, step 1 / 5. Update No.1 attribute: Receding_Hairline Total loss: 0.25532    Direction loss: 0.25532    Consistency loss: 0.00000    Sim loss: 1.63247   
Epoch 27, step 2 / 5. Update No.1 attribute: Receding_Hairline Total loss: 0.29865    Direction loss: 0.29865    Consistency loss: 0.00000    Sim loss: 1.64206   
Epoch 27, step 3 / 5. Update No.1 attribute: Receding_Hairline Total loss: 0.30412    Direction loss: 0.30412    Consistency loss: 0.00000    Sim loss: 1.64861   
Epoch 27, step 4 / 5. Update No.1 attribute: Receding_Hairline Total loss: 0.45331    Direction loss: 0.45331    Consistency loss: 0.00000    Sim loss: 1.64237   
Adjusting learning rate of group 0 to 5.0000e-03.
Epoch 28, step 0 / 5. Update No.1 attribute: Receding_Hairline Total loss: 0.35517    Direction loss: 0.35517    Consistency loss: 0.00000    Sim loss: 1.63369   
Epoch 28, step 1 / 5. Update No.1 attribute: Receding_Hairline Total loss: 0.30716    Direction loss: 0.30716    Consistency loss: 0.00000    Sim loss: 1.63257   
Epoch 28, step 2 / 5. Update No.1 attribute: Receding_Hairline Total loss: 0.23936    Direction loss: 0.23936    Consistency loss: 0.00000    Sim loss: 1.62519   
Epoch 28, step 3 / 5. Update No.1 attribute: Receding_Hairline Total loss: 0.28944    Direction loss: 0.28944    Consistency loss: 0.00000    Sim loss: 1.63111   
Epoch 28, step 4 / 5. Update No.1 attribute: Receding_Hairline Total loss: 0.25426    Direction loss: 0.25426    Consistency loss: 0.00000    Sim loss: 1.63251   
Adjusting learning rate of group 0 to 5.0000e-03.
Epoch 29, step 0 / 5. Update No.1 attribute: Receding_Hairline Total loss: 0.20490    Direction loss: 0.20490    Consistency loss: 0.00000    Sim loss: 1.61215   
Epoch 29, step 1 / 5. Update No.1 attribute: Receding_Hairline Total loss: 0.24614    Direction loss: 0.24614    Consistency loss: 0.00000    Sim loss: 1.63589   
Epoch 29, step 2 / 5. Update No.1 attribute: Receding_Hairline Total loss: 0.34598    Direction loss: 0.34598    Consistency loss: 0.00000    Sim loss: 1.64358   
Epoch 29, step 3 / 5. Update No.1 attribute: Receding_Hairline Total loss: 0.23091    Direction loss: 0.23091    Consistency loss: 0.00000    Sim loss: 1.63080   
Epoch 29, step 4 / 5. Update No.1 attribute: Receding_Hairline Total loss: 0.33893    Direction loss: 0.33893    Consistency loss: 0.00000    Sim loss: 1.64580   
Adjusting learning rate of group 0 to 5.0000e-03.
Epoch 30, step 0 / 5. Update No.1 attribute: Receding_Hairline Total loss: 0.31609    Direction loss: 0.31581    Consistency loss: 0.00028    Sim loss: 1.64465   
Epoch 30, step 1 / 5. Update No.1 attribute: Receding_Hairline Total loss: 0.41764    Direction loss: 0.41764    Consistency loss: 0.00000    Sim loss: 1.64279   
Epoch 30, step 2 / 5. Update No.1 attribute: Receding_Hairline Total loss: 0.23849    Direction loss: 0.23849    Consistency loss: 0.00000    Sim loss: 1.62564   
Epoch 30, step 3 / 5. Update No.1 attribute: Receding_Hairline Total loss: 0.23596    Direction loss: 0.23596    Consistency loss: 0.00000    Sim loss: 1.61721   
Epoch 30, step 4 / 5. Update No.1 attribute: Receding_Hairline Total loss: 0.28086    Direction loss: 0.28086    Consistency loss: 0.00000    Sim loss: 1.62739   
Adjusting learning rate of group 0 to 5.0000e-03.
Successfully save FairTokens!
Successfully save Models!
%|██████▎   | 19/30 [01:06<00:38,  3.45s/it]
 67%|██████▋   | 20/30 [01:09<00:34,  3.46s/it]
 70%|███████   | 21/30 [01:13<00:31,  3.46s/it]
 73%|███████▎  | 22/30 [01:16<00:27,  3.46s/it]
 77%|███████▋  | 23/30 [01:19<00:24,  3.45s/it]
 80%|████████  | 24/30 [01:23<00:20,  3.45s/it]
 83%|████████▎ | 25/30 [01:26<00:17,  3.45s/it]
 87%|████████▋ | 26/30 [01:30<00:13,  3.45s/it]
 90%|█████████ | 27/30 [01:33<00:10,  3.45s/it]
 93%|█████████▎| 28/30 [01:37<00:06,  3.45s/it]
 97%|█████████▋| 29/30 [01:40<00:03,  3.45s/it]
100%|██████████| 30/30 [01:44<00:00,  3.46s/it]
100%|██████████| 30/30 [01:44<00:00,  3.47s/it]
Device used for training the model cuda
Adjusting learning rate of group 0 to 1.0000e-02.
Epoch 1, step 0 / 5. Update No.1 attribute: Rosy_Cheeks     Total loss: 1.62429    Direction loss: nan        Consistency loss: 0.00000    Sim loss: 1.62429   
Epoch 1, step 1 / 5. Update No.1 attribute: Rosy_Cheeks     Total loss: 1.22367    Direction loss: 0.91523    Consistency loss: 0.30844    Sim loss: 1.66267   
Epoch 1, step 2 / 5. Update No.1 attribute: Rosy_Cheeks     Total loss: 0.83955    Direction loss: 0.78371    Consistency loss: 0.05584    Sim loss: 1.64528   
Epoch 1, step 3 / 5. Update No.1 attribute: Rosy_Cheeks     Total loss: 0.65682    Direction loss: 0.65682    Consistency loss: 0.00000    Sim loss: 1.60059   
Epoch 1, step 4 / 5. Update No.1 attribute: Rosy_Cheeks     Total loss: 0.61044    Direction loss: 0.59135    Consistency loss: 0.01909    Sim loss: 1.62367   
Adjusting learning rate of group 0 to 1.0000e-02.
Epoch 2, step 0 / 5. Update No.1 attribute: Rosy_Cheeks     Total loss: 0.52061    Direction loss: 0.52061    Consistency loss: 0.00000    Sim loss: 1.61342   
Epoch 2, step 1 / 5. Update No.1 attribute: Rosy_Cheeks     Total loss: 0.53175    Direction loss: 0.53175    Consistency loss: 0.00000    Sim loss: 1.64277   
Epoch 2, step 2 / 5. Update No.1 attribute: Rosy_Cheeks     Total loss: 0.50265    Direction loss: 0.50265    Consistency loss: 0.00000    Sim loss: 1.65891   
Epoch 2, step 3 / 5. Update No.1 attribute: Rosy_Cheeks     Total loss: 0.44589    Direction loss: 0.43522    Consistency loss: 0.01067    Sim loss: 1.66704   
Epoch 2, step 4 / 5. Update No.1 attribute: Rosy_Cheeks     Total loss: 0.40271    Direction loss: 0.39924    Consistency loss: 0.00347    Sim loss: 1.64977   
Adjusting learning rate of group 0 to 1.0000e-02.
Epoch 3, step 0 / 5. Update No.1 attribute: Rosy_Cheeks     Total loss: 0.36374    Direction loss: 0.36374    Consistency loss: 0.00000    Sim loss: 1.63865   
Epoch 3, step 1 / 5. Update No.1 attribute: Rosy_Cheeks     Total loss: 0.44162    Direction loss: 0.44162    Consistency loss: 0.00000    Sim loss: 1.64985   
Epoch 3, step 2 / 5. Update No.1 attribute: Rosy_Cheeks     Total loss: 0.35006    Direction loss: 0.35006    Consistency loss: 0.00000    Sim loss: 1.63415   
Epoch 3, step 3 / 5. Update No.1 attribute: Rosy_Cheeks     Total loss: 0.36509    Direction loss: 0.36509    Consistency loss: 0.00000    Sim loss: 1.65219   
Epoch 3, step 4 / 5. Update No.1 attribute: Rosy_Cheeks     Total loss: 0.38912    Direction loss: 0.38912    Consistency loss: 0.00000    Sim loss: 1.64033   
Adjusting learning rate of group 0 to 1.0000e-02.
Epoch 4, step 0 / 5. Update No.1 attribute: Rosy_Cheeks     Total loss: 0.31086    Direction loss: 0.30854    Consistency loss: 0.00232    Sim loss: 1.64265   
Epoch 4, step 1 / 5. Update No.1 attribute: Rosy_Cheeks     Total loss: 0.35320    Direction loss: 0.35009    Consistency loss: 0.00311    Sim loss: 1.64838   
Epoch 4, step 2 / 5. Update No.1 attribute: Rosy_Cheeks     Total loss: 0.29338    Direction loss: 0.29338    Consistency loss: 0.00000    Sim loss: 1.63529   
Epoch 4, step 3 / 5. Update No.1 attribute: Rosy_Cheeks     Total loss: 0.31349    Direction loss: 0.31349    Consistency loss: 0.00000    Sim loss: 1.65070   
Epoch 4, step 4 / 5. Update No.1 attribute: Rosy_Cheeks     Total loss: 0.32301    Direction loss: 0.32301    Consistency loss: 0.00000    Sim loss: 1.64485   
Adjusting learning rate of group 0 to 1.0000e-02.
Epoch 5, step 0 / 5. Update No.1 attribute: Rosy_Cheeks     Total loss: 0.28574    Direction loss: 0.28574    Consistency loss: 0.00000    Sim loss: 1.64392   
Epoch 5, step 1 / 5. Update No.1 attribute: Rosy_Cheeks     Total loss: 0.34415    Direction loss: 0.34415    Consistency loss: 0.00000    Sim loss: 1.63785   
Epoch 5, step 2 / 5. Update No.1 attribute: Rosy_Cheeks     Total loss: 0.23643    Direction loss: 0.23643    Consistency loss: 0.00000    Sim loss: 1.61519   
Epoch 5, step 3 / 5. Update No.1 attribute: Rosy_Cheeks     Total loss: 0.32912    Direction loss: 0.32912    Consistency loss: 0.00000    Sim loss: 1.64339   
Epoch 5, step 4 / 5. Update No.1 attribute: Rosy_Cheeks     Total loss: 0.27365    Direction loss: 0.27299    Consistency loss: 0.00066    Sim loss: 1.63247   
Adjusting learning rate of group 0 to 1.0000e-02.
Epoch 6, step 0 / 5. Update No.1 attribute: Rosy_Cheeks     Total loss: 0.25737    Direction loss: 0.25737    Consistency loss: 0.00000    Sim loss: 1.64055   
Epoch 6, step 1 / 5. Update No.1 attribute: Rosy_Cheeks     Total loss: 0.24765    Direction loss: 0.24765    Consistency loss: 0.00000    Sim loss: 1.63037   
Epoch 6, step 2 / 5. Update No.1 attribute: Rosy_Cheeks     Total loss: 0.36608    Direction loss: 0.36608    Consistency loss: 0.00000    Sim loss: 1.65616   
Epoch 6, step 3 / 5. Update No.1 attribute: Rosy_Cheeks     Total loss: 0.28441    Direction loss: 0.28441    Consistency loss: 0.00000    Sim loss: 1.63359   
Epoch 6, step 4 / 5. Update No.1 attribute: Rosy_Cheeks     Total loss: 0.22105    Direction loss: 0.22105    Consistency loss: 0.00000    Sim loss: 1.62755   
Adjusting learning rate of group 0 to 1.0000e-02.
Epoch 7, step 0 / 5. Update No.1 attribute: Rosy_Cheeks     Total loss: 0.26498    Direction loss: 0.26470    Consistency loss: 0.00028    Sim loss: 1.64174   
Epoch 7, step 1 / 5. Update No.1 attribute: Rosy_Cheeks     Total loss: 0.25716    Direction loss: 0.25716    Consistency loss: 0.00000    Sim loss: 1.63883   
Epoch 7, step 2 / 5. Update No.1 attribute: Rosy_Cheeks     Total loss: 0.21571    Direction loss: 0.21571    Consistency loss: 0.00000    Sim loss: 1.62414   
Epoch 7, step 3 / 5. Update No.1 attribute: Rosy_Cheeks     Total loss: 0.33926    Direction loss: 0.33926    Consistency loss: 0.00000    Sim loss: 1.64464   
Epoch 7, step 4 / 5. Update No.1 attribute: Rosy_Cheeks     Total loss: 0.28264    Direction loss: 0.28264    Consistency loss: 0.00000    Sim loss: 1.63522   
Adjusting learning rate of group 0 to 1.0000e-02.
Epoch 8, step 0 / 5. Update No.1 attribute: Rosy_Cheeks     Total loss: 0.25781    Direction loss: 0.25781    Consistency loss: 0.00000    Sim loss: 1.63890   
Epoch 8, step 1 / 5. Update No.1 attribute: Rosy_Cheeks     Total loss: 0.25463    Direction loss: 0.25463    Consistency loss: 0.00000    Sim loss: 1.62444   
Epoch 8, step 2 / 5. Update No.1 attribute: Rosy_Cheeks     Total loss: 0.26826    Direction loss: 0.26826    Consistency loss: 0.00000    Sim loss: 1.65097   
Epoch 8, step 3 / 5. Update No.1 attribute: Rosy_Cheeks     Total loss: 0.22856    Direction loss: 0.22856    Consistency loss: 0.00000    Sim loss: 1.61711   
Epoch 8, step 4 / 5. Update No.1 attribute: Rosy_Cheeks     Total loss: 0.25529    Direction loss: 0.25529    Consistency loss: 0.00000    Sim loss: 1.64148   
Adjusting learning rate of group 0 to 1.0000e-02.
Epoch 9, step 0 / 5. Update No.1 attribute: Rosy_Cheeks     Total loss: 0.30228    Direction loss: 0.30228    Consistency loss: 0.00000    Sim loss: 1.64607   
Epoch 9, step 1 / 5. Update No.1 attribute: Rosy_Cheeks     Total loss: 0.25151    Direction loss: 0.25151    Consistency loss: 0.00000    Sim loss: 1.63837   
Epoch 9, step 2 / 5. Update No.1 attribute: Rosy_Cheeks     Total loss: 0.22308    Direction loss: 0.22308    Consistency loss: 0.00000    Sim loss: 1.63280   
Epoch 9, step 3 / 5. Update No.1 attribute: Rosy_Cheeks     Total loss: 0.18211    Direction loss: 0.18211    Consistency loss: 0.00000    Sim loss: 1.61947   
Epoch 9, step 4 / 5. Update No.1 attribute: Rosy_Cheeks     Total loss: 0.18732    Direction loss: 0.18732    Consistency loss: 0.00000    Sim loss: 1.63042   
Adjusting learning rate of group 0 to 1.0000e-02.
Epoch 10, step 0 / 5. Update No.1 attribute: Rosy_Cheeks     Total loss: 0.25447    Direction loss: 0.25447    Consistency loss: 0.00000    Sim loss: 1.63146   
Epoch 10, step 1 / 5. Update No.1 attribute: Rosy_Cheeks     Total loss: 0.21381    Direction loss: 0.21381    Consistency loss: 0.00000    Sim loss: 1.63673   
Epoch 10, step 2 / 5. Update No.1 attribute: Rosy_Cheeks     Total loss: 0.24956    Direction loss: 0.24956    Consistency loss: 0.00000    Sim loss: 1.64706   
Epoch 10, step 3 / 5. Update No.1 attribute: Rosy_Cheeks     Total loss: 0.16992    Direction loss: 0.16992    Consistency loss: 0.00000    Sim loss: 1.61574   
Epoch 10, step 4 / 5. Update No.1 attribute: Rosy_Cheeks     Total loss: 0.22635    Direction loss: 0.22596    Consistency loss: 0.00039    Sim loss: 1.63305   
Adjusting learning rate of group 0 to 5.0000e-03.
Successfully save FairTokens!
Successfully save Models!
Epoch 11, step 0 / 5. Update No.1 attribute: Rosy_Cheeks     Total loss: 0.22161    Direction loss: 0.22161    Consistency loss: 0.00000    Sim loss: 1.62761   
Epoch 11, step 1 / 5. Update No.1 attribute: Rosy_Cheeks     Total loss: 0.19144    Direction loss: 0.19144    Consistency loss: 0.00000    Sim loss: 1.62082   
Epoch 11, step 2 / 5. Update No.1 attribute: Rosy_Cheeks     Total loss: 0.21881    Direction loss: 0.21881    Consistency loss: 0.00000    Sim loss: 1.63325   
Epoch 11, step 3 / 5. Update No.1 attribute: Rosy_Cheeks     Total loss: 0.20726    Direction loss: 0.20726    Consistency loss: 0.00000    Sim loss: 1.64271   
Epoch 11, step 4 / 5. Update No.1 attribute: Rosy_Cheeks     Total loss: 0.20672    Direction loss: 0.20672    Consistency loss: 0.00000    Sim loss: 1.62577   
Adjusting learning rate of group 0 to 5.0000e-03.
Epoch 12, step 0 / 5. Update No.1 attribute: Rosy_Cheeks     Total loss: 0.24096    Direction loss: 0.24096    Consistency loss: 0.00000    Sim loss: 1.63662   
Epoch 12, step 1 / 5. Update No.1 attribute: Rosy_Cheeks     Total loss: 0.22235    Direction loss: 0.22235    Consistency loss: 0.00000    Sim loss: 1.62952   
Epoch 12, step 2 / 5. Update No.1 attribute: Rosy_Cheeks     Total loss: 0.20815    Direction loss: 0.20815    Consistency loss: 0.00000    Sim loss: 1.62655   
Epoch 12, step 3 / 5. Update No.1 attribute: Rosy_Cheeks     Total loss: 0.16632    Direction loss: 0.16632    Consistency loss: 0.00000    Sim loss: 1.62685   
Epoch 12, step 4 / 5. Update No.1 attribute: Rosy_Cheeks     Total loss: 0.20500    Direction loss: 0.20500    Consistency loss: 0.00000    Sim loss: 1.61024   
Adjusting learning rate of group 0 to 5.0000e-03.
Epoch 13, step 0 / 5. Update No.1 attribute: Rosy_Cheeks     Total loss: 0.18353    Direction loss: 0.18353    Consistency loss: 0.00000    Sim loss: 1.61877   
Epoch 13, step 1 / 5. Update No.1 attribute: Rosy_Cheeks     Total loss: 0.24670    Direction loss: 0.24670    Consistency loss: 0.00000    Sim loss: 1.62273   
Epoch 13, step 2 / 5. Update No.1 attribute: Rosy_Cheeks     Total loss: 0.27321    Direction loss: 0.27321    Consistency loss: 0.00000    Sim loss: 1.64719   
Epoch 13, step 3 / 5. Update No.1 attribute: Rosy_Cheeks     Total loss: 0.18880    Direction loss: 0.18880    Consistency loss: 0.00000    Sim loss: 1.62464   
Epoch 13, step 4 / 5. Update No.1 attribute: Rosy_Cheeks     Total loss: 0.17956    Direction loss: 0.17956    Consistency loss: 0.00000    Sim loss: 1.62909   
Adjusting learning rate of group 0 to 5.0000e-03.
Epoch 14, step 0 / 5. Update No.1 attribute: Rosy_Cheeks     Total loss: 0.20904    Direction loss: 0.20904    Consistency loss: 0.00000    Sim loss: 1.62671   
Epoch 14, step 1 / 5. Update No.1 attribute: Rosy_Cheeks     Total loss: 0.17531    Direction loss: 0.17531    Consistency loss: 0.00000    Sim loss: 1.61178   
Epoch 14, step 2 / 5. Update No.1 attribute: Rosy_Cheeks     Total loss: 0.15516    Direction loss: 0.15516    Consistency loss: 0.00000    Sim loss: 1.61610   
Epoch 14, step 3 / 5. Update No.1 attribute: Rosy_Cheeks     Total loss: 0.26468    Direction loss: 0.26468    Consistency loss: 0.00000    Sim loss: 1.63700   
Epoch 14, step 4 / 5. Update No.1 attribute: Rosy_Cheeks     Total loss: 0.25185    Direction loss: 0.25185    Consistency loss: 0.00000    Sim loss: 1.64196   
Adjusting learning rate of group 0 to 5.0000e-03.
Epoch 15, step 0 / 5. Update No.1 attribute: Rosy_Cheeks     Total loss: 0.16673    Direction loss: 0.16673    Consistency loss: 0.00000    Sim loss: 1.62175   
Epoch 15, step 1 / 5. Update No.1 attribute: Rosy_Cheeks     Total loss: 0.19294    Direction loss: 0.19294    Consistency loss: 0.00000    Sim loss: 1.63444   
Epoch 15, step 2 / 5. Update No.1 attribute: Rosy_Cheeks     Total loss: 0.27542    Direction loss: 0.27542    Consistency loss: 0.00000    Sim loss: 1.64823   
Epoch 15, step 3 / 5. Update No.1 attribute: Rosy_Cheeks     Total loss: 0.20147    Direction loss: 0.20147    Consistency loss: 0.00000    Sim loss: 1.62382   
Epoch 15, step 4 / 5. Update No.1 attribute: Rosy_Cheeks     Total loss: 0.15743    Direction loss: 0.15743    Consistency loss: 0.00000    Sim loss: 1.62176   
Adjusting learning rate of group 0 to 5.0000e-03.
Epoch 16, step 0 / 5. Update No.1 attribute: Rosy_Cheeks     Total loss: 0.18788    Direction loss: 0.18788    Consistency loss: 0.00000    Sim loss: 1.63485   
Epoch 16, step 1 / 5. Update No.1 attribute: Rosy_Cheeks     Total loss: 0.26849    Direction loss: 0.26849    Consistency loss: 0.00000    Sim loss: 1.63817   
Epoch 16, step 2 / 5. Update No.1 attribute: Rosy_Cheeks     Total loss: 0.13021    Direction loss: 0.13021    Consistency loss: 0.00000    Sim loss: 1.61213   
Epoch 16, step 3 / 5. Update No.1 attribute: Rosy_Cheeks     Total loss: 0.25751    Direction loss: 0.25751    Consistency loss: 0.00000    Sim loss: 1.64366   
Epoch 16, step 4 / 5. Update No.1 attribute: Rosy_Cheeks     Total loss: 0.18346    Direction loss: 0.18346    Consistency loss: 0.00000    Sim loss: 1.61693   
Adjusting learning rate of group 0 to 5.0000e-03.
Epoch 17, step 0 / 5. Update No.1 attribute: Rosy_Cheeks     Total loss: 0.15568    Direction loss: 0.15568    Consistency loss: 0.00000    Sim loss: 1.61188   
Epoch 17, step 1 / 5. Update No.1 attribute: Rosy_Cheeks     Total loss: 0.17832    Direction loss: 0.17832    Consistency loss: 0.00000    Sim loss: 1.62092   
Epoch 17, step 2 / 5. Update No.1 attribute: Rosy_Cheeks     Total loss: 0.18756    Direction loss: 0.18756    Consistency loss: 0.00000    Sim loss: 1.63268   
Epoch 17, step 3 / 5. Update No.1 attribute: Rosy_Cheeks     Total loss: 0.22710    Direction loss: 0.22648    Consistency loss: 0.00062    Sim loss: 1.63148   
Epoch 17, step 4 / 5. Update No.1 attribute: Rosy_Cheeks     Total loss: 0.20583    Direction loss: 0.20583    Consistency loss: 0.00000    Sim loss: 1.62201   
Adjusting learning rate of group 0 to 5.0000e-03.
Epoch 18, step 0 / 5. Update No.1 attribute: Rosy_Cheeks     Total loss: 0.17885    Direction loss: 0.17885    Consistency loss: 0.00000    Sim loss: 1.62612   
Epoch 18, step 1 / 5. Update No.1 attribute: Rosy_Cheeks     Total loss: 0.15683    Direction loss: 0.15683    Consistency loss: 0.00000    Sim loss: 1.62721   
Epoch 18, step 2 / 5. Update No.1 attribute: Rosy_Cheeks     Total loss: 0.18519    Direction loss: 0.18519    Consistency loss: 0.00000    Sim loss: 1.62281   
Epoch 18, step 3 / 5. Update No.1 attribute: Rosy_Cheeks     Total loss: 0.20764    Direction loss: 0.20764    Consistency loss: 0.00000    Sim loss: 1.62672   
Epoch 18, step 4 / 5. Update No.1 attribute: Rosy_Cheeks     Total loss: 0.16704    Direction loss: 0.16704    Consistency loss: 0.00000    Sim loss: 1.61797   
Adjusting learning rate of group 0 to 5.0000e-03.
Epoch 19, step 0 / 5. Update No.1 attribute: Rosy_Cheeks     Total loss: 0.18180    Direction loss: 0.18180    Consistency loss: 0.00000    Sim loss: 1.61732   
Epoch 19, step 1 / 5. Update No.1 attribute: Rosy_Cheeks     Total loss: 0.16537    Direction loss: 0.16537    Consistency loss: 0.00000    Sim loss: 1.60783   
Epoch 19, step 2 / 5. Update No.1 attribute: Rosy_Cheeks     Total loss: 0.16901    Direction loss: 0.16901    Consistency loss: 0.00000    Sim loss: 1.61548   
Epoch 19, step 3 / 5. Update No.1 attribute: Rosy_Cheeks     Total loss: 0.31768    Direction loss: 0.31768    Consistency loss: 0.00000    Sim loss: 1.64912   
Epoch 19, step 4 / 5. Update No.1 attribute: Rosy_Cheeks     Total loss: 0.16482    Direction loss: 0.16482    Consistency loss: 0.00000    Sim loss: 1.60663   
Adjusting learning rate of group 0 to 5.0000e-03.

  0%|          | 0/30 [00:00<?, ?it/s]
  3%|▎         | 1/30 [00:03<01:54,  3.95s/it]
  7%|▋         | 2/30 [00:07<01:42,  3.66s/it]
 10%|█         | 3/30 [00:10<01:36,  3.56s/it]
 13%|█▎        | 4/30 [00:14<01:31,  3.52s/it]
 17%|█▋        | 5/30 [00:17<01:27,  3.49s/it]
 20%|██        | 6/30 [00:21<01:23,  3.48s/it]
 23%|██▎       | 7/30 [00:24<01:19,  3.47s/it]
 27%|██▋       | 8/30 [00:28<01:16,  3.46s/it]
 30%|███       | 9/30 [00:31<01:12,  3.46s/it]
 33%|███▎      | 10/30 [00:35<01:09,  3.46s/it]
 37%|███▋      | 11/30 [00:38<01:05,  3.46s/it]
 40%|████      | 12/30 [00:41<01:02,  3.46s/it]
 43%|████▎     | 13/30 [00:45<00:58,  3.45s/it]
 47%|████▋     | 14/30 [00:48<00:55,  3.45s/it]
 50%|█████     | 15/30 [00:52<00:51,  3.45s/it]
 53%|█████▎    | 16/30 [00:55<00:48,  3.45s/it]
 57%|█████▋    | 17/30 [00:59<00:44,  3.45s/it]
 60%|██████    | 18/30 [01:02<00:41,  3.45s/it]
 63Epoch 20, step 0 / 5. Update No.1 attribute: Rosy_Cheeks     Total loss: 0.19618    Direction loss: 0.19618    Consistency loss: 0.00000    Sim loss: 1.62567   
Epoch 20, step 1 / 5. Update No.1 attribute: Rosy_Cheeks     Total loss: 0.16516    Direction loss: 0.16516    Consistency loss: 0.00000    Sim loss: 1.61507   
Epoch 20, step 2 / 5. Update No.1 attribute: Rosy_Cheeks     Total loss: 0.15730    Direction loss: 0.15730    Consistency loss: 0.00000    Sim loss: 1.62113   
Epoch 20, step 3 / 5. Update No.1 attribute: Rosy_Cheeks     Total loss: 0.22161    Direction loss: 0.22161    Consistency loss: 0.00000    Sim loss: 1.62058   
Epoch 20, step 4 / 5. Update No.1 attribute: Rosy_Cheeks     Total loss: 0.18455    Direction loss: 0.18455    Consistency loss: 0.00000    Sim loss: 1.61968   
Adjusting learning rate of group 0 to 5.0000e-03.
Successfully save FairTokens!
Successfully save Models!
Epoch 21, step 0 / 5. Update No.1 attribute: Rosy_Cheeks     Total loss: 0.24281    Direction loss: 0.24281    Consistency loss: 0.00000    Sim loss: 1.63606   
Epoch 21, step 1 / 5. Update No.1 attribute: Rosy_Cheeks     Total loss: 0.12894    Direction loss: 0.12894    Consistency loss: 0.00000    Sim loss: 1.60550   
Epoch 21, step 2 / 5. Update No.1 attribute: Rosy_Cheeks     Total loss: 0.18395    Direction loss: 0.18395    Consistency loss: 0.00000    Sim loss: 1.61897   
Epoch 21, step 3 / 5. Update No.1 attribute: Rosy_Cheeks     Total loss: 0.18758    Direction loss: 0.18758    Consistency loss: 0.00000    Sim loss: 1.62860   
Epoch 21, step 4 / 5. Update No.1 attribute: Rosy_Cheeks     Total loss: 0.16086    Direction loss: 0.16086    Consistency loss: 0.00000    Sim loss: 1.61796   
Adjusting learning rate of group 0 to 5.0000e-03.
Epoch 22, step 0 / 5. Update No.1 attribute: Rosy_Cheeks     Total loss: 0.16261    Direction loss: 0.16261    Consistency loss: 0.00000    Sim loss: 1.62828   
Epoch 22, step 1 / 5. Update No.1 attribute: Rosy_Cheeks     Total loss: 0.16361    Direction loss: 0.16361    Consistency loss: 0.00000    Sim loss: 1.62676   
Epoch 22, step 2 / 5. Update No.1 attribute: Rosy_Cheeks     Total loss: 0.19184    Direction loss: 0.19184    Consistency loss: 0.00000    Sim loss: 1.62280   
Epoch 22, step 3 / 5. Update No.1 attribute: Rosy_Cheeks     Total loss: 0.18956    Direction loss: 0.18956    Consistency loss: 0.00000    Sim loss: 1.61591   
Epoch 22, step 4 / 5. Update No.1 attribute: Rosy_Cheeks     Total loss: 0.16069    Direction loss: 0.16069    Consistency loss: 0.00000    Sim loss: 1.61339   
Adjusting learning rate of group 0 to 5.0000e-03.
Epoch 23, step 0 / 5. Update No.1 attribute: Rosy_Cheeks     Total loss: 0.15145    Direction loss: 0.15145    Consistency loss: 0.00000    Sim loss: 1.61546   
Epoch 23, step 1 / 5. Update No.1 attribute: Rosy_Cheeks     Total loss: 0.12464    Direction loss: 0.12464    Consistency loss: 0.00000    Sim loss: 1.61220   
Epoch 23, step 2 / 5. Update No.1 attribute: Rosy_Cheeks     Total loss: 0.19695    Direction loss: 0.19695    Consistency loss: 0.00000    Sim loss: 1.62796   
Epoch 23, step 3 / 5. Update No.1 attribute: Rosy_Cheeks     Total loss: 0.16731    Direction loss: 0.16731    Consistency loss: 0.00000    Sim loss: 1.62149   
Epoch 23, step 4 / 5. Update No.1 attribute: Rosy_Cheeks     Total loss: 0.16758    Direction loss: 0.16758    Consistency loss: 0.00000    Sim loss: 1.63389   
Adjusting learning rate of group 0 to 5.0000e-03.
Epoch 24, step 0 / 5. Update No.1 attribute: Rosy_Cheeks     Total loss: 0.13499    Direction loss: 0.13499    Consistency loss: 0.00000    Sim loss: 1.61351   
Epoch 24, step 1 / 5. Update No.1 attribute: Rosy_Cheeks     Total loss: 0.20185    Direction loss: 0.20185    Consistency loss: 0.00000    Sim loss: 1.62676   
Epoch 24, step 2 / 5. Update No.1 attribute: Rosy_Cheeks     Total loss: 0.17012    Direction loss: 0.17012    Consistency loss: 0.00000    Sim loss: 1.62255   
Epoch 24, step 3 / 5. Update No.1 attribute: Rosy_Cheeks     Total loss: 0.18646    Direction loss: 0.18646    Consistency loss: 0.00000    Sim loss: 1.62505   
Epoch 24, step 4 / 5. Update No.1 attribute: Rosy_Cheeks     Total loss: 0.14736    Direction loss: 0.14736    Consistency loss: 0.00000    Sim loss: 1.61257   
Adjusting learning rate of group 0 to 5.0000e-03.
Epoch 25, step 0 / 5. Update No.1 attribute: Rosy_Cheeks     Total loss: 0.18997    Direction loss: 0.18997    Consistency loss: 0.00000    Sim loss: 1.62264   
Epoch 25, step 1 / 5. Update No.1 attribute: Rosy_Cheeks     Total loss: 0.13905    Direction loss: 0.13905    Consistency loss: 0.00000    Sim loss: 1.60575   
Epoch 25, step 2 / 5. Update No.1 attribute: Rosy_Cheeks     Total loss: 0.22717    Direction loss: 0.22717    Consistency loss: 0.00000    Sim loss: 1.63191   
Epoch 25, step 3 / 5. Update No.1 attribute: Rosy_Cheeks     Total loss: 0.14859    Direction loss: 0.14859    Consistency loss: 0.00000    Sim loss: 1.61341   
Epoch 25, step 4 / 5. Update No.1 attribute: Rosy_Cheeks     Total loss: 0.14598    Direction loss: 0.14598    Consistency loss: 0.00000    Sim loss: 1.61580   
Adjusting learning rate of group 0 to 5.0000e-03.
Epoch 26, step 0 / 5. Update No.1 attribute: Rosy_Cheeks     Total loss: 0.15551    Direction loss: 0.15551    Consistency loss: 0.00000    Sim loss: 1.62312   
Epoch 26, step 1 / 5. Update No.1 attribute: Rosy_Cheeks     Total loss: 0.15839    Direction loss: 0.15839    Consistency loss: 0.00000    Sim loss: 1.60651   
Epoch 26, step 2 / 5. Update No.1 attribute: Rosy_Cheeks     Total loss: 0.19587    Direction loss: 0.19587    Consistency loss: 0.00000    Sim loss: 1.63074   
Epoch 26, step 3 / 5. Update No.1 attribute: Rosy_Cheeks     Total loss: 0.19795    Direction loss: 0.19795    Consistency loss: 0.00000    Sim loss: 1.62481   
Epoch 26, step 4 / 5. Update No.1 attribute: Rosy_Cheeks     Total loss: 0.19947    Direction loss: 0.19947    Consistency loss: 0.00000    Sim loss: 1.62873   
Adjusting learning rate of group 0 to 5.0000e-03.
Epoch 27, step 0 / 5. Update No.1 attribute: Rosy_Cheeks     Total loss: 0.12351    Direction loss: 0.12351    Consistency loss: 0.00000    Sim loss: 1.60742   
Epoch 27, step 1 / 5. Update No.1 attribute: Rosy_Cheeks     Total loss: 0.21250    Direction loss: 0.21250    Consistency loss: 0.00000    Sim loss: 1.65204   
Epoch 27, step 2 / 5. Update No.1 attribute: Rosy_Cheeks     Total loss: 0.16076    Direction loss: 0.16076    Consistency loss: 0.00000    Sim loss: 1.62383   
Epoch 27, step 3 / 5. Update No.1 attribute: Rosy_Cheeks     Total loss: 0.18907    Direction loss: 0.18907    Consistency loss: 0.00000    Sim loss: 1.62179   
Epoch 27, step 4 / 5. Update No.1 attribute: Rosy_Cheeks     Total loss: 0.16095    Direction loss: 0.16095    Consistency loss: 0.00000    Sim loss: 1.60545   
Adjusting learning rate of group 0 to 5.0000e-03.
Epoch 28, step 0 / 5. Update No.1 attribute: Rosy_Cheeks     Total loss: 0.12242    Direction loss: 0.12242    Consistency loss: 0.00000    Sim loss: 1.59784   
Epoch 28, step 1 / 5. Update No.1 attribute: Rosy_Cheeks     Total loss: 0.21253    Direction loss: 0.21253    Consistency loss: 0.00000    Sim loss: 1.63086   
Epoch 28, step 2 / 5. Update No.1 attribute: Rosy_Cheeks     Total loss: 0.14789    Direction loss: 0.14789    Consistency loss: 0.00000    Sim loss: 1.61719   
Epoch 28, step 3 / 5. Update No.1 attribute: Rosy_Cheeks     Total loss: 0.15874    Direction loss: 0.15849    Consistency loss: 0.00024    Sim loss: 1.62188   
Epoch 28, step 4 / 5. Update No.1 attribute: Rosy_Cheeks     Total loss: 0.23333    Direction loss: 0.23333    Consistency loss: 0.00000    Sim loss: 1.63604   
Adjusting learning rate of group 0 to 5.0000e-03.
Epoch 29, step 0 / 5. Update No.1 attribute: Rosy_Cheeks     Total loss: 0.12051    Direction loss: 0.12051    Consistency loss: 0.00000    Sim loss: 1.61807   
Epoch 29, step 1 / 5. Update No.1 attribute: Rosy_Cheeks     Total loss: 0.17731    Direction loss: 0.17731    Consistency loss: 0.00000    Sim loss: 1.64204   
Epoch 29, step 2 / 5. Update No.1 attribute: Rosy_Cheeks     Total loss: 0.19349    Direction loss: 0.19349    Consistency loss: 0.00000    Sim loss: 1.61238   
Epoch 29, step 3 / 5. Update No.1 attribute: Rosy_Cheeks     Total loss: 0.14129    Direction loss: 0.14129    Consistency loss: 0.00000    Sim loss: 1.61596   
Epoch 29, step 4 / 5. Update No.1 attribute: Rosy_Cheeks     Total loss: 0.19097    Direction loss: 0.19097    Consistency loss: 0.00000    Sim loss: 1.61430   
Adjusting learning rate of group 0 to 5.0000e-03.
Epoch 30, step 0 / 5. Update No.1 attribute: Rosy_Cheeks     Total loss: 0.15151    Direction loss: 0.15151    Consistency loss: 0.00000    Sim loss: 1.61304   
Epoch 30, step 1 / 5. Update No.1 attribute: Rosy_Cheeks     Total loss: 0.16346    Direction loss: 0.16346    Consistency loss: 0.00000    Sim loss: 1.61300   
Epoch 30, step 2 / 5. Update No.1 attribute: Rosy_Cheeks     Total loss: 0.18188    Direction loss: 0.18188    Consistency loss: 0.00000    Sim loss: 1.61361   
Epoch 30, step 3 / 5. Update No.1 attribute: Rosy_Cheeks     Total loss: 0.14592    Direction loss: 0.14592    Consistency loss: 0.00000    Sim loss: 1.61626   
Epoch 30, step 4 / 5. Update No.1 attribute: Rosy_Cheeks     Total loss: 0.22173    Direction loss: 0.22173    Consistency loss: 0.00000    Sim loss: 1.63143   
Adjusting learning rate of group 0 to 5.0000e-03.
Successfully save FairTokens!
Successfully save Models!
%|██████▎   | 19/30 [01:06<00:37,  3.45s/it]
 67%|██████▋   | 20/30 [01:09<00:34,  3.46s/it]
 70%|███████   | 21/30 [01:13<00:31,  3.45s/it]
 73%|███████▎  | 22/30 [01:16<00:27,  3.45s/it]
 77%|███████▋  | 23/30 [01:19<00:24,  3.45s/it]
 80%|████████  | 24/30 [01:23<00:20,  3.45s/it]
 83%|████████▎ | 25/30 [01:26<00:17,  3.46s/it]
 87%|████████▋ | 26/30 [01:30<00:13,  3.46s/it]
 90%|█████████ | 27/30 [01:33<00:10,  3.45s/it]
 93%|█████████▎| 28/30 [01:37<00:06,  3.45s/it]
 97%|█████████▋| 29/30 [01:40<00:03,  3.46s/it]
100%|██████████| 30/30 [01:44<00:00,  3.46s/it]
100%|██████████| 30/30 [01:44<00:00,  3.47s/it]
