Device used for training the model cuda
Adjusting learning rate of group 0 to 1.0000e-02.
Adjusting learning rate of group 0 to 1.0000e-02.
Adjusting learning rate of group 0 to 1.0000e-02.
Epoch 1, step 0 / 5. Update No.1 attribute: Male            Total loss: 1.63428    Direction loss: nan        Consistency loss: 0.00000    Sim loss: 1.63428   
Epoch 1, step 0 / 5. Update No.2 attribute: Young           Total loss: 1.92277    Direction loss: nan        Consistency loss: 0.28167    Sim loss: 1.64110   
Epoch 1, step 0 / 5. Update No.3 attribute: Eyeglasses      Total loss: 1.62154    Direction loss: nan        Consistency loss: 0.00495    Sim loss: 1.61660   
Epoch 1, step 1 / 5. Update No.1 attribute: Male            Total loss: 0.98085    Direction loss: 0.94193    Consistency loss: 0.03892    Sim loss: 1.57030   
Epoch 1, step 1 / 5. Update No.2 attribute: Young           Total loss: 0.97734    Direction loss: 0.92266    Consistency loss: 0.05468    Sim loss: 1.61470   
Epoch 1, step 1 / 5. Update No.3 attribute: Eyeglasses      Total loss: 1.03558    Direction loss: 0.96203    Consistency loss: 0.07354    Sim loss: 1.63262   
Epoch 1, step 2 / 5. Update No.1 attribute: Male            Total loss: 0.76422    Direction loss: 0.74754    Consistency loss: 0.01668    Sim loss: 1.58902   
Epoch 1, step 2 / 5. Update No.2 attribute: Young           Total loss: 0.75428    Direction loss: 0.73267    Consistency loss: 0.02161    Sim loss: 1.61992   
Epoch 1, step 2 / 5. Update No.3 attribute: Eyeglasses      Total loss: 0.80796    Direction loss: 0.78461    Consistency loss: 0.02335    Sim loss: 1.61991   
Epoch 1, step 3 / 5. Update No.1 attribute: Male            Total loss: 0.75535    Direction loss: 0.73816    Consistency loss: 0.01718    Sim loss: 1.59908   
Epoch 1, step 3 / 5. Update No.2 attribute: Young           Total loss: 0.73410    Direction loss: 0.72645    Consistency loss: 0.00765    Sim loss: 1.61146   
Epoch 1, step 3 / 5. Update No.3 attribute: Eyeglasses      Total loss: 0.76157    Direction loss: 0.74897    Consistency loss: 0.01260    Sim loss: 1.61542   
Epoch 1, step 4 / 5. Update No.1 attribute: Male            Total loss: 0.70120    Direction loss: 0.69485    Consistency loss: 0.00635    Sim loss: 1.59196   
Epoch 1, step 4 / 5. Update No.2 attribute: Young           Total loss: 0.75950    Direction loss: 0.75505    Consistency loss: 0.00444    Sim loss: 1.61871   
Epoch 1, step 4 / 5. Update No.3 attribute: Eyeglasses      Total loss: 0.75745    Direction loss: 0.74775    Consistency loss: 0.00970    Sim loss: 1.62204   
Adjusting learning rate of group 0 to 1.0000e-02.
Adjusting learning rate of group 0 to 1.0000e-02.
Adjusting learning rate of group 0 to 1.0000e-02.
Epoch 2, step 0 / 5. Update No.1 attribute: Male            Total loss: 0.70385    Direction loss: 0.70050    Consistency loss: 0.00336    Sim loss: 1.60325   
Epoch 2, step 0 / 5. Update No.2 attribute: Young           Total loss: 0.73238    Direction loss: 0.72586    Consistency loss: 0.00652    Sim loss: 1.62034   
Epoch 2, step 0 / 5. Update No.3 attribute: Eyeglasses      Total loss: 0.63244    Direction loss: 0.62390    Consistency loss: 0.00854    Sim loss: 1.62407   
Epoch 2, step 1 / 5. Update No.1 attribute: Male            Total loss: 0.63746    Direction loss: 0.63301    Consistency loss: 0.00444    Sim loss: 1.60416   
Epoch 2, step 1 / 5. Update No.2 attribute: Young           Total loss: 0.70867    Direction loss: 0.70116    Consistency loss: 0.00751    Sim loss: 1.62531   
Epoch 2, step 1 / 5. Update No.3 attribute: Eyeglasses      Total loss: 0.62370    Direction loss: 0.61743    Consistency loss: 0.00627    Sim loss: 1.62399   
Epoch 2, step 2 / 5. Update No.1 attribute: Male            Total loss: 0.59204    Direction loss: 0.58828    Consistency loss: 0.00376    Sim loss: 1.60842   
Epoch 2, step 2 / 5. Update No.2 attribute: Young           Total loss: 0.69649    Direction loss: 0.69002    Consistency loss: 0.00648    Sim loss: 1.63484   
Epoch 2, step 2 / 5. Update No.3 attribute: Eyeglasses      Total loss: 0.64806    Direction loss: 0.64412    Consistency loss: 0.00394    Sim loss: 1.63064   
Epoch 2, step 3 / 5. Update No.1 attribute: Male            Total loss: 0.57189    Direction loss: 0.56905    Consistency loss: 0.00284    Sim loss: 1.60407   
Epoch 2, step 3 / 5. Update No.2 attribute: Young           Total loss: 0.68408    Direction loss: 0.67900    Consistency loss: 0.00508    Sim loss: 1.63863   
Epoch 2, step 3 / 5. Update No.3 attribute: Eyeglasses      Total loss: 0.54392    Direction loss: 0.54192    Consistency loss: 0.00200    Sim loss: 1.62816   
Epoch 2, step 4 / 5. Update No.1 attribute: Male            Total loss: 0.54992    Direction loss: 0.54809    Consistency loss: 0.00182    Sim loss: 1.60112   
Epoch 2, step 4 / 5. Update No.2 attribute: Young           Total loss: 0.67893    Direction loss: 0.67502    Consistency loss: 0.00391    Sim loss: 1.63870   
Epoch 2, step 4 / 5. Update No.3 attribute: Eyeglasses      Total loss: 0.59084    Direction loss: 0.59041    Consistency loss: 0.00043    Sim loss: 1.62898   
Adjusting learning rate of group 0 to 1.0000e-02.
Adjusting learning rate of group 0 to 1.0000e-02.
Adjusting learning rate of group 0 to 1.0000e-02.
Epoch 3, step 0 / 5. Update No.1 attribute: Male            Total loss: 0.50399    Direction loss: 0.50313    Consistency loss: 0.00086    Sim loss: 1.59938   
Epoch 3, step 0 / 5. Update No.2 attribute: Young           Total loss: 0.64606    Direction loss: 0.64292    Consistency loss: 0.00314    Sim loss: 1.63493   
Epoch 3, step 0 / 5. Update No.3 attribute: Eyeglasses      Total loss: 0.52926    Direction loss: 0.52926    Consistency loss: 0.00000    Sim loss: 1.63781   
Epoch 3, step 1 / 5. Update No.1 attribute: Male            Total loss: 0.50814    Direction loss: 0.50719    Consistency loss: 0.00095    Sim loss: 1.60447   
Epoch 3, step 1 / 5. Update No.2 attribute: Young           Total loss: 0.65426    Direction loss: 0.65128    Consistency loss: 0.00298    Sim loss: 1.63919   
Epoch 3, step 1 / 5. Update No.3 attribute: Eyeglasses      Total loss: 0.57506    Direction loss: 0.57506    Consistency loss: 0.00000    Sim loss: 1.63316   
Epoch 3, step 2 / 5. Update No.1 attribute: Male            Total loss: 0.49559    Direction loss: 0.49477    Consistency loss: 0.00082    Sim loss: 1.60816   
Epoch 3, step 2 / 5. Update No.2 attribute: Young           Total loss: 0.62913    Direction loss: 0.62635    Consistency loss: 0.00279    Sim loss: 1.64965   
Epoch 3, step 2 / 5. Update No.3 attribute: Eyeglasses      Total loss: 0.51214    Direction loss: 0.51214    Consistency loss: 0.00000    Sim loss: 1.63555   
Epoch 3, step 3 / 5. Update No.1 attribute: Male            Total loss: 0.46988    Direction loss: 0.46856    Consistency loss: 0.00132    Sim loss: 1.60485   
Epoch 3, step 3 / 5. Update No.2 attribute: Young           Total loss: 0.60582    Direction loss: 0.60309    Consistency loss: 0.00272    Sim loss: 1.64197   
Epoch 3, step 3 / 5. Update No.3 attribute: Eyeglasses      Total loss: 0.52796    Direction loss: 0.52778    Consistency loss: 0.00018    Sim loss: 1.63107   
Epoch 3, step 4 / 5. Update No.1 attribute: Male            Total loss: 0.45768    Direction loss: 0.45681    Consistency loss: 0.00088    Sim loss: 1.60641   
Epoch 3, step 4 / 5. Update No.2 attribute: Young           Total loss: 0.59959    Direction loss: 0.59737    Consistency loss: 0.00222    Sim loss: 1.64220   
Epoch 3, step 4 / 5. Update No.3 attribute: Eyeglasses      Total loss: 0.52101    Direction loss: 0.52092    Consistency loss: 0.00009    Sim loss: 1.63724   
Adjusting learning rate of group 0 to 1.0000e-02.
Adjusting learning rate of group 0 to 1.0000e-02.
Adjusting learning rate of group 0 to 1.0000e-02.
Epoch 4, step 0 / 5. Update No.1 attribute: Male            Total loss: 0.45789    Direction loss: 0.45789    Consistency loss: 0.00000    Sim loss: 1.60449   
Epoch 4, step 0 / 5. Update No.2 attribute: Young           Total loss: 0.56947    Direction loss: 0.56765    Consistency loss: 0.00182    Sim loss: 1.64271   
Epoch 4, step 0 / 5. Update No.3 attribute: Eyeglasses      Total loss: 0.50801    Direction loss: 0.50801    Consistency loss: 0.00000    Sim loss: 1.64052   
Epoch 4, step 1 / 5. Update No.1 attribute: Male            Total loss: 0.41392    Direction loss: 0.41392    Consistency loss: 0.00000    Sim loss: 1.60122   
Epoch 4, step 1 / 5. Update No.2 attribute: Young           Total loss: 0.58345    Direction loss: 0.58125    Consistency loss: 0.00220    Sim loss: 1.64902   
Epoch 4, step 1 / 5. Update No.3 attribute: Eyeglasses      Total loss: 0.49881    Direction loss: 0.49865    Consistency loss: 0.00016    Sim loss: 1.63522   
Epoch 4, step 2 / 5. Update No.1 attribute: Male            Total loss: 0.39971    Direction loss: 0.39971    Consistency loss: 0.00000    Sim loss: 1.60466   
Epoch 4, step 2 / 5. Update No.2 attribute: Young           Total loss: 0.58649    Direction loss: 0.58388    Consistency loss: 0.00261    Sim loss: 1.64936   
Epoch 4, step 2 / 5. Update No.3 attribute: Eyeglasses      Total loss: 0.49030    Direction loss: 0.48995    Consistency loss: 0.00034    Sim loss: 1.64348   
Epoch 4, step 3 / 5. Update No.1 attribute: Male            Total loss: 0.41345    Direction loss: 0.41341    Consistency loss: 0.00004    Sim loss: 1.60342   
Epoch 4, step 3 / 5. Update No.2 attribute: Young           Total loss: 0.54759    Direction loss: 0.54450    Consistency loss: 0.00309    Sim loss: 1.64757   
Epoch 4, step 3 / 5. Update No.3 attribute: Eyeglasses      Total loss: 0.44348    Direction loss: 0.44297    Consistency loss: 0.00051    Sim loss: 1.63711   
Epoch 4, step 4 / 5. Update No.1 attribute: Male            Total loss: 0.40384    Direction loss: 0.40369    Consistency loss: 0.00015    Sim loss: 1.60882   
Epoch 4, step 4 / 5. Update No.2 attribute: Young           Total loss: 0.57891    Direction loss: 0.57539    Consistency loss: 0.00352    Sim loss: 1.64485   
Epoch 4, step 4 / 5. Update No.3 attribute: Eyeglasses      Total loss: 0.44476    Direction loss: 0.44427    Consistency loss: 0.00049    Sim loss: 1.64052   
Adjusting learning rate of group 0 to 1.0000e-02.
Adjusting learning rate of group 0 to 1.0000e-02.
Adjusting learning rate of group 0 to 1.0000e-02.
Epoch 5, step 0 / 5. Update No.1 attribute: Male            Total loss: 0.39221    Direction loss: 0.39208    Consistency loss: 0.00013    Sim loss: 1.60209   
Epoch 5, step 0 / 5. Update No.2 attribute: Young           Total loss: 0.59278    Direction loss: 0.58874    Consistency loss: 0.00405    Sim loss: 1.65725   
Epoch 5, step 0 / 5. Update No.3 attribute: Eyeglasses      Total loss: 0.42141    Direction loss: 0.42105    Consistency loss: 0.00036    Sim loss: 1.63818   
Epoch 5, step 1 / 5. Update No.1 attribute: Male            Total loss: 0.38787    Direction loss: 0.38787    Consistency loss: 0.00000    Sim loss: 1.61391   
Epoch 5, step 1 / 5. Update No.2 attribute: Young           Total loss: 0.55204    Direction loss: 0.54714    Consistency loss: 0.00491    Sim loss: 1.64821   
Epoch 5, step 1 / 5. Update No.3 attribute: Eyeglasses      Total loss: 0.55174    Direction loss: 0.55139    Consistency loss: 0.00035    Sim loss: 1.65576   
Epoch 5, step 2 / 5. Update No.1 attribute: Male            Total loss: 0.38015    Direction loss: 0.38015    Consistency loss: 0.00000    Sim loss: 1.60400   
Epoch 5, step 2 / 5. Update No.2 attribute: Young           Total loss: 0.53531    Direction loss: 0.52969    Consistency loss: 0.00562    Sim loss: 1.65107   
Epoch 5, step 2 / 5. Update No.3 attribute: Eyeglasses      Total loss: 0.40331    Direction loss: 0.40215    Consistency loss: 0.00116    Sim loss: 1.63894   
Epoch 5, step 3 / 5. Update No.1 attribute: Male            Total loss: 0.35930    Direction loss: 0.35930    Consistency loss: 0.00000    Sim loss: 1.60600   
Epoch 5, step 3 / 5. Update No.2 attribute: Young           Total loss: 0.50583    Direction loss: 0.49971    Consistency loss: 0.00612    Sim loss: 1.65329   
Epoch 5, step 3 / 5. Update No.3 attribute: Eyeglasses      Total loss: 0.39392    Direction loss: 0.39259    Consistency loss: 0.00133    Sim loss: 1.63950   
Epoch 5, step 4 / 5. Update No.1 attribute: Male            Total loss: 0.33195    Direction loss: 0.33195    Consistency loss: 0.00000    Sim loss: 1.61550   
Epoch 5, step 4 / 5. Update No.2 attribute: Young           Total loss: 0.54861    Direction loss: 0.54214    Consistency loss: 0.00647    Sim loss: 1.66104   
Epoch 5, step 4 / 5. Update No.3 attribute: Eyeglasses      Total loss: 0.41299    Direction loss: 0.41171    Consistency loss: 0.00128    Sim loss: 1.63750   
Adjusting learning rate of group 0 to 1.0000e-02.
Adjusting learning rate of group 0 to 1.0000e-02.
Adjusting learning rate of group 0 to 1.0000e-02.
Epoch 6, step 0 / 5. Update No.1 attribute: Male            Total loss: 0.35639    Direction loss: 0.35639    Consistency loss: 0.00000    Sim loss: 1.61713   
Epoch 6, step 0 / 5. Update No.2 attribute: Young           Total loss: 0.50676    Direction loss: 0.50035    Consistency loss: 0.00641    Sim loss: 1.65317   
Epoch 6, step 0 / 5. Update No.3 attribute: Eyeglasses      Total loss: 0.42713    Direction loss: 0.42628    Consistency loss: 0.00085    Sim loss: 1.64071   
Epoch 6, step 1 / 5. Update No.1 attribute: Male            Total loss: 0.31958    Direction loss: 0.31958    Consistency loss: 0.00000    Sim loss: 1.60948   
Epoch 6, step 1 / 5. Update No.2 attribute: Young           Total loss: 0.52401    Direction loss: 0.51794    Consistency loss: 0.00606    Sim loss: 1.67104   
Epoch 6, step 1 / 5. Update No.3 attribute: Eyeglasses      Total loss: 0.40148    Direction loss: 0.40108    Consistency loss: 0.00040    Sim loss: 1.64590   
Epoch 6, step 2 / 5. Update No.1 attribute: Male            Total loss: 0.36229    Direction loss: 0.36229    Consistency loss: 0.00000    Sim loss: 1.61409   
Epoch 6, step 2 / 5. Update No.2 attribute: Young           Total loss: 0.50173    Direction loss: 0.49629    Consistency loss: 0.00544    Sim loss: 1.66346   
Epoch 6, step 2 / 5. Update No.3 attribute: Eyeglasses      Total loss: 0.45124    Direction loss: 0.45124    Consistency loss: 0.00000    Sim loss: 1.65284   
Epoch 6, step 3 / 5. Update No.1 attribute: Male            Total loss: 0.32656    Direction loss: 0.32656    Consistency loss: 0.00000    Sim loss: 1.61242   
Epoch 6, step 3 / 5. Update No.2 attribute: Young           Total loss: 0.50851    Direction loss: 0.50348    Consistency loss: 0.00503    Sim loss: 1.66102   
Epoch 6, step 3 / 5. Update No.3 attribute: Eyeglasses      Total loss: 0.35132    Direction loss: 0.35130    Consistency loss: 0.00001    Sim loss: 1.64551   
Epoch 6, step 4 / 5. Update No.1 attribute: Male            Total loss: 0.31448    Direction loss: 0.31448    Consistency loss: 0.00000    Sim loss: 1.61563   
Epoch 6, step 4 / 5. Update No.2 attribute: Young           Total loss: 0.50849    Direction loss: 0.50414    Consistency loss: 0.00435    Sim loss: 1.65714   
Epoch 6, step 4 / 5. Update No.3 attribute: Eyeglasses      Total loss: 0.38187    Direction loss: 0.38187    Consistency loss: 0.00000    Sim loss: 1.64164   
Adjusting learning rate of group 0 to 1.0000e-02.
Adjusting learning rate of group 0 to 1.0000e-02.
Adjusting learning rate of group 0 to 1.0000e-02.
Epoch 7, step 0 / 5. Update No.1 attribute: Male            Total loss: 0.33580    Direction loss: 0.33580    Consistency loss: 0.00000    Sim loss: 1.61396   
Epoch 7, step 0 / 5. Update No.2 attribute: Young           Total loss: 0.50209    Direction loss: 0.49835    Consistency loss: 0.00374    Sim loss: 1.66461   
Epoch 7, step 0 / 5. Update No.3 attribute: Eyeglasses      Total loss: 0.36986    Direction loss: 0.36977    Consistency loss: 0.00009    Sim loss: 1.64138   
Epoch 7, step 1 / 5. Update No.1 attribute: Male            Total loss: 0.32319    Direction loss: 0.32319    Consistency loss: 0.00000    Sim loss: 1.61276   
Epoch 7, step 1 / 5. Update No.2 attribute: Young           Total loss: 0.46765    Direction loss: 0.46441    Consistency loss: 0.00324    Sim loss: 1.65562   
Epoch 7, step 1 / 5. Update No.3 attribute: Eyeglasses      Total loss: 0.34592    Direction loss: 0.34580    Consistency loss: 0.00012    Sim loss: 1.64546   
Epoch 7, step 2 / 5. Update No.1 attribute: Male            Total loss: 0.31208    Direction loss: 0.31208    Consistency loss: 0.00000    Sim loss: 1.61003   
Epoch 7, step 2 / 5. Update No.2 attribute: Young           Total loss: 0.48436    Direction loss: 0.48157    Consistency loss: 0.00279    Sim loss: 1.66962   
Epoch 7, step 2 / 5. Update No.3 attribute: Eyeglasses      Total loss: 0.42797    Direction loss: 0.42797    Consistency loss: 0.00000    Sim loss: 1.65347   
Epoch 7, step 3 / 5. Update No.1 attribute: Male            Total loss: 0.31206    Direction loss: 0.31206    Consistency loss: 0.00000    Sim loss: 1.61885   
Epoch 7, step 3 / 5. Update No.2 attribute: Young           Total loss: 0.49187    Direction loss: 0.48949    Consistency loss: 0.00238    Sim loss: 1.66623   
Epoch 7, step 3 / 5. Update No.3 attribute: Eyeglasses      Total loss: 0.33851    Direction loss: 0.33833    Consistency loss: 0.00018    Sim loss: 1.63975   
Epoch 7, step 4 / 5. Update No.1 attribute: Male            Total loss: 0.29159    Direction loss: 0.29159    Consistency loss: 0.00000    Sim loss: 1.62120   
Epoch 7, step 4 / 5. Update No.2 attribute: Young           Total loss: 0.47082    Direction loss: 0.46877    Consistency loss: 0.00205    Sim loss: 1.65739   
Epoch 7, step 4 / 5. Update No.3 attribute: Eyeglasses      Total loss: 0.35110    Direction loss: 0.35081    Consistency loss: 0.00029    Sim loss: 1.64774   
Adjusting learning rate of group 0 to 1.0000e-02.
Adjusting learning rate of group 0 to 1.0000e-02.
Adjusting learning rate of group 0 to 1.0000e-02.
Epoch 8, step 0 / 5. Update No.1 attribute: Male            Total loss: 0.31158    Direction loss: 0.31158    Consistency loss: 0.00000    Sim loss: 1.61495   
Epoch 8, step 0 / 5. Update No.2 attribute: Young           Total loss: 0.49997    Direction loss: 0.49805    Consistency loss: 0.00192    Sim loss: 1.65964   
Epoch 8, step 0 / 5. Update No.3 attribute: Eyeglasses      Total loss: 0.36132    Direction loss: 0.36109    Consistency loss: 0.00023    Sim loss: 1.64692   
Epoch 8, step 1 / 5. Update No.1 attribute: Male            Total loss: 0.30402    Direction loss: 0.30402    Consistency loss: 0.00000    Sim loss: 1.61010   
Epoch 8, step 1 / 5. Update No.2 attribute: Young           Total loss: 0.43139    Direction loss: 0.42948    Consistency loss: 0.00192    Sim loss: 1.65862   
Epoch 8, step 1 / 5. Update No.3 attribute: Eyeglasses      Total loss: 0.37768    Direction loss: 0.37768    Consistency loss: 0.00001    Sim loss: 1.64309   
Epoch 8, step 2 / 5. Update No.1 attribute: Male            Total loss: 0.29015    Direction loss: 0.29015    Consistency loss: 0.00000    Sim loss: 1.61873   
Epoch 8, step 2 / 5. Update No.2 attribute: Young           Total loss: 0.46647    Direction loss: 0.46471    Consistency loss: 0.00176    Sim loss: 1.66377   
Epoch 8, step 2 / 5. Update No.3 attribute: Eyeglasses      Total loss: 0.35944    Direction loss: 0.35944    Consistency loss: 0.00000    Sim loss: 1.64961   
Epoch 8, step 3 / 5. Update No.1 attribute: Male            Total loss: 0.30138    Direction loss: 0.30138    Consistency loss: 0.00000    Sim loss: 1.61396   
Epoch 8, step 3 / 5. Update No.2 attribute: Young           Total loss: 0.45080    Direction loss: 0.44889    Consistency loss: 0.00191    Sim loss: 1.66770   
Epoch 8, step 3 / 5. Update No.3 attribute: Eyeglasses      Total loss: 0.34487    Direction loss: 0.34487    Consistency loss: 0.00000    Sim loss: 1.65042   
Epoch 8, step 4 / 5. Update No.1 attribute: Male            Total loss: 0.29477    Direction loss: 0.29477    Consistency loss: 0.00000    Sim loss: 1.61651   
Epoch 8, step 4 / 5. Update No.2 attribute: Young           Total loss: 0.44125    Direction loss: 0.43924    Consistency loss: 0.00201    Sim loss: 1.66275   
Epoch 8, step 4 / 5. Update No.3 attribute: Eyeglasses      Total loss: 0.33342    Direction loss: 0.33342    Consistency loss: 0.00000    Sim loss: 1.64293   
Adjusting learning rate of group 0 to 1.0000e-02.
Adjusting learning rate of group 0 to 1.0000e-02.
Adjusting learning rate of group 0 to 1.0000e-02.
Epoch 9, step 0 / 5. Update No.1 attribute: Male            Total loss: 0.27598    Direction loss: 0.27598    Consistency loss: 0.00000    Sim loss: 1.61857   
Epoch 9, step 0 / 5. Update No.2 attribute: Young           Total loss: 0.45512    Direction loss: 0.45296    Consistency loss: 0.00215    Sim loss: 1.66233   
Epoch 9, step 0 / 5. Update No.3 attribute: Eyeglasses      Total loss: 0.40546    Direction loss: 0.40546    Consistency loss: 0.00000    Sim loss: 1.64480   
Epoch 9, step 1 / 5. Update No.1 attribute: Male            Total loss: 0.30552    Direction loss: 0.30552    Consistency loss: 0.00000    Sim loss: 1.60850   
Epoch 9, step 1 / 5. Update No.2 attribute: Young           Total loss: 0.42063    Direction loss: 0.41834    Consistency loss: 0.00229    Sim loss: 1.66091   
Epoch 9, step 1 / 5. Update No.3 attribute: Eyeglasses      Total loss: 0.37324    Direction loss: 0.37324    Consistency loss: 0.00000    Sim loss: 1.65016   
Epoch 9, step 2 / 5. Update No.1 attribute: Male            Total loss: 0.26349    Direction loss: 0.26349    Consistency loss: 0.00000    Sim loss: 1.62146   
Epoch 9, step 2 / 5. Update No.2 attribute: Young           Total loss: 0.43505    Direction loss: 0.43238    Consistency loss: 0.00267    Sim loss: 1.66337   
Epoch 9, step 2 / 5. Update No.3 attribute: Eyeglasses      Total loss: 0.34905    Direction loss: 0.34905    Consistency loss: 0.00000    Sim loss: 1.65408   
Epoch 9, step 3 / 5. Update No.1 attribute: Male            Total loss: 0.27322    Direction loss: 0.27322    Consistency loss: 0.00000    Sim loss: 1.61667   
Epoch 9, step 3 / 5. Update No.2 attribute: Young           Total loss: 0.44155    Direction loss: 0.43837    Consistency loss: 0.00318    Sim loss: 1.66715   
Epoch 9, step 3 / 5. Update No.3 attribute: Eyeglasses      Total loss: 0.34006    Direction loss: 0.34006    Consistency loss: 0.00000    Sim loss: 1.64202   
Epoch 9, step 4 / 5. Update No.1 attribute: Male            Total loss: 0.31179    Direction loss: 0.31179    Consistency loss: 0.00000    Sim loss: 1.61681   
Epoch 9, step 4 / 5. Update No.2 attribute: Young           Total loss: 0.43405    Direction loss: 0.43048    Consistency loss: 0.00357    Sim loss: 1.66521   
Epoch 9, step 4 / 5. Update No.3 attribute: Eyeglasses      Total loss: 0.34050    Direction loss: 0.34050    Consistency loss: 0.00000    Sim loss: 1.64650   
Adjusting learning rate of group 0 to 1.0000e-02.
Adjusting learning rate of group 0 to 1.0000e-02.
Adjusting learning rate of group 0 to 1.0000e-02.
Epoch 10, step 0 / 5. Update No.1 attribute: Male            Total loss: 0.27447    Direction loss: 0.27447    Consistency loss: 0.00000    Sim loss: 1.61183   
Epoch 10, step 0 / 5. Update No.2 attribute: Young           Total loss: 0.42168    Direction loss: 0.41796    Consistency loss: 0.00371    Sim loss: 1.66463   
Epoch 10, step 0 / 5. Update No.3 attribute: Eyeglasses      Total loss: 0.32341    Direction loss: 0.32325    Consistency loss: 0.00015    Sim loss: 1.65018   
Epoch 10, step 1 / 5. Update No.1 attribute: Male            Total loss: 0.27384    Direction loss: 0.27384    Consistency loss: 0.00000    Sim loss: 1.62356   
Epoch 10, step 1 / 5. Update No.2 attribute: Young           Total loss: 0.42282    Direction loss: 0.41890    Consistency loss: 0.00393    Sim loss: 1.66908   
Epoch 10, step 1 / 5. Update No.3 attribute: Eyeglasses      Total loss: 0.36766    Direction loss: 0.36740    Consistency loss: 0.00026    Sim loss: 1.65417   
Epoch 10, step 2 / 5. Update No.1 attribute: Male            Total loss: 0.26635    Direction loss: 0.26635    Consistency loss: 0.00000    Sim loss: 1.62120   
Epoch 10, step 2 / 5. Update No.2 attribute: Young           Total loss: 0.43488    Direction loss: 0.43073    Consistency loss: 0.00415    Sim loss: 1.66418   
Epoch 10, step 2 / 5. Update No.3 attribute: Eyeglasses      Total loss: 0.33686    Direction loss: 0.33648    Consistency loss: 0.00038    Sim loss: 1.64944   
Epoch 10, step 3 / 5. Update No.1 attribute: Male            Total loss: 0.28012    Direction loss: 0.28012    Consistency loss: 0.00000    Sim loss: 1.62741   
Epoch 10, step 3 / 5. Update No.2 attribute: Young           Total loss: 0.47474    Direction loss: 0.47109    Consistency loss: 0.00365    Sim loss: 1.67459   
Epoch 10, step 3 / 5. Update No.3 attribute: Eyeglasses      Total loss: 0.30924    Direction loss: 0.30924    Consistency loss: 0.00000    Sim loss: 1.64140   
Epoch 10, step 4 / 5. Update No.1 attribute: Male            Total loss: 0.27545    Direction loss: 0.27545    Consistency loss: 0.00000    Sim loss: 1.61396   
Epoch 10, step 4 / 5. Update No.2 attribute: Young           Total loss: 0.38242    Direction loss: 0.37934    Consistency loss: 0.00308    Sim loss: 1.66741   
Epoch 10, step 4 / 5. Update No.3 attribute: Eyeglasses      Total loss: 0.39383    Direction loss: 0.39383    Consistency loss: 0.00000    Sim loss: 1.65778   
Adjusting learning rate of group 0 to 5.0000e-03.
Adjusting learning rate of group 0 to 5.0000e-03.
Adjusting learning rate of group 0 to 5.0000e-03.
Successfully save FairTokens!
Successfully save Models!
Epoch 11, step 0 / 5. Update No.1 attribute: Male            Total loss: 0.26324    Direction loss: 0.26324    Consistency loss: 0.00000    Sim loss: 1.61689   
Epoch 11, step 0 / 5. Update No.2 attribute: Young           Total loss: 0.39336    Direction loss: 0.39069    Consistency loss: 0.00267    Sim loss: 1.66728   
Epoch 11, step 0 / 5. Update No.3 attribute: Eyeglasses      Total loss: 0.29799    Direction loss: 0.29799    Consistency loss: 0.00000    Sim loss: 1.65310   
Epoch 11, step 1 / 5. Update No.1 attribute: Male            Total loss: 0.26077    Direction loss: 0.26077    Consistency loss: 0.00000    Sim loss: 1.61891   
Epoch 11, step 1 / 5. Update No.2 attribute: Young           Total loss: 0.41407    Direction loss: 0.41164    Consistency loss: 0.00244    Sim loss: 1.66452   
Epoch 11, step 1 / 5. Update No.3 attribute: Eyeglasses      Total loss: 0.33247    Direction loss: 0.33247    Consistency loss: 0.00000    Sim loss: 1.65209   
Epoch 11, step 2 / 5. Update No.1 attribute: Male            Total loss: 0.26379    Direction loss: 0.26379    Consistency loss: 0.00000    Sim loss: 1.61689   
Epoch 11, step 2 / 5. Update No.2 attribute: Young           Total loss: 0.39529    Direction loss: 0.39297    Consistency loss: 0.00231    Sim loss: 1.66130   
Epoch 11, step 2 / 5. Update No.3 attribute: Eyeglasses      Total loss: 0.35849    Direction loss: 0.35849    Consistency loss: 0.00000    Sim loss: 1.65042   
Epoch 11, step 3 / 5. Update No.1 attribute: Male            Total loss: 0.25927    Direction loss: 0.25927    Consistency loss: 0.00000    Sim loss: 1.61930   
Epoch 11, step 3 / 5. Update No.2 attribute: Young           Total loss: 0.40357    Direction loss: 0.40123    Consistency loss: 0.00235    Sim loss: 1.66961   
Epoch 11, step 3 / 5. Update No.3 attribute: Eyeglasses      Total loss: 0.35792    Direction loss: 0.35792    Consistency loss: 0.00000    Sim loss: 1.65022   
Epoch 11, step 4 / 5. Update No.1 attribute: Male            Total loss: 0.26066    Direction loss: 0.26066    Consistency loss: 0.00000    Sim loss: 1.61613   
Epoch 11, step 4 / 5. Update No.2 attribute: Young           Total loss: 0.42398    Direction loss: 0.42158    Consistency loss: 0.00240    Sim loss: 1.66678   
Epoch 11, step 4 / 5. Update No.3 attribute: Eyeglasses      Total loss: 0.29543    Direction loss: 0.29543    Consistency loss: 0.00000    Sim loss: 1.64396   
Adjusting learning rate of group 0 to 5.0000e-03.
Adjusting learning rate of group 0 to 5.0000e-03.
Adjusting learning rate of group 0 to 5.0000e-03.
Epoch 12, step 0 / 5. Update No.1 attribute: Male            Total loss: 0.26461    Direction loss: 0.26461    Consistency loss: 0.00000    Sim loss: 1.61842   
Epoch 12, step 0 / 5. Update No.2 attribute: Young           Total loss: 0.35941    Direction loss: 0.35693    Consistency loss: 0.00248    Sim loss: 1.65907   
Epoch 12, step 0 / 5. Update No.3 attribute: Eyeglasses      Total loss: 0.30511    Direction loss: 0.30511    Consistency loss: 0.00000    Sim loss: 1.64970   
Epoch 12, step 1 / 5. Update No.1 attribute: Male            Total loss: 0.26751    Direction loss: 0.26751    Consistency loss: 0.00000    Sim loss: 1.61850   
Epoch 12, step 1 / 5. Update No.2 attribute: Young           Total loss: 0.41930    Direction loss: 0.41682    Consistency loss: 0.00248    Sim loss: 1.66356   
Epoch 12, step 1 / 5. Update No.3 attribute: Eyeglasses      Total loss: 0.31379    Direction loss: 0.31379    Consistency loss: 0.00000    Sim loss: 1.65390   
Epoch 12, step 2 / 5. Update No.1 attribute: Male            Total loss: 0.25967    Direction loss: 0.25967    Consistency loss: 0.00000    Sim loss: 1.60997   
Epoch 12, step 2 / 5. Update No.2 attribute: Young           Total loss: 0.40916    Direction loss: 0.40673    Consistency loss: 0.00243    Sim loss: 1.67121   
Epoch 12, step 2 / 5. Update No.3 attribute: Eyeglasses      Total loss: 0.30728    Direction loss: 0.30728    Consistency loss: 0.00000    Sim loss: 1.65275   
Epoch 12, step 3 / 5. Update No.1 attribute: Male            Total loss: 0.25872    Direction loss: 0.25872    Consistency loss: 0.00000    Sim loss: 1.61945   
Epoch 12, step 3 / 5. Update No.2 attribute: Young           Total loss: 0.38470    Direction loss: 0.38213    Consistency loss: 0.00257    Sim loss: 1.67162   
Epoch 12, step 3 / 5. Update No.3 attribute: Eyeglasses      Total loss: 0.29318    Direction loss: 0.29318    Consistency loss: 0.00000    Sim loss: 1.64981   
Epoch 12, step 4 / 5. Update No.1 attribute: Male            Total loss: 0.26991    Direction loss: 0.26991    Consistency loss: 0.00000    Sim loss: 1.61985   
Epoch 12, step 4 / 5. Update No.2 attribute: Young           Total loss: 0.38011    Direction loss: 0.37751    Consistency loss: 0.00261    Sim loss: 1.66608   
Epoch 12, step 4 / 5. Update No.3 attribute: Eyeglasses      Total loss: 0.32415    Direction loss: 0.32415    Consistency loss: 0.00000    Sim loss: 1.65124   
Adjusting learning rate of group 0 to 5.0000e-03.
Adjusting learning rate of group 0 to 5.0000e-03.
Adjusting learning rate of group 0 to 5.0000e-03.
Epoch 13, step 0 / 5. Update No.1 attribute: Male            Total loss: 0.24116    Direction loss: 0.24116    Consistency loss: 0.00000    Sim loss: 1.61845   
Epoch 13, step 0 / 5. Update No.2 attribute: Young           Total loss: 0.39202    Direction loss: 0.38930    Consistency loss: 0.00271    Sim loss: 1.67770   
Epoch 13, step 0 / 5. Update No.3 attribute: Eyeglasses      Total loss: 0.35619    Direction loss: 0.35619    Consistency loss: 0.00000    Sim loss: 1.65810   
Epoch 13, step 1 / 5. Update No.1 attribute: Male            Total loss: 0.27479    Direction loss: 0.27479    Consistency loss: 0.00000    Sim loss: 1.61705   
Epoch 13, step 1 / 5. Update No.2 attribute: Young           Total loss: 0.37874    Direction loss: 0.37606    Consistency loss: 0.00268    Sim loss: 1.66431   
Epoch 13, step 1 / 5. Update No.3 attribute: Eyeglasses      Total loss: 0.27402    Direction loss: 0.27402    Consistency loss: 0.00000    Sim loss: 1.65800   
Epoch 13, step 2 / 5. Update No.1 attribute: Male            Total loss: 0.23467    Direction loss: 0.23467    Consistency loss: 0.00000    Sim loss: 1.61702   
Epoch 13, step 2 / 5. Update No.2 attribute: Young           Total loss: 0.40454    Direction loss: 0.40197    Consistency loss: 0.00257    Sim loss: 1.67430   
Epoch 13, step 2 / 5. Update No.3 attribute: Eyeglasses      Total loss: 0.29844    Direction loss: 0.29844    Consistency loss: 0.00000    Sim loss: 1.65486   
Epoch 13, step 3 / 5. Update No.1 attribute: Male            Total loss: 0.23533    Direction loss: 0.23533    Consistency loss: 0.00000    Sim loss: 1.62105   
Epoch 13, step 3 / 5. Update No.2 attribute: Young           Total loss: 0.38486    Direction loss: 0.38232    Consistency loss: 0.00254    Sim loss: 1.66160   
Epoch 13, step 3 / 5. Update No.3 attribute: Eyeglasses      Total loss: 0.32449    Direction loss: 0.32434    Consistency loss: 0.00015    Sim loss: 1.65157   
Epoch 13, step 4 / 5. Update No.1 attribute: Male            Total loss: 0.24377    Direction loss: 0.24377    Consistency loss: 0.00000    Sim loss: 1.61721   
Epoch 13, step 4 / 5. Update No.2 attribute: Young           Total loss: 0.39206    Direction loss: 0.38963    Consistency loss: 0.00243    Sim loss: 1.66794   
Epoch 13, step 4 / 5. Update No.3 attribute: Eyeglasses      Total loss: 0.35349    Direction loss: 0.35338    Consistency loss: 0.00011    Sim loss: 1.64958   
Adjusting learning rate of group 0 to 5.0000e-03.
Adjusting learning rate of group 0 to 5.0000e-03.
Adjusting learning rate of group 0 to 5.0000e-03.
Epoch 14, step 0 / 5. Update No.1 attribute: Male            Total loss: 0.22581    Direction loss: 0.22581    Consistency loss: 0.00000    Sim loss: 1.62131   
Epoch 14, step 0 / 5. Update No.2 attribute: Young           Total loss: 0.40766    Direction loss: 0.40522    Consistency loss: 0.00244    Sim loss: 1.66466   
Epoch 14, step 0 / 5. Update No.3 attribute: Eyeglasses      Total loss: 0.30396    Direction loss: 0.30396    Consistency loss: 0.00000    Sim loss: 1.65184   
Epoch 14, step 1 / 5. Update No.1 attribute: Male            Total loss: 0.25972    Direction loss: 0.25972    Consistency loss: 0.00000    Sim loss: 1.61665   
Epoch 14, step 1 / 5. Update No.2 attribute: Young           Total loss: 0.38576    Direction loss: 0.38331    Consistency loss: 0.00245    Sim loss: 1.67112   
Epoch 14, step 1 / 5. Update No.3 attribute: Eyeglasses      Total loss: 0.31334    Direction loss: 0.31334    Consistency loss: 0.00000    Sim loss: 1.65355   
Epoch 14, step 2 / 5. Update No.1 attribute: Male            Total loss: 0.22893    Direction loss: 0.22893    Consistency loss: 0.00000    Sim loss: 1.62033   
Epoch 14, step 2 / 5. Update No.2 attribute: Young           Total loss: 0.38528    Direction loss: 0.38258    Consistency loss: 0.00270    Sim loss: 1.67603   
Epoch 14, step 2 / 5. Update No.3 attribute: Eyeglasses      Total loss: 0.29703    Direction loss: 0.29703    Consistency loss: 0.00000    Sim loss: 1.65634   
Epoch 14, step 3 / 5. Update No.1 attribute: Male            Total loss: 0.23645    Direction loss: 0.23645    Consistency loss: 0.00000    Sim loss: 1.61431   
Epoch 14, step 3 / 5. Update No.2 attribute: Young           Total loss: 0.34864    Direction loss: 0.34597    Consistency loss: 0.00267    Sim loss: 1.66632   
Epoch 14, step 3 / 5. Update No.3 attribute: Eyeglasses      Total loss: 0.32477    Direction loss: 0.32477    Consistency loss: 0.00000    Sim loss: 1.64936   
Epoch 14, step 4 / 5. Update No.1 attribute: Male            Total loss: 0.22103    Direction loss: 0.22103    Consistency loss: 0.00000    Sim loss: 1.61916   
Epoch 14, step 4 / 5. Update No.2 attribute: Young           Total loss: 0.41874    Direction loss: 0.41616    Consistency loss: 0.00258    Sim loss: 1.67018   
Epoch 14, step 4 / 5. Update No.3 attribute: Eyeglasses      Total loss: 0.31574    Direction loss: 0.31574    Consistency loss: 0.00000    Sim loss: 1.66393   
Adjusting learning rate of group 0 to 5.0000e-03.
Adjusting learning rate of group 0 to 5.0000e-03.
Adjusting learning rate of group 0 to 5.0000e-03.
Epoch 15, step 0 / 5. Update No.1 attribute: Male            Total loss: 0.24800    Direction loss: 0.24800    Consistency loss: 0.00000    Sim loss: 1.61929   
Epoch 15, step 0 / 5. Update No.2 attribute: Young           Total loss: 0.35029    Direction loss: 0.34765    Consistency loss: 0.00264    Sim loss: 1.66141   
Epoch 15, step 0 / 5. Update No.3 attribute: Eyeglasses      Total loss: 0.29216    Direction loss: 0.29216    Consistency loss: 0.00000    Sim loss: 1.65398   
Epoch 15, step 1 / 5. Update No.1 attribute: Male            Total loss: 0.24177    Direction loss: 0.24177    Consistency loss: 0.00000    Sim loss: 1.61964   
Epoch 15, step 1 / 5. Update No.2 attribute: Young           Total loss: 0.39683    Direction loss: 0.39428    Consistency loss: 0.00254    Sim loss: 1.66834   
Epoch 15, step 1 / 5. Update No.3 attribute: Eyeglasses      Total loss: 0.30750    Direction loss: 0.30750    Consistency loss: 0.00000    Sim loss: 1.65024   
Epoch 15, step 2 / 5. Update No.1 attribute: Male            Total loss: 0.24270    Direction loss: 0.24270    Consistency loss: 0.00000    Sim loss: 1.61787   
Epoch 15, step 2 / 5. Update No.2 attribute: Young           Total loss: 0.39688    Direction loss: 0.39441    Consistency loss: 0.00246    Sim loss: 1.67501   
Epoch 15, step 2 / 5. Update No.3 attribute: Eyeglasses      Total loss: 0.34908    Direction loss: 0.34908    Consistency loss: 0.00000    Sim loss: 1.65597   
Epoch 15, step 3 / 5. Update No.1 attribute: Male            Total loss: 0.22443    Direction loss: 0.22443    Consistency loss: 0.00000    Sim loss: 1.62189   
Epoch 15, step 3 / 5. Update No.2 attribute: Young           Total loss: 0.37814    Direction loss: 0.37581    Consistency loss: 0.00233    Sim loss: 1.67214   
Epoch 15, step 3 / 5. Update No.3 attribute: Eyeglasses      Total loss: 0.29019    Direction loss: 0.29019    Consistency loss: 0.00000    Sim loss: 1.65777   
Epoch 15, step 4 / 5. Update No.1 attribute: Male            Total loss: 0.21186    Direction loss: 0.21186    Consistency loss: 0.00000    Sim loss: 1.61556   
Epoch 15, step 4 / 5. Update No.2 attribute: Young           Total loss: 0.35249    Direction loss: 0.35016    Consistency loss: 0.00233    Sim loss: 1.67521   
Epoch 15, step 4 / 5. Update No.3 attribute: Eyeglasses      Total loss: 0.32202    Direction loss: 0.32202    Consistency loss: 0.00000    Sim loss: 1.66198   
Adjusting learning rate of group 0 to 5.0000e-03.
Adjusting learning rate of group 0 to 5.0000e-03.
Adjusting learning rate of group 0 to 5.0000e-03.
Epoch 16, step 0 / 5. Update No.1 attribute: Male            Total loss: 0.23030    Direction loss: 0.23030    Consistency loss: 0.00000    Sim loss: 1.61765   
Epoch 16, step 0 / 5. Update No.2 attribute: Young           Total loss: 0.38432    Direction loss: 0.38193    Consistency loss: 0.00239    Sim loss: 1.67041   
Epoch 16, step 0 / 5. Update No.3 attribute: Eyeglasses      Total loss: 0.30548    Direction loss: 0.30548    Consistency loss: 0.00000    Sim loss: 1.65743   
Epoch 16, step 1 / 5. Update No.1 attribute: Male            Total loss: 0.22720    Direction loss: 0.22720    Consistency loss: 0.00000    Sim loss: 1.62208   
Epoch 16, step 1 / 5. Update No.2 attribute: Young           Total loss: 0.38523    Direction loss: 0.38267    Consistency loss: 0.00256    Sim loss: 1.67806   
Epoch 16, step 1 / 5. Update No.3 attribute: Eyeglasses      Total loss: 0.33285    Direction loss: 0.33285    Consistency loss: 0.00000    Sim loss: 1.65848   
Epoch 16, step 2 / 5. Update No.1 attribute: Male            Total loss: 0.23441    Direction loss: 0.23441    Consistency loss: 0.00000    Sim loss: 1.62353   
Epoch 16, step 2 / 5. Update No.2 attribute: Young           Total loss: 0.39487    Direction loss: 0.39219    Consistency loss: 0.00268    Sim loss: 1.67007   
Epoch 16, step 2 / 5. Update No.3 attribute: Eyeglasses      Total loss: 0.25794    Direction loss: 0.25794    Consistency loss: 0.00000    Sim loss: 1.65369   
Epoch 16, step 3 / 5. Update No.1 attribute: Male            Total loss: 0.24745    Direction loss: 0.24745    Consistency loss: 0.00000    Sim loss: 1.62218   
Epoch 16, step 3 / 5. Update No.2 attribute: Young           Total loss: 0.34601    Direction loss: 0.34329    Consistency loss: 0.00272    Sim loss: 1.67704   
Epoch 16, step 3 / 5. Update No.3 attribute: Eyeglasses      Total loss: 0.29126    Direction loss: 0.29126    Consistency loss: 0.00000    Sim loss: 1.66034   
Epoch 16, step 4 / 5. Update No.1 attribute: Male            Total loss: 0.26290    Direction loss: 0.26290    Consistency loss: 0.00000    Sim loss: 1.61890   
Epoch 16, step 4 / 5. Update No.2 attribute: Young           Total loss: 0.35724    Direction loss: 0.35467    Consistency loss: 0.00256    Sim loss: 1.67489   
Epoch 16, step 4 / 5. Update No.3 attribute: Eyeglasses      Total loss: 0.27882    Direction loss: 0.27877    Consistency loss: 0.00005    Sim loss: 1.66696   
Adjusting learning rate of group 0 to 5.0000e-03.
Adjusting learning rate of group 0 to 5.0000e-03.
Adjusting learning rate of group 0 to 5.0000e-03.
Epoch 17, step 0 / 5. Update No.1 attribute: Male            Total loss: 0.24096    Direction loss: 0.24096    Consistency loss: 0.00000    Sim loss: 1.62008   
Epoch 17, step 0 / 5. Update No.2 attribute: Young           Total loss: 0.37682    Direction loss: 0.37432    Consistency loss: 0.00250    Sim loss: 1.67817   
Epoch 17, step 0 / 5. Update No.3 attribute: Eyeglasses      Total loss: 0.28726    Direction loss: 0.28726    Consistency loss: 0.00000    Sim loss: 1.66273   
Epoch 17, step 1 / 5. Update No.1 attribute: Male            Total loss: 0.24063    Direction loss: 0.24063    Consistency loss: 0.00000    Sim loss: 1.62459   
Epoch 17, step 1 / 5. Update No.2 attribute: Young           Total loss: 0.35846    Direction loss: 0.35610    Consistency loss: 0.00236    Sim loss: 1.67162   
Epoch 17, step 1 / 5. Update No.3 attribute: Eyeglasses      Total loss: 0.26612    Direction loss: 0.26612    Consistency loss: 0.00000    Sim loss: 1.65164   
Epoch 17, step 2 / 5. Update No.1 attribute: Male            Total loss: 0.21293    Direction loss: 0.21293    Consistency loss: 0.00000    Sim loss: 1.61880   
Epoch 17, step 2 / 5. Update No.2 attribute: Young           Total loss: 0.38034    Direction loss: 0.37813    Consistency loss: 0.00222    Sim loss: 1.67418   
Epoch 17, step 2 / 5. Update No.3 attribute: Eyeglasses      Total loss: 0.29549    Direction loss: 0.29549    Consistency loss: 0.00000    Sim loss: 1.66247   
Epoch 17, step 3 / 5. Update No.1 attribute: Male            Total loss: 0.21486    Direction loss: 0.21486    Consistency loss: 0.00000    Sim loss: 1.62358   
Epoch 17, step 3 / 5. Update No.2 attribute: Young           Total loss: 0.35603    Direction loss: 0.35388    Consistency loss: 0.00215    Sim loss: 1.67195   
Epoch 17, step 3 / 5. Update No.3 attribute: Eyeglasses      Total loss: 0.36769    Direction loss: 0.36769    Consistency loss: 0.00000    Sim loss: 1.66467   
Epoch 17, step 4 / 5. Update No.1 attribute: Male            Total loss: 0.22879    Direction loss: 0.22879    Consistency loss: 0.00000    Sim loss: 1.61339   
Epoch 17, step 4 / 5. Update No.2 attribute: Young           Total loss: 0.39753    Direction loss: 0.39547    Consistency loss: 0.00206    Sim loss: 1.67161   
Epoch 17, step 4 / 5. Update No.3 attribute: Eyeglasses      Total loss: 0.27591    Direction loss: 0.27591    Consistency loss: 0.00000    Sim loss: 1.65806   
Adjusting learning rate of group 0 to 5.0000e-03.
Adjusting learning rate of group 0 to 5.0000e-03.
Adjusting learning rate of group 0 to 5.0000e-03.
Epoch 18, step 0 / 5. Update No.1 attribute: Male            Total loss: 0.21428    Direction loss: 0.21428    Consistency loss: 0.00000    Sim loss: 1.62235   
Epoch 18, step 0 / 5. Update No.2 attribute: Young           Total loss: 0.33457    Direction loss: 0.33253    Consistency loss: 0.00204    Sim loss: 1.67823   
Epoch 18, step 0 / 5. Update No.3 attribute: Eyeglasses      Total loss: 0.30866    Direction loss: 0.30866    Consistency loss: 0.00000    Sim loss: 1.66282   
Epoch 18, step 1 / 5. Update No.1 attribute: Male            Total loss: 0.22403    Direction loss: 0.22403    Consistency loss: 0.00000    Sim loss: 1.61898   
Epoch 18, step 1 / 5. Update No.2 attribute: Young           Total loss: 0.34119    Direction loss: 0.33913    Consistency loss: 0.00206    Sim loss: 1.67487   
Epoch 18, step 1 / 5. Update No.3 attribute: Eyeglasses      Total loss: 0.29129    Direction loss: 0.29129    Consistency loss: 0.00000    Sim loss: 1.66851   
Epoch 18, step 2 / 5. Update No.1 attribute: Male            Total loss: 0.22709    Direction loss: 0.22709    Consistency loss: 0.00000    Sim loss: 1.61739   
Epoch 18, step 2 / 5. Update No.2 attribute: Young           Total loss: 0.31644    Direction loss: 0.31439    Consistency loss: 0.00206    Sim loss: 1.67149   
Epoch 18, step 2 / 5. Update No.3 attribute: Eyeglasses      Total loss: 0.24187    Direction loss: 0.24187    Consistency loss: 0.00000    Sim loss: 1.65637   
Epoch 18, step 3 / 5. Update No.1 attribute: Male            Total loss: 0.21614    Direction loss: 0.21614    Consistency loss: 0.00000    Sim loss: 1.61827   
Epoch 18, step 3 / 5. Update No.2 attribute: Young           Total loss: 0.35878    Direction loss: 0.35670    Consistency loss: 0.00208    Sim loss: 1.67148   
Epoch 18, step 3 / 5. Update No.3 attribute: Eyeglasses      Total loss: 0.30665    Direction loss: 0.30665    Consistency loss: 0.00000    Sim loss: 1.66057   
Epoch 18, step 4 / 5. Update No.1 attribute: Male            Total loss: 0.24009    Direction loss: 0.24009    Consistency loss: 0.00000    Sim loss: 1.62519   
Epoch 18, step 4 / 5. Update No.2 attribute: Young           Total loss: 0.38482    Direction loss: 0.38270    Consistency loss: 0.00212    Sim loss: 1.67584   
Epoch 18, step 4 / 5. Update No.3 attribute: Eyeglasses      Total loss: 0.33077    Direction loss: 0.33077    Consistency loss: 0.00000    Sim loss: 1.65979   
Adjusting learning rate of group 0 to 5.0000e-03.
Adjusting learning rate of group 0 to 5.0000e-03.
Adjusting learning rate of group 0 to 5.0000e-03.
Epoch 19, step 0 / 5. Update No.1 attribute: Male            Total loss: 0.20574    Direction loss: 0.20574    Consistency loss: 0.00000    Sim loss: 1.62274   
Epoch 19, step 0 / 5. Update No.2 attribute: Young           Total loss: 0.35215    Direction loss: 0.34985    Consistency loss: 0.00230    Sim loss: 1.67394   
Epoch 19, step 0 / 5. Update No.3 attribute: Eyeglasses      Total loss: 0.35126    Direction loss: 0.35126    Consistency loss: 0.00000    Sim loss: 1.67108   
Epoch 19, step 1 / 5. Update No.1 attribute: Male            Total loss: 0.22799    Direction loss: 0.22799    Consistency loss: 0.00000    Sim loss: 1.62915   
Epoch 19, step 1 / 5. Update No.2 attribute: Young           Total loss: 0.36316    Direction loss: 0.36075    Consistency loss: 0.00241    Sim loss: 1.67928   
Epoch 19, step 1 / 5. Update No.3 attribute: Eyeglasses      Total loss: 0.28289    Direction loss: 0.28289    Consistency loss: 0.00000    Sim loss: 1.65756   
Epoch 19, step 2 / 5. Update No.1 attribute: Male            Total loss: 0.22704    Direction loss: 0.22704    Consistency loss: 0.00000    Sim loss: 1.61837   
Epoch 19, step 2 / 5. Update No.2 attribute: Young           Total loss: 0.36063    Direction loss: 0.35813    Consistency loss: 0.00250    Sim loss: 1.67694   
Epoch 19, step 2 / 5. Update No.3 attribute: Eyeglasses      Total loss: 0.27662    Direction loss: 0.27662    Consistency loss: 0.00000    Sim loss: 1.66642   
Epoch 19, step 3 / 5. Update No.1 attribute: Male            Total loss: 0.21435    Direction loss: 0.21435    Consistency loss: 0.00000    Sim loss: 1.61788   
Epoch 19, step 3 / 5. Update No.2 attribute: Young           Total loss: 0.36993    Direction loss: 0.36724    Consistency loss: 0.00268    Sim loss: 1.67738   
Epoch 19, step 3 / 5. Update No.3 attribute: Eyeglasses      Total loss: 0.29610    Direction loss: 0.29610    Consistency loss: 0.00000    Sim loss: 1.66151   
Epoch 19, step 4 / 5. Update No.1 attribute: Male            Total loss: 0.22789    Direction loss: 0.22789    Consistency loss: 0.00000    Sim loss: 1.61977   
Epoch 19, step 4 / 5. Update No.2 attribute: Young           Total loss: 0.34101    Direction loss: 0.33823    Consistency loss: 0.00278    Sim loss: 1.66975   
Epoch 19, step 4 / 5. Update No.3 attribute: Eyeglasses      Total loss: 0.26717    Direction loss: 0.26717    Consistency loss: 0.00000    Sim loss: 1.65537   
Adjusting learning rate of group 0 to 5.0000e-03.
Adjusting learning rate of group 0 to 5.0000e-03.
Adjusting learning rate of group 0 to 5.0000e-03.
Epoch 20, step 0 / 5. Update No.1 attribute: Male            Total loss: 0.23053    Direction loss: 0.23053    Consistency loss: 0.00000    Sim loss: 1.62065   
Epoch 20, step 0 / 5. Update No.2 attribute: Young           Total loss: 0.33197    Direction loss: 0.32921    Consistency loss: 0.00276    Sim loss: 1.67192   
Epoch 20, step 0 / 5. Update No.3 attribute: Eyeglasses      Total loss: 0.32420    Direction loss: 0.32420    Consistency loss: 0.00000    Sim loss: 1.67261   
Epoch 20, step 1 / 5. Update No.1 attribute: Male            Total loss: 0.21540    Direction loss: 0.21540    Consistency loss: 0.00000    Sim loss: 1.61685   
Epoch 20, step 1 / 5. Update No.2 attribute: Young           Total loss: 0.34385    Direction loss: 0.34123    Consistency loss: 0.00262    Sim loss: 1.67283   
Epoch 20, step 1 / 5. Update No.3 attribute: Eyeglasses      Total loss: 0.32888    Direction loss: 0.32888    Consistency loss: 0.00000    Sim loss: 1.66143   
Epoch 20, step 2 / 5. Update No.1 attribute: Male            Total loss: 0.20503    Direction loss: 0.20503    Consistency loss: 0.00000    Sim loss: 1.62017   
Epoch 20, step 2 / 5. Update No.2 attribute: Young           Total loss: 0.35000    Direction loss: 0.34742    Consistency loss: 0.00258    Sim loss: 1.67846   
Epoch 20, step 2 / 5. Update No.3 attribute: Eyeglasses      Total loss: 0.29998    Direction loss: 0.29980    Consistency loss: 0.00019    Sim loss: 1.66435   
Epoch 20, step 3 / 5. Update No.1 attribute: Male            Total loss: 0.19627    Direction loss: 0.19627    Consistency loss: 0.00000    Sim loss: 1.62880   
Epoch 20, step 3 / 5. Update No.2 attribute: Young           Total loss: 0.37225    Direction loss: 0.36998    Consistency loss: 0.00227    Sim loss: 1.68094   
Epoch 20, step 3 / 5. Update No.3 attribute: Eyeglasses      Total loss: 0.30594    Direction loss: 0.30571    Consistency loss: 0.00022    Sim loss: 1.65873   
Epoch 20, step 4 / 5. Update No.1 attribute: Male            Total loss: 0.20394    Direction loss: 0.20394    Consistency loss: 0.00000    Sim loss: 1.62938   
Epoch 20, step 4 / 5. Update No.2 attribute: Young           Total loss: 0.33463    Direction loss: 0.33260    Consistency loss: 0.00203    Sim loss: 1.68478   
Epoch 20, step 4 / 5. Update No.3 attribute: Eyeglasses      Total loss: 0.28005    Direction loss: 0.28001    Consistency loss: 0.00004    Sim loss: 1.65991   
Adjusting learning rate of group 0 to 5.0000e-03.
Adjusting learning rate of group 0 to 5.0000e-03.
Adjusting learning rate of group 0 to 5.0000e-03.
Successfully save FairTokens!
Successfully save Models!
Epoch 21, step 0 / 5. Update No.1 attribute: Male            Total loss: 0.19637    Direction loss: 0.19637    Consistency loss: 0.00000    Sim loss: 1.62357   
Epoch 21, step 0 / 5. Update No.2 attribute: Young           Total loss: 0.35718    Direction loss: 0.35548    Consistency loss: 0.00169    Sim loss: 1.67689   
Epoch 21, step 0 / 5. Update No.3 attribute: Eyeglasses      Total loss: 0.32673    Direction loss: 0.32673    Consistency loss: 0.00000    Sim loss: 1.66897   
Epoch 21, step 1 / 5. Update No.1 attribute: Male            Total loss: 0.20487    Direction loss: 0.20487    Consistency loss: 0.00000    Sim loss: 1.62218   
Epoch 21, step 1 / 5. Update No.2 attribute: Young           Total loss: 0.33194    Direction loss: 0.33050    Consistency loss: 0.00145    Sim loss: 1.67412   
Epoch 21, step 1 / 5. Update No.3 attribute: Eyeglasses      Total loss: 0.31616    Direction loss: 0.31616    Consistency loss: 0.00000    Sim loss: 1.67203   
Epoch 21, step 2 / 5. Update No.1 attribute: Male            Total loss: 0.19703    Direction loss: 0.19703    Consistency loss: 0.00000    Sim loss: 1.61625   
Epoch 21, step 2 / 5. Update No.2 attribute: Young           Total loss: 0.35336    Direction loss: 0.35196    Consistency loss: 0.00140    Sim loss: 1.68042   
Epoch 21, step 2 / 5. Update No.3 attribute: Eyeglasses      Total loss: 0.29543    Direction loss: 0.29543    Consistency loss: 0.00000    Sim loss: 1.66255   
Epoch 21, step 3 / 5. Update No.1 attribute: Male            Total loss: 0.20632    Direction loss: 0.20632    Consistency loss: 0.00000    Sim loss: 1.62683   
Epoch 21, step 3 / 5. Update No.2 attribute: Young           Total loss: 0.35982    Direction loss: 0.35842    Consistency loss: 0.00140    Sim loss: 1.67829   
Epoch 21, step 3 / 5. Update No.3 attribute: Eyeglasses      Total loss: 0.26961    Direction loss: 0.26961    Consistency loss: 0.00000    Sim loss: 1.66001   
Epoch 21, step 4 / 5. Update No.1 attribute: Male            Total loss: 0.23071    Direction loss: 0.23071    Consistency loss: 0.00000    Sim loss: 1.62302   
Epoch 21, step 4 / 5. Update No.2 attribute: Young           Total loss: 0.36160    Direction loss: 0.36038    Consistency loss: 0.00122    Sim loss: 1.68338   
Epoch 21, step 4 / 5. Update No.3 attribute: Eyeglasses      Total loss: 0.30436    Direction loss: 0.30436    Consistency loss: 0.00000    Sim loss: 1.66233   
Adjusting learning rate of group 0 to 5.0000e-03.
Adjusting learning rate of group 0 to 5.0000e-03.
Adjusting learning rate of group 0 to 5.0000e-03.
Epoch 22, step 0 / 5. Update No.1 attribute: Male            Total loss: 0.19604    Direction loss: 0.19604    Consistency loss: 0.00000    Sim loss: 1.62525   
Epoch 22, step 0 / 5. Update No.2 attribute: Young           Total loss: 0.34303    Direction loss: 0.34201    Consistency loss: 0.00103    Sim loss: 1.67612   
Epoch 22, step 0 / 5. Update No.3 attribute: Eyeglasses      Total loss: 0.31140    Direction loss: 0.31140    Consistency loss: 0.00000    Sim loss: 1.66465   
Epoch 22, step 1 / 5. Update No.1 attribute: Male            Total loss: 0.21427    Direction loss: 0.21427    Consistency loss: 0.00000    Sim loss: 1.62374   
Epoch 22, step 1 / 5. Update No.2 attribute: Young           Total loss: 0.33362    Direction loss: 0.33258    Consistency loss: 0.00104    Sim loss: 1.67752   
Epoch 22, step 1 / 5. Update No.3 attribute: Eyeglasses      Total loss: 0.30868    Direction loss: 0.30868    Consistency loss: 0.00000    Sim loss: 1.66657   
Epoch 22, step 2 / 5. Update No.1 attribute: Male            Total loss: 0.20475    Direction loss: 0.20475    Consistency loss: 0.00000    Sim loss: 1.61647   
Epoch 22, step 2 / 5. Update No.2 attribute: Young           Total loss: 0.33703    Direction loss: 0.33600    Consistency loss: 0.00103    Sim loss: 1.68405   
Epoch 22, step 2 / 5. Update No.3 attribute: Eyeglasses      Total loss: 0.28347    Direction loss: 0.28347    Consistency loss: 0.00000    Sim loss: 1.66107   
Epoch 22, step 3 / 5. Update No.1 attribute: Male            Total loss: 0.19876    Direction loss: 0.19876    Consistency loss: 0.00000    Sim loss: 1.61750   
Epoch 22, step 3 / 5. Update No.2 attribute: Young           Total loss: 0.35185    Direction loss: 0.35105    Consistency loss: 0.00081    Sim loss: 1.66803   
Epoch 22, step 3 / 5. Update No.3 attribute: Eyeglasses      Total loss: 0.25679    Direction loss: 0.25679    Consistency loss: 0.00000    Sim loss: 1.66007   
Epoch 22, step 4 / 5. Update No.1 attribute: Male            Total loss: 0.20942    Direction loss: 0.20942    Consistency loss: 0.00000    Sim loss: 1.62271   
Epoch 22, step 4 / 5. Update No.2 attribute: Young           Total loss: 0.33267    Direction loss: 0.33217    Consistency loss: 0.00050    Sim loss: 1.67690   
Epoch 22, step 4 / 5. Update No.3 attribute: Eyeglasses      Total loss: 0.42370    Direction loss: 0.42370    Consistency loss: 0.00000    Sim loss: 1.67094   
Adjusting learning rate of group 0 to 5.0000e-03.
Adjusting learning rate of group 0 to 5.0000e-03.
Adjusting learning rate of group 0 to 5.0000e-03.
Epoch 23, step 0 / 5. Update No.1 attribute: Male            Total loss: 0.20091    Direction loss: 0.20091    Consistency loss: 0.00000    Sim loss: 1.61797   
Epoch 23, step 0 / 5. Update No.2 attribute: Young           Total loss: 0.33330    Direction loss: 0.33272    Consistency loss: 0.00058    Sim loss: 1.66961   
Epoch 23, step 0 / 5. Update No.3 attribute: Eyeglasses      Total loss: 0.30150    Direction loss: 0.30150    Consistency loss: 0.00000    Sim loss: 1.67087   
Epoch 23, step 1 / 5. Update No.1 attribute: Male            Total loss: 0.21207    Direction loss: 0.21207    Consistency loss: 0.00000    Sim loss: 1.61511   
Epoch 23, step 1 / 5. Update No.2 attribute: Young           Total loss: 0.34127    Direction loss: 0.34066    Consistency loss: 0.00061    Sim loss: 1.67640   
Epoch 23, step 1 / 5. Update No.3 attribute: Eyeglasses      Total loss: 0.30036    Direction loss: 0.30036    Consistency loss: 0.00000    Sim loss: 1.66260   
Epoch 23, step 2 / 5. Update No.1 attribute: Male            Total loss: 0.21203    Direction loss: 0.21203    Consistency loss: 0.00000    Sim loss: 1.62767   
Epoch 23, step 2 / 5. Update No.2 attribute: Young           Total loss: 0.31891    Direction loss: 0.31808    Consistency loss: 0.00084    Sim loss: 1.67895   
Epoch 23, step 2 / 5. Update No.3 attribute: Eyeglasses      Total loss: 0.29057    Direction loss: 0.29057    Consistency loss: 0.00000    Sim loss: 1.66147   
Epoch 23, step 3 / 5. Update No.1 attribute: Male            Total loss: 0.20369    Direction loss: 0.20369    Consistency loss: 0.00000    Sim loss: 1.62480   
Epoch 23, step 3 / 5. Update No.2 attribute: Young           Total loss: 0.33339    Direction loss: 0.33237    Consistency loss: 0.00102    Sim loss: 1.68521   
Epoch 23, step 3 / 5. Update No.3 attribute: Eyeglasses      Total loss: 0.26733    Direction loss: 0.26733    Consistency loss: 0.00000    Sim loss: 1.66450   
Epoch 23, step 4 / 5. Update No.1 attribute: Male            Total loss: 0.20099    Direction loss: 0.20099    Consistency loss: 0.00000    Sim loss: 1.62711   
Epoch 23, step 4 / 5. Update No.2 attribute: Young           Total loss: 0.34136    Direction loss: 0.33985    Consistency loss: 0.00151    Sim loss: 1.67942   
Epoch 23, step 4 / 5. Update No.3 attribute: Eyeglasses      Total loss: 0.29307    Direction loss: 0.29307    Consistency loss: 0.00000    Sim loss: 1.66943   
Adjusting learning rate of group 0 to 5.0000e-03.
Adjusting learning rate of group 0 to 5.0000e-03.
Adjusting learning rate of group 0 to 5.0000e-03.
Epoch 24, step 0 / 5. Update No.1 attribute: Male            Total loss: 0.18313    Direction loss: 0.18313    Consistency loss: 0.00000    Sim loss: 1.62487   
Epoch 24, step 0 / 5. Update No.2 attribute: Young           Total loss: 0.34197    Direction loss: 0.34010    Consistency loss: 0.00187    Sim loss: 1.67990   
Epoch 24, step 0 / 5. Update No.3 attribute: Eyeglasses      Total loss: 0.33030    Direction loss: 0.33030    Consistency loss: 0.00000    Sim loss: 1.67153   
Epoch 24, step 1 / 5. Update No.1 attribute: Male            Total loss: 0.20068    Direction loss: 0.20068    Consistency loss: 0.00000    Sim loss: 1.62315   
Epoch 24, step 1 / 5. Update No.2 attribute: Young           Total loss: 0.36884    Direction loss: 0.36684    Consistency loss: 0.00200    Sim loss: 1.67465   
Epoch 24, step 1 / 5. Update No.3 attribute: Eyeglasses      Total loss: 0.31325    Direction loss: 0.31325    Consistency loss: 0.00000    Sim loss: 1.66603   
Epoch 24, step 2 / 5. Update No.1 attribute: Male            Total loss: 0.17941    Direction loss: 0.17941    Consistency loss: 0.00000    Sim loss: 1.62064   
Epoch 24, step 2 / 5. Update No.2 attribute: Young           Total loss: 0.30864    Direction loss: 0.30655    Consistency loss: 0.00208    Sim loss: 1.67948   
Epoch 24, step 2 / 5. Update No.3 attribute: Eyeglasses      Total loss: 0.29499    Direction loss: 0.29499    Consistency loss: 0.00000    Sim loss: 1.66877   
Epoch 24, step 3 / 5. Update No.1 attribute: Male            Total loss: 0.19843    Direction loss: 0.19843    Consistency loss: 0.00000    Sim loss: 1.62690   
Epoch 24, step 3 / 5. Update No.2 attribute: Young           Total loss: 0.33616    Direction loss: 0.33386    Consistency loss: 0.00230    Sim loss: 1.68225   
Epoch 24, step 3 / 5. Update No.3 attribute: Eyeglasses      Total loss: 0.29444    Direction loss: 0.29444    Consistency loss: 0.00000    Sim loss: 1.66719   
Epoch 24, step 4 / 5. Update No.1 attribute: Male            Total loss: 0.20226    Direction loss: 0.20226    Consistency loss: 0.00000    Sim loss: 1.62339   
Epoch 24, step 4 / 5. Update No.2 attribute: Young           Total loss: 0.35304    Direction loss: 0.35068    Consistency loss: 0.00236    Sim loss: 1.68471   
Epoch 24, step 4 / 5. Update No.3 attribute: Eyeglasses      Total loss: 0.31108    Direction loss: 0.31108    Consistency loss: 0.00000    Sim loss: 1.65868   
Adjusting learning rate of group 0 to 5.0000e-03.
Adjusting learning rate of group 0 to 5.0000e-03.
Adjusting learning rate of group 0 to 5.0000e-03.
Epoch 25, step 0 / 5. Update No.1 attribute: Male            Total loss: 0.20458    Direction loss: 0.20458    Consistency loss: 0.00000    Sim loss: 1.61441   
Epoch 25, step 0 / 5. Update No.2 attribute: Young           Total loss: 0.33442    Direction loss: 0.33212    Consistency loss: 0.00230    Sim loss: 1.68694   
Epoch 25, step 0 / 5. Update No.3 attribute: Eyeglasses      Total loss: 0.26884    Direction loss: 0.26884    Consistency loss: 0.00000    Sim loss: 1.67195   
Epoch 25, step 1 / 5. Update No.1 attribute: Male            Total loss: 0.18444    Direction loss: 0.18444    Consistency loss: 0.00000    Sim loss: 1.62170   
Epoch 25, step 1 / 5. Update No.2 attribute: Young           Total loss: 0.31838    Direction loss: 0.31630    Consistency loss: 0.00207    Sim loss: 1.67901   
Epoch 25, step 1 / 5. Update No.3 attribute: Eyeglasses      Total loss: 0.29558    Direction loss: 0.29558    Consistency loss: 0.00000    Sim loss: 1.67203   
Epoch 25, step 2 / 5. Update No.1 attribute: Male            Total loss: 0.21865    Direction loss: 0.21865    Consistency loss: 0.00000    Sim loss: 1.62728   
Epoch 25, step 2 / 5. Update No.2 attribute: Young           Total loss: 0.36219    Direction loss: 0.36052    Consistency loss: 0.00167    Sim loss: 1.68060   
Epoch 25, step 2 / 5. Update No.3 attribute: Eyeglasses      Total loss: 0.32418    Direction loss: 0.32418    Consistency loss: 0.00000    Sim loss: 1.66773   
Epoch 25, step 3 / 5. Update No.1 attribute: Male            Total loss: 0.18953    Direction loss: 0.18953    Consistency loss: 0.00000    Sim loss: 1.62993   
Epoch 25, step 3 / 5. Update No.2 attribute: Young           Total loss: 0.32012    Direction loss: 0.31859    Consistency loss: 0.00153    Sim loss: 1.67399   
Epoch 25, step 3 / 5. Update No.3 attribute: Eyeglasses      Total loss: 0.27775    Direction loss: 0.27775    Consistency loss: 0.00000    Sim loss: 1.66756   
Epoch 25, step 4 / 5. Update No.1 attribute: Male            Total loss: 0.19143    Direction loss: 0.19143    Consistency loss: 0.00000    Sim loss: 1.62431   
Epoch 25, step 4 / 5. Update No.2 attribute: Young           Total loss: 0.34122    Direction loss: 0.33963    Consistency loss: 0.00158    Sim loss: 1.67765   
Epoch 25, step 4 / 5. Update No.3 attribute: Eyeglasses      Total loss: 0.27868    Direction loss: 0.27868    Consistency loss: 0.00000    Sim loss: 1.66091   
Adjusting learning rate of group 0 to 5.0000e-03.
Adjusting learning rate of group 0 to 5.0000e-03.
Adjusting learning rate of group 0 to 5.0000e-03.
Epoch 26, step 0 / 5. Update No.1 attribute: Male            Total loss: 0.20044    Direction loss: 0.20044    Consistency loss: 0.00000    Sim loss: 1.63088   
Epoch 26, step 0 / 5. Update No.2 attribute: Young           Total loss: 0.33211    Direction loss: 0.33034    Consistency loss: 0.00177    Sim loss: 1.67908   
Epoch 26, step 0 / 5. Update No.3 attribute: Eyeglasses      Total loss: 0.28900    Direction loss: 0.28900    Consistency loss: 0.00000    Sim loss: 1.67058   
Epoch 26, step 1 / 5. Update No.1 attribute: Male            Total loss: 0.21515    Direction loss: 0.21515    Consistency loss: 0.00000    Sim loss: 1.62895   
Epoch 26, step 1 / 5. Update No.2 attribute: Young           Total loss: 0.33843    Direction loss: 0.33610    Consistency loss: 0.00233    Sim loss: 1.67403   
Epoch 26, step 1 / 5. Update No.3 attribute: Eyeglasses      Total loss: 0.30231    Direction loss: 0.30231    Consistency loss: 0.00000    Sim loss: 1.66748   
Epoch 26, step 2 / 5. Update No.1 attribute: Male            Total loss: 0.18896    Direction loss: 0.18896    Consistency loss: 0.00000    Sim loss: 1.61805   
Epoch 26, step 2 / 5. Update No.2 attribute: Young           Total loss: 0.33027    Direction loss: 0.32771    Consistency loss: 0.00256    Sim loss: 1.68033   
Epoch 26, step 2 / 5. Update No.3 attribute: Eyeglasses      Total loss: 0.31485    Direction loss: 0.31485    Consistency loss: 0.00000    Sim loss: 1.66844   
Epoch 26, step 3 / 5. Update No.1 attribute: Male            Total loss: 0.21761    Direction loss: 0.21761    Consistency loss: 0.00000    Sim loss: 1.62068   
Epoch 26, step 3 / 5. Update No.2 attribute: Young           Total loss: 0.29476    Direction loss: 0.29211    Consistency loss: 0.00265    Sim loss: 1.68385   
Epoch 26, step 3 / 5. Update No.3 attribute: Eyeglasses      Total loss: 0.30534    Direction loss: 0.30534    Consistency loss: 0.00000    Sim loss: 1.66541   
Epoch 26, step 4 / 5. Update No.1 attribute: Male            Total loss: 0.18981    Direction loss: 0.18981    Consistency loss: 0.00000    Sim loss: 1.62487   
Epoch 26, step 4 / 5. Update No.2 attribute: Young           Total loss: 0.33563    Direction loss: 0.33320    Consistency loss: 0.00243    Sim loss: 1.69015   
Epoch 26, step 4 / 5. Update No.3 attribute: Eyeglasses      Total loss: 0.33105    Direction loss: 0.33105    Consistency loss: 0.00000    Sim loss: 1.67043   
Adjusting learning rate of group 0 to 5.0000e-03.
Adjusting learning rate of group 0 to 5.0000e-03.
Adjusting learning rate of group 0 to 5.0000e-03.
Epoch 27, step 0 / 5. Update No.1 attribute: Male            Total loss: 0.17875    Direction loss: 0.17875    Consistency loss: 0.00000    Sim loss: 1.63202   
Epoch 27, step 0 / 5. Update No.2 attribute: Young           Total loss: 0.29491    Direction loss: 0.29283    Consistency loss: 0.00209    Sim loss: 1.67934   
Epoch 27, step 0 / 5. Update No.3 attribute: Eyeglasses      Total loss: 0.29708    Direction loss: 0.29708    Consistency loss: 0.00000    Sim loss: 1.67328   
Epoch 27, step 1 / 5. Update No.1 attribute: Male            Total loss: 0.20870    Direction loss: 0.20870    Consistency loss: 0.00000    Sim loss: 1.61843   
Epoch 27, step 1 / 5. Update No.2 attribute: Young           Total loss: 0.29426    Direction loss: 0.29272    Consistency loss: 0.00153    Sim loss: 1.68303   
Epoch 27, step 1 / 5. Update No.3 attribute: Eyeglasses      Total loss: 0.27405    Direction loss: 0.27405    Consistency loss: 0.00000    Sim loss: 1.66612   
Epoch 27, step 2 / 5. Update No.1 attribute: Male            Total loss: 0.18966    Direction loss: 0.18966    Consistency loss: 0.00000    Sim loss: 1.62623   
Epoch 27, step 2 / 5. Update No.2 attribute: Young           Total loss: 0.35682    Direction loss: 0.35575    Consistency loss: 0.00107    Sim loss: 1.68216   
Epoch 27, step 2 / 5. Update No.3 attribute: Eyeglasses      Total loss: 0.24032    Direction loss: 0.24032    Consistency loss: 0.00000    Sim loss: 1.66969   
Epoch 27, step 3 / 5. Update No.1 attribute: Male            Total loss: 0.18661    Direction loss: 0.18661    Consistency loss: 0.00000    Sim loss: 1.62121   
Epoch 27, step 3 / 5. Update No.2 attribute: Young           Total loss: 0.33038    Direction loss: 0.32952    Consistency loss: 0.00085    Sim loss: 1.68679   
Epoch 27, step 3 / 5. Update No.3 attribute: Eyeglasses      Total loss: 0.25810    Direction loss: 0.25810    Consistency loss: 0.00000    Sim loss: 1.66161   
Epoch 27, step 4 / 5. Update No.1 attribute: Male            Total loss: 0.20558    Direction loss: 0.20558    Consistency loss: 0.00000    Sim loss: 1.62613   
Epoch 27, step 4 / 5. Update No.2 attribute: Young           Total loss: 0.31789    Direction loss: 0.31713    Consistency loss: 0.00076    Sim loss: 1.67432   
Epoch 27, step 4 / 5. Update No.3 attribute: Eyeglasses      Total loss: 0.42282    Direction loss: 0.42282    Consistency loss: 0.00000    Sim loss: 1.67443   
Adjusting learning rate of group 0 to 5.0000e-03.
Adjusting learning rate of group 0 to 5.0000e-03.
Adjusting learning rate of group 0 to 5.0000e-03.
Epoch 28, step 0 / 5. Update No.1 attribute: Male            Total loss: 0.19227    Direction loss: 0.19227    Consistency loss: 0.00000    Sim loss: 1.61948   
Epoch 28, step 0 / 5. Update No.2 attribute: Young           Total loss: 0.30049    Direction loss: 0.29964    Consistency loss: 0.00085    Sim loss: 1.68138   
Epoch 28, step 0 / 5. Update No.3 attribute: Eyeglasses      Total loss: 0.27365    Direction loss: 0.27365    Consistency loss: 0.00000    Sim loss: 1.66795   
Epoch 28, step 1 / 5. Update No.1 attribute: Male            Total loss: 0.19394    Direction loss: 0.19394    Consistency loss: 0.00000    Sim loss: 1.62841   
Epoch 28, step 1 / 5. Update No.2 attribute: Young           Total loss: 0.32425    Direction loss: 0.32326    Consistency loss: 0.00098    Sim loss: 1.68287   
Epoch 28, step 1 / 5. Update No.3 attribute: Eyeglasses      Total loss: 0.27426    Direction loss: 0.27426    Consistency loss: 0.00000    Sim loss: 1.66974   
Epoch 28, step 2 / 5. Update No.1 attribute: Male            Total loss: 0.18942    Direction loss: 0.18942    Consistency loss: 0.00000    Sim loss: 1.62131   
Epoch 28, step 2 / 5. Update No.2 attribute: Young           Total loss: 0.29151    Direction loss: 0.29031    Consistency loss: 0.00120    Sim loss: 1.67800   
Epoch 28, step 2 / 5. Update No.3 attribute: Eyeglasses      Total loss: 0.23946    Direction loss: 0.23946    Consistency loss: 0.00000    Sim loss: 1.67334   
Epoch 28, step 3 / 5. Update No.1 attribute: Male            Total loss: 0.18443    Direction loss: 0.18443    Consistency loss: 0.00000    Sim loss: 1.62018   
Epoch 28, step 3 / 5. Update No.2 attribute: Young           Total loss: 0.32505    Direction loss: 0.32342    Consistency loss: 0.00163    Sim loss: 1.67850   
Epoch 28, step 3 / 5. Update No.3 attribute: Eyeglasses      Total loss: 0.26672    Direction loss: 0.26672    Consistency loss: 0.00000    Sim loss: 1.66686   
Epoch 28, step 4 / 5. Update No.1 attribute: Male            Total loss: 0.15824    Direction loss: 0.15824    Consistency loss: 0.00000    Sim loss: 1.63139   
Epoch 28, step 4 / 5. Update No.2 attribute: Young           Total loss: 0.33084    Direction loss: 0.32884    Consistency loss: 0.00200    Sim loss: 1.68490   
Epoch 28, step 4 / 5. Update No.3 attribute: Eyeglasses      Total loss: 0.28063    Direction loss: 0.28063    Consistency loss: 0.00000    Sim loss: 1.66714   
Adjusting learning rate of group 0 to 5.0000e-03.
Adjusting learning rate of group 0 to 5.0000e-03.
Adjusting learning rate of group 0 to 5.0000e-03.
Epoch 29, step 0 / 5. Update No.1 attribute: Male            Total loss: 0.17610    Direction loss: 0.17610    Consistency loss: 0.00000    Sim loss: 1.62042   
Epoch 29, step 0 / 5. Update No.2 attribute: Young           Total loss: 0.30704    Direction loss: 0.30488    Consistency loss: 0.00216    Sim loss: 1.68315   
Epoch 29, step 0 / 5. Update No.3 attribute: Eyeglasses      Total loss: 0.29244    Direction loss: 0.29244    Consistency loss: 0.00000    Sim loss: 1.66654   
Epoch 29, step 1 / 5. Update No.1 attribute: Male            Total loss: 0.19265    Direction loss: 0.19265    Consistency loss: 0.00000    Sim loss: 1.62676   
Epoch 29, step 1 / 5. Update No.2 attribute: Young           Total loss: 0.33015    Direction loss: 0.32803    Consistency loss: 0.00212    Sim loss: 1.68168   
Epoch 29, step 1 / 5. Update No.3 attribute: Eyeglasses      Total loss: 0.26039    Direction loss: 0.26039    Consistency loss: 0.00000    Sim loss: 1.66819   
Epoch 29, step 2 / 5. Update No.1 attribute: Male            Total loss: 0.18401    Direction loss: 0.18401    Consistency loss: 0.00000    Sim loss: 1.62399   
Epoch 29, step 2 / 5. Update No.2 attribute: Young           Total loss: 0.34524    Direction loss: 0.34328    Consistency loss: 0.00196    Sim loss: 1.68242   
Epoch 29, step 2 / 5. Update No.3 attribute: Eyeglasses      Total loss: 0.31760    Direction loss: 0.31760    Consistency loss: 0.00000    Sim loss: 1.67074   
Epoch 29, step 3 / 5. Update No.1 attribute: Male            Total loss: 0.18907    Direction loss: 0.18907    Consistency loss: 0.00000    Sim loss: 1.63130   
Epoch 29, step 3 / 5. Update No.2 attribute: Young           Total loss: 0.29731    Direction loss: 0.29583    Consistency loss: 0.00148    Sim loss: 1.68607   
Epoch 29, step 3 / 5. Update No.3 attribute: Eyeglasses      Total loss: 0.26231    Direction loss: 0.26231    Consistency loss: 0.00000    Sim loss: 1.67781   
Epoch 29, step 4 / 5. Update No.1 attribute: Male            Total loss: 0.17982    Direction loss: 0.17982    Consistency loss: 0.00000    Sim loss: 1.62847   
Epoch 29, step 4 / 5. Update No.2 attribute: Young           Total loss: 0.34843    Direction loss: 0.34728    Consistency loss: 0.00115    Sim loss: 1.68632   
Epoch 29, step 4 / 5. Update No.3 attribute: Eyeglasses      Total loss: 0.26416    Direction loss: 0.26416    Consistency loss: 0.00000    Sim loss: 1.66575   
Adjusting learning rate of group 0 to 5.0000e-03.
Adjusting learning rate of group 0 to 5.0000e-03.
Adjusting learning rate of group 0 to 5.0000e-03.
Epoch 30, step 0 / 5. Update No.1 attribute: Male            Total loss: 0.16769    Direction loss: 0.16769    Consistency loss: 0.00000    Sim loss: 1.62523   
Epoch 30, step 0 / 5. Update No.2 attribute: Young           Total loss: 0.30462    Direction loss: 0.30357    Consistency loss: 0.00105    Sim loss: 1.68473   
Epoch 30, step 0 / 5. Update No.3 attribute: Eyeglasses      Total loss: 0.28620    Direction loss: 0.28620    Consistency loss: 0.00000    Sim loss: 1.67568   
Epoch 30, step 1 / 5. Update No.1 attribute: Male            Total loss: 0.19882    Direction loss: 0.19882    Consistency loss: 0.00000    Sim loss: 1.62447   
Epoch 30, step 1 / 5. Update No.2 attribute: Young           Total loss: 0.29650    Direction loss: 0.29553    Consistency loss: 0.00098    Sim loss: 1.68269   
Epoch 30, step 1 / 5. Update No.3 attribute: Eyeglasses      Total loss: 0.24144    Direction loss: 0.24144    Consistency loss: 0.00000    Sim loss: 1.66302   
Epoch 30, step 2 / 5. Update No.1 attribute: Male            Total loss: 0.20590    Direction loss: 0.20590    Consistency loss: 0.00000    Sim loss: 1.62587   
Epoch 30, step 2 / 5. Update No.2 attribute: Young           Total loss: 0.29013    Direction loss: 0.28927    Consistency loss: 0.00086    Sim loss: 1.68402   
Epoch 30, step 2 / 5. Update No.3 attribute: Eyeglasses      Total loss: 0.24756    Direction loss: 0.24756    Consistency loss: 0.00000    Sim loss: 1.66969   
Epoch 30, step 3 / 5. Update No.1 attribute: Male            Total loss: 0.16036    Direction loss: 0.16036    Consistency loss: 0.00000    Sim loss: 1.62199   
Epoch 30, step 3 / 5. Update No.2 attribute: Young           Total loss: 0.33678    Direction loss: 0.33596    Consistency loss: 0.00082    Sim loss: 1.68011   
Epoch 30, step 3 / 5. Update No.3 attribute: Eyeglasses      Total loss: 0.22129    Direction loss: 0.22129    Consistency loss: 0.00000    Sim loss: 1.66330   
Epoch 30, step 4 / 5. Update No.1 attribute: Male            Total loss: 0.18164    Direction loss: 0.18164    Consistency loss: 0.00000    Sim loss: 1.62459   
Epoch 30, step 4 / 5. Update No.2 attribute: Young           Total loss: 0.34346    Direction loss: 0.34266    Consistency loss: 0.00080    Sim loss: 1.67668   
Epoch 30, step 4 / 5. Update No.3 attribute: Eyeglasses      Total loss: 0.35551    Direction loss: 0.35551    Consistency loss: 0.00000    Sim loss: 1.67381   
Adjusting learning rate of group 0 to 5.0000e-03.
Adjusting learning rate of group 0 to 5.0000e-03.
Adjusting learning rate of group 0 to 5.0000e-03.
Successfully save FairTokens!
Successfully save Models!

JOB STATISTICS
==============
Job ID: 4830133
Cluster: snellius
User/Group: scur1031/scur1031
State: RUNNING
Nodes: 1
Cores per node: 9
CPU Utilized: 00:00:00
CPU Efficiency: 0.00% of 00:48:18 core-walltime
Job Wall-clock time: 00:05:22
Memory Utilized: 0.00 MB (estimated maximum)
Memory Efficiency: 0.00% of 31.25 GB (31.25 GB/node)
WARNING: Efficiency statistics may be misleading for RUNNING jobs.
