Device used for training the model cuda
Adjusting learning rate of group 0 to 1.0000e-02.
Epoch 1, step 0 / 5. Update No.1 attribute: Mustache        Total loss: 1.62968    Direction loss: nan        Consistency loss: 0.00000    Sim loss: 1.62968   
Epoch 1, step 1 / 5. Update No.1 attribute: Mustache        Total loss: 1.23744    Direction loss: 0.93113    Consistency loss: 0.30631    Sim loss: 1.62976   
Epoch 1, step 2 / 5. Update No.1 attribute: Mustache        Total loss: 0.80167    Direction loss: 0.73949    Consistency loss: 0.06218    Sim loss: 1.60817   
Epoch 1, step 3 / 5. Update No.1 attribute: Mustache        Total loss: 0.74971    Direction loss: 0.66555    Consistency loss: 0.08416    Sim loss: 1.60633   
Epoch 1, step 4 / 5. Update No.1 attribute: Mustache        Total loss: 0.62115    Direction loss: 0.60557    Consistency loss: 0.01558    Sim loss: 1.62564   
Adjusting learning rate of group 0 to 1.0000e-02.
Epoch 2, step 0 / 5. Update No.1 attribute: Mustache        Total loss: 0.45571    Direction loss: 0.45571    Consistency loss: 0.00000    Sim loss: 1.61337   
Epoch 2, step 1 / 5. Update No.1 attribute: Mustache        Total loss: 0.49121    Direction loss: 0.48623    Consistency loss: 0.00498    Sim loss: 1.62896   
Epoch 2, step 2 / 5. Update No.1 attribute: Mustache        Total loss: 0.40831    Direction loss: 0.40831    Consistency loss: 0.00000    Sim loss: 1.61418   
Epoch 2, step 3 / 5. Update No.1 attribute: Mustache        Total loss: 0.41715    Direction loss: 0.41715    Consistency loss: 0.00000    Sim loss: 1.61788   
Epoch 2, step 4 / 5. Update No.1 attribute: Mustache        Total loss: 0.36837    Direction loss: 0.36837    Consistency loss: 0.00000    Sim loss: 1.61583   
Adjusting learning rate of group 0 to 1.0000e-02.
Epoch 3, step 0 / 5. Update No.1 attribute: Mustache        Total loss: 0.35317    Direction loss: 0.35317    Consistency loss: 0.00000    Sim loss: 1.61778   
Epoch 3, step 1 / 5. Update No.1 attribute: Mustache        Total loss: 0.34820    Direction loss: 0.34820    Consistency loss: 0.00000    Sim loss: 1.61476   
Epoch 3, step 2 / 5. Update No.1 attribute: Mustache        Total loss: 0.29175    Direction loss: 0.29175    Consistency loss: 0.00000    Sim loss: 1.60554   
Epoch 3, step 3 / 5. Update No.1 attribute: Mustache        Total loss: 0.27864    Direction loss: 0.27864    Consistency loss: 0.00000    Sim loss: 1.61554   
Epoch 3, step 4 / 5. Update No.1 attribute: Mustache        Total loss: 0.35287    Direction loss: 0.35287    Consistency loss: 0.00000    Sim loss: 1.61799   
Adjusting learning rate of group 0 to 1.0000e-02.
Epoch 4, step 0 / 5. Update No.1 attribute: Mustache        Total loss: 0.31221    Direction loss: 0.31221    Consistency loss: 0.00000    Sim loss: 1.63040   
Epoch 4, step 1 / 5. Update No.1 attribute: Mustache        Total loss: 0.27829    Direction loss: 0.27829    Consistency loss: 0.00000    Sim loss: 1.61701   
Epoch 4, step 2 / 5. Update No.1 attribute: Mustache        Total loss: 0.31573    Direction loss: 0.31573    Consistency loss: 0.00000    Sim loss: 1.61633   
Epoch 4, step 3 / 5. Update No.1 attribute: Mustache        Total loss: 0.25274    Direction loss: 0.25274    Consistency loss: 0.00000    Sim loss: 1.61357   
Epoch 4, step 4 / 5. Update No.1 attribute: Mustache        Total loss: 0.27397    Direction loss: 0.27397    Consistency loss: 0.00000    Sim loss: 1.61470   
Adjusting learning rate of group 0 to 1.0000e-02.
Epoch 5, step 0 / 5. Update No.1 attribute: Mustache        Total loss: 0.22254    Direction loss: 0.22254    Consistency loss: 0.00000    Sim loss: 1.60543   
Epoch 5, step 1 / 5. Update No.1 attribute: Mustache        Total loss: 0.26604    Direction loss: 0.26604    Consistency loss: 0.00000    Sim loss: 1.62253   
Epoch 5, step 2 / 5. Update No.1 attribute: Mustache        Total loss: 0.28218    Direction loss: 0.28218    Consistency loss: 0.00000    Sim loss: 1.62021   
Epoch 5, step 3 / 5. Update No.1 attribute: Mustache        Total loss: 0.23551    Direction loss: 0.23551    Consistency loss: 0.00000    Sim loss: 1.62118   
Epoch 5, step 4 / 5. Update No.1 attribute: Mustache        Total loss: 0.32323    Direction loss: 0.32323    Consistency loss: 0.00000    Sim loss: 1.63787   
Adjusting learning rate of group 0 to 1.0000e-02.
Epoch 6, step 0 / 5. Update No.1 attribute: Mustache        Total loss: 0.26030    Direction loss: 0.26030    Consistency loss: 0.00000    Sim loss: 1.62043   
Epoch 6, step 1 / 5. Update No.1 attribute: Mustache        Total loss: 0.25297    Direction loss: 0.25297    Consistency loss: 0.00000    Sim loss: 1.60670   
Epoch 6, step 2 / 5. Update No.1 attribute: Mustache        Total loss: 0.24383    Direction loss: 0.24383    Consistency loss: 0.00000    Sim loss: 1.63403   
Epoch 6, step 3 / 5. Update No.1 attribute: Mustache        Total loss: 0.20877    Direction loss: 0.20877    Consistency loss: 0.00000    Sim loss: 1.61395   
Epoch 6, step 4 / 5. Update No.1 attribute: Mustache        Total loss: 0.23100    Direction loss: 0.23100    Consistency loss: 0.00000    Sim loss: 1.62698   
Adjusting learning rate of group 0 to 1.0000e-02.
Epoch 7, step 0 / 5. Update No.1 attribute: Mustache        Total loss: 0.20913    Direction loss: 0.20913    Consistency loss: 0.00000    Sim loss: 1.61255   
Epoch 7, step 1 / 5. Update No.1 attribute: Mustache        Total loss: 0.24119    Direction loss: 0.24119    Consistency loss: 0.00000    Sim loss: 1.62055   
Epoch 7, step 2 / 5. Update No.1 attribute: Mustache        Total loss: 0.23731    Direction loss: 0.23731    Consistency loss: 0.00000    Sim loss: 1.61242   
Epoch 7, step 3 / 5. Update No.1 attribute: Mustache        Total loss: 0.22186    Direction loss: 0.22186    Consistency loss: 0.00000    Sim loss: 1.62218   
Epoch 7, step 4 / 5. Update No.1 attribute: Mustache        Total loss: 0.21917    Direction loss: 0.21917    Consistency loss: 0.00000    Sim loss: 1.63203   
Adjusting learning rate of group 0 to 1.0000e-02.
Epoch 8, step 0 / 5. Update No.1 attribute: Mustache        Total loss: 0.20141    Direction loss: 0.20141    Consistency loss: 0.00000    Sim loss: 1.61625   
Epoch 8, step 1 / 5. Update No.1 attribute: Mustache        Total loss: 0.18801    Direction loss: 0.18801    Consistency loss: 0.00000    Sim loss: 1.61544   
Epoch 8, step 2 / 5. Update No.1 attribute: Mustache        Total loss: 0.20178    Direction loss: 0.20178    Consistency loss: 0.00000    Sim loss: 1.62405   
Epoch 8, step 3 / 5. Update No.1 attribute: Mustache        Total loss: 0.26118    Direction loss: 0.26118    Consistency loss: 0.00000    Sim loss: 1.61888   
Epoch 8, step 4 / 5. Update No.1 attribute: Mustache        Total loss: 0.25081    Direction loss: 0.25081    Consistency loss: 0.00000    Sim loss: 1.62896   
Adjusting learning rate of group 0 to 1.0000e-02.
Epoch 9, step 0 / 5. Update No.1 attribute: Mustache        Total loss: 0.23027    Direction loss: 0.23027    Consistency loss: 0.00000    Sim loss: 1.62611   
Epoch 9, step 1 / 5. Update No.1 attribute: Mustache        Total loss: 0.18302    Direction loss: 0.18302    Consistency loss: 0.00000    Sim loss: 1.61413   
Epoch 9, step 2 / 5. Update No.1 attribute: Mustache        Total loss: 0.28744    Direction loss: 0.28744    Consistency loss: 0.00000    Sim loss: 1.63325   
Epoch 9, step 3 / 5. Update No.1 attribute: Mustache        Total loss: 0.15716    Direction loss: 0.15716    Consistency loss: 0.00000    Sim loss: 1.61219   
Epoch 9, step 4 / 5. Update No.1 attribute: Mustache        Total loss: 0.15569    Direction loss: 0.15569    Consistency loss: 0.00000    Sim loss: 1.60915   
Adjusting learning rate of group 0 to 1.0000e-02.
Epoch 10, step 0 / 5. Update No.1 attribute: Mustache        Total loss: 0.18848    Direction loss: 0.18848    Consistency loss: 0.00000    Sim loss: 1.61738   
Epoch 10, step 1 / 5. Update No.1 attribute: Mustache        Total loss: 0.22574    Direction loss: 0.22574    Consistency loss: 0.00000    Sim loss: 1.62327   
Epoch 10, step 2 / 5. Update No.1 attribute: Mustache        Total loss: 0.19408    Direction loss: 0.19408    Consistency loss: 0.00000    Sim loss: 1.61861   
Epoch 10, step 3 / 5. Update No.1 attribute: Mustache        Total loss: 0.17230    Direction loss: 0.17230    Consistency loss: 0.00000    Sim loss: 1.61364   
Epoch 10, step 4 / 5. Update No.1 attribute: Mustache        Total loss: 0.26897    Direction loss: 0.26897    Consistency loss: 0.00000    Sim loss: 1.62512   
Adjusting learning rate of group 0 to 5.0000e-03.
Successfully save FairTokens!
Successfully save Models!
Epoch 11, step 0 / 5. Update No.1 attribute: Mustache        Total loss: 0.17595    Direction loss: 0.17595    Consistency loss: 0.00000    Sim loss: 1.61432   
Epoch 11, step 1 / 5. Update No.1 attribute: Mustache        Total loss: 0.17667    Direction loss: 0.17667    Consistency loss: 0.00000    Sim loss: 1.61464   
Epoch 11, step 2 / 5. Update No.1 attribute: Mustache        Total loss: 0.17676    Direction loss: 0.17676    Consistency loss: 0.00000    Sim loss: 1.62129   
Epoch 11, step 3 / 5. Update No.1 attribute: Mustache        Total loss: 0.25988    Direction loss: 0.25988    Consistency loss: 0.00000    Sim loss: 1.63027   
Epoch 11, step 4 / 5. Update No.1 attribute: Mustache        Total loss: 0.23623    Direction loss: 0.23623    Consistency loss: 0.00000    Sim loss: 1.61126   
Adjusting learning rate of group 0 to 5.0000e-03.
Epoch 12, step 0 / 5. Update No.1 attribute: Mustache        Total loss: 0.21361    Direction loss: 0.21361    Consistency loss: 0.00000    Sim loss: 1.62098   
Epoch 12, step 1 / 5. Update No.1 attribute: Mustache        Total loss: 0.16594    Direction loss: 0.16594    Consistency loss: 0.00000    Sim loss: 1.61387   
Epoch 12, step 2 / 5. Update No.1 attribute: Mustache        Total loss: 0.16543    Direction loss: 0.16543    Consistency loss: 0.00000    Sim loss: 1.61940   
Epoch 12, step 3 / 5. Update No.1 attribute: Mustache        Total loss: 0.16968    Direction loss: 0.16968    Consistency loss: 0.00000    Sim loss: 1.62363   
Epoch 12, step 4 / 5. Update No.1 attribute: Mustache        Total loss: 0.18360    Direction loss: 0.18360    Consistency loss: 0.00000    Sim loss: 1.61795   
Adjusting learning rate of group 0 to 5.0000e-03.
Epoch 13, step 0 / 5. Update No.1 attribute: Mustache        Total loss: 0.22960    Direction loss: 0.22960    Consistency loss: 0.00000    Sim loss: 1.61442   
Epoch 13, step 1 / 5. Update No.1 attribute: Mustache        Total loss: 0.15761    Direction loss: 0.15761    Consistency loss: 0.00000    Sim loss: 1.60730   
Epoch 13, step 2 / 5. Update No.1 attribute: Mustache        Total loss: 0.14971    Direction loss: 0.14971    Consistency loss: 0.00000    Sim loss: 1.61865   
Epoch 13, step 3 / 5. Update No.1 attribute: Mustache        Total loss: 0.20854    Direction loss: 0.20854    Consistency loss: 0.00000    Sim loss: 1.62528   
Epoch 13, step 4 / 5. Update No.1 attribute: Mustache        Total loss: 0.19003    Direction loss: 0.19003    Consistency loss: 0.00000    Sim loss: 1.62252   
Adjusting learning rate of group 0 to 5.0000e-03.
Epoch 14, step 0 / 5. Update No.1 attribute: Mustache        Total loss: 0.22242    Direction loss: 0.22242    Consistency loss: 0.00000    Sim loss: 1.62649   
Epoch 14, step 1 / 5. Update No.1 attribute: Mustache        Total loss: 0.12562    Direction loss: 0.12562    Consistency loss: 0.00000    Sim loss: 1.61108   
Epoch 14, step 2 / 5. Update No.1 attribute: Mustache        Total loss: 0.17606    Direction loss: 0.17606    Consistency loss: 0.00000    Sim loss: 1.61958   
Epoch 14, step 3 / 5. Update No.1 attribute: Mustache        Total loss: 0.24483    Direction loss: 0.24483    Consistency loss: 0.00000    Sim loss: 1.62322   
Epoch 14, step 4 / 5. Update No.1 attribute: Mustache        Total loss: 0.16436    Direction loss: 0.16436    Consistency loss: 0.00000    Sim loss: 1.61030   
Adjusting learning rate of group 0 to 5.0000e-03.
Epoch 15, step 0 / 5. Update No.1 attribute: Mustache        Total loss: 0.14295    Direction loss: 0.14295    Consistency loss: 0.00000    Sim loss: 1.61352   
Epoch 15, step 1 / 5. Update No.1 attribute: Mustache        Total loss: 0.13527    Direction loss: 0.13527    Consistency loss: 0.00000    Sim loss: 1.62044   
Epoch 15, step 2 / 5. Update No.1 attribute: Mustache        Total loss: 0.16639    Direction loss: 0.16639    Consistency loss: 0.00000    Sim loss: 1.61387   
Epoch 15, step 3 / 5. Update No.1 attribute: Mustache        Total loss: 0.21088    Direction loss: 0.21088    Consistency loss: 0.00000    Sim loss: 1.62170   
Epoch 15, step 4 / 5. Update No.1 attribute: Mustache        Total loss: 0.15778    Direction loss: 0.15778    Consistency loss: 0.00000    Sim loss: 1.61548   
Adjusting learning rate of group 0 to 5.0000e-03.
Epoch 16, step 0 / 5. Update No.1 attribute: Mustache        Total loss: 0.14116    Direction loss: 0.14116    Consistency loss: 0.00000    Sim loss: 1.60515   
Epoch 16, step 1 / 5. Update No.1 attribute: Mustache        Total loss: 0.17061    Direction loss: 0.17061    Consistency loss: 0.00000    Sim loss: 1.62135   
Epoch 16, step 2 / 5. Update No.1 attribute: Mustache        Total loss: 0.16618    Direction loss: 0.16618    Consistency loss: 0.00000    Sim loss: 1.60921   
Epoch 16, step 3 / 5. Update No.1 attribute: Mustache        Total loss: 0.20428    Direction loss: 0.20428    Consistency loss: 0.00000    Sim loss: 1.63105   
Epoch 16, step 4 / 5. Update No.1 attribute: Mustache        Total loss: 0.14846    Direction loss: 0.14846    Consistency loss: 0.00000    Sim loss: 1.61582   
Adjusting learning rate of group 0 to 5.0000e-03.
Epoch 17, step 0 / 5. Update No.1 attribute: Mustache        Total loss: 0.19155    Direction loss: 0.19155    Consistency loss: 0.00000    Sim loss: 1.62792   
Epoch 17, step 1 / 5. Update No.1 attribute: Mustache        Total loss: 0.17600    Direction loss: 0.17600    Consistency loss: 0.00000    Sim loss: 1.60864   
Epoch 17, step 2 / 5. Update No.1 attribute: Mustache        Total loss: 0.20873    Direction loss: 0.20873    Consistency loss: 0.00000    Sim loss: 1.61888   
Epoch 17, step 3 / 5. Update No.1 attribute: Mustache        Total loss: 0.16851    Direction loss: 0.16851    Consistency loss: 0.00000    Sim loss: 1.62289   
Epoch 17, step 4 / 5. Update No.1 attribute: Mustache        Total loss: 0.13599    Direction loss: 0.13599    Consistency loss: 0.00000    Sim loss: 1.60694   
Adjusting learning rate of group 0 to 5.0000e-03.
Epoch 18, step 0 / 5. Update No.1 attribute: Mustache        Total loss: 0.14206    Direction loss: 0.14206    Consistency loss: 0.00000    Sim loss: 1.61336   
Epoch 18, step 1 / 5. Update No.1 attribute: Mustache        Total loss: 0.13748    Direction loss: 0.13748    Consistency loss: 0.00000    Sim loss: 1.61350   
Epoch 18, step 2 / 5. Update No.1 attribute: Mustache        Total loss: 0.20355    Direction loss: 0.20355    Consistency loss: 0.00000    Sim loss: 1.62460   
Epoch 18, step 3 / 5. Update No.1 attribute: Mustache        Total loss: 0.17805    Direction loss: 0.17805    Consistency loss: 0.00000    Sim loss: 1.61660   
Epoch 18, step 4 / 5. Update No.1 attribute: Mustache        Total loss: 0.17471    Direction loss: 0.17471    Consistency loss: 0.00000    Sim loss: 1.61021   
Adjusting learning rate of group 0 to 5.0000e-03.
Epoch 19, step 0 / 5. Update No.1 attribute: Mustache        Total loss: 0.13320    Direction loss: 0.13320    Consistency loss: 0.00000    Sim loss: 1.61281   
Epoch 19, step 1 / 5. Update No.1 attribute: Mustache        Total loss: 0.18164    Direction loss: 0.18164    Consistency loss: 0.00000    Sim loss: 1.61286   
Epoch 19, step 2 / 5. Update No.1 attribute: Mustache        Total loss: 0.15569    Direction loss: 0.15569    Consistency loss: 0.00000    Sim loss: 1.60727   
Epoch 19, step 3 / 5. Update No.1 attribute: Mustache        Total loss: 0.22333    Direction loss: 0.22333    Consistency loss: 0.00000    Sim loss: 1.63104   
Epoch 19, step 4 / 5. Update No.1 attribute: Mustache        Total loss: 0.16189    Direction loss: 0.16189    Consistency loss: 0.00000    Sim loss: 1.61144   
Adjusting learning rate of group 0 to 5.0000e-03.
Epoch 20, step 0 / 5. Update No.1 attribute: Mustache        Total loss: 0.14895    Direction loss: 0.14895    Consistency loss: 0.00000    Sim loss: 1.60463   
Epoch 20, step 1 / 5. Update No.1 attribute: Mustache        Total loss: 0.14010    Direction loss: 0.14010    Consistency loss: 0.00000    Sim loss: 1.61067   
Epoch 20, step 2 / 5. Update No.1 attribute: Mustache        Total loss: 0.17484    Direction loss: 0.17484    Consistency loss: 0.00000    Sim loss: 1.61367   
Epoch 20, step 3 / 5. Update No.1 attribute: Mustache        Total loss: 0.26636    Direction loss: 0.26636    Consistency loss: 0.00000    Sim loss: 1.62896   
Epoch 20, step 4 / 5. Update No.1 attribute: Mustache        Total loss: 0.14875    Direction loss: 0.14875    Consistency loss: 0.00000    Sim loss: 1.61381   
Adjusting learning rate of group 0 to 5.0000e-03.
Successfully save FairTokens!
Successfully save Models!
Epoch 21, step 0 / 5. Update No.1 attribute: Mustache        Total loss: 0.16791    Direction loss: 0.16791    Consistency loss: 0.00000    Sim loss: 1.60660   
Epoch 21, step 1 / 5. Update No.1 attribute: Mustache        Total loss: 0.18595    Direction loss: 0.18595    Consistency loss: 0.00000    Sim loss: 1.62101   
Epoch 21, step 2 / 5. Update No.1 attribute: Mustache        Total loss: 0.13532    Direction loss: 0.13532    Consistency loss: 0.00000    Sim loss: 1.61657   
Epoch 21, step 3 / 5. Update No.1 attribute: Mustache        Total loss: 0.19338    Direction loss: 0.19338    Consistency loss: 0.00000    Sim loss: 1.62201   
Epoch 21, step 4 / 5. Update No.1 attribute: Mustache        Total loss: 0.13318    Direction loss: 0.13318    Consistency loss: 0.00000    Sim loss: 1.60314   
Adjusting learning rate of group 0 to 5.0000e-03.
Epoch 22, step 0 / 5. Update No.1 attribute: Mustache        Total loss: 0.17624    Direction loss: 0.17624    Consistency loss: 0.00000    Sim loss: 1.61195   
Epoch 22, step 1 / 5. Update No.1 attribute: Mustache        Total loss: 0.17528    Direction loss: 0.17528    Consistency loss: 0.00000    Sim loss: 1.60880   
Epoch 22, step 2 / 5. Update No.1 attribute: Mustache        Total loss: 0.12882    Direction loss: 0.12882    Consistency loss: 0.00000    Sim loss: 1.61651   
Epoch 22, step 3 / 5. Update No.1 attribute: Mustache        Total loss: 0.18707    Direction loss: 0.18707    Consistency loss: 0.00000    Sim loss: 1.61935   
Epoch 22, step 4 / 5. Update No.1 attribute: Mustache        Total loss: 0.13932    Direction loss: 0.13932    Consistency loss: 0.00000    Sim loss: 1.61600   
Adjusting learning rate of group 0 to 5.0000e-03.
Epoch 23, step 0 / 5. Update No.1 attribute: Mustache        Total loss: 0.20093    Direction loss: 0.20093    Consistency loss: 0.00000    Sim loss: 1.61496   
Epoch 23, step 1 / 5. Update No.1 attribute: Mustache        Total loss: 0.16020    Direction loss: 0.16020    Consistency loss: 0.00000    Sim loss: 1.60939   
Epoch 23, step 2 / 5. Update No.1 attribute: Mustache        Total loss: 0.14235    Direction loss: 0.14235    Consistency loss: 0.00000    Sim loss: 1.61150   
Epoch 23, step 3 / 5. Update No.1 attribute: Mustache        Total loss: 0.14061    Direction loss: 0.14061    Consistency loss: 0.00000    Sim loss: 1.61257   
Epoch 23, step 4 / 5. Update No.1 attribute: Mustache        Total loss: 0.22424    Direction loss: 0.22424    Consistency loss: 0.00000    Sim loss: 1.61963   
Adjusting learning rate of group 0 to 5.0000e-03.
Epoch 24, step 0 / 5. Update No.1 attribute: Mustache        Total loss: 0.16158    Direction loss: 0.16158    Consistency loss: 0.00000    Sim loss: 1.61591   
Epoch 24, step 1 / 5. Update No.1 attribute: Mustache        Total loss: 0.14388    Direction loss: 0.14388    Consistency loss: 0.00000    Sim loss: 1.61708   
Epoch 24, step 2 / 5. Update No.1 attribute: Mustache        Total loss: 0.09974    Direction loss: 0.09974    Consistency loss: 0.00000    Sim loss: 1.59387   
Epoch 24, step 3 / 5. Update No.1 attribute: Mustache        Total loss: 0.18105    Direction loss: 0.18105    Consistency loss: 0.00000    Sim loss: 1.63045   
Epoch 24, step 4 / 5. Update No.1 attribute: Mustache        Total loss: 0.15889    Direction loss: 0.15889    Consistency loss: 0.00000    Sim loss: 1.61406   
Adjusting learning rate of group 0 to 5.0000e-03.
Epoch 25, step 0 / 5. Update No.1 attribute: Mustache        Total loss: 0.15149    Direction loss: 0.15149    Consistency loss: 0.00000    Sim loss: 1.61751   
Epoch 25, step 1 / 5. Update No.1 attribute: Mustache        Total loss: 0.16430    Direction loss: 0.16430    Consistency loss: 0.00000    Sim loss: 1.61835   
Epoch 25, step 2 / 5. Update No.1 attribute: Mustache        Total loss: 0.14913    Direction loss: 0.14913    Consistency loss: 0.00000    Sim loss: 1.61464   
Epoch 25, step 3 / 5. Update No.1 attribute: Mustache        Total loss: 0.16311    Direction loss: 0.16311    Consistency loss: 0.00000    Sim loss: 1.59740   
Epoch 25, step 4 / 5. Update No.1 attribute: Mustache        Total loss: 0.18151    Direction loss: 0.18151    Consistency loss: 0.00000    Sim loss: 1.62219   
Adjusting learning rate of group 0 to 5.0000e-03.
Epoch 26, step 0 / 5. Update No.1 attribute: Mustache        Total loss: 0.17044    Direction loss: 0.17044    Consistency loss: 0.00000    Sim loss: 1.61977   
Epoch 26, step 1 / 5. Update No.1 attribute: Mustache        Total loss: 0.13517    Direction loss: 0.13517    Consistency loss: 0.00000    Sim loss: 1.59693   
Epoch 26, step 2 / 5. Update No.1 attribute: Mustache        Total loss: 0.15854    Direction loss: 0.15854    Consistency loss: 0.00000    Sim loss: 1.61437   
Epoch 26, step 3 / 5. Update No.1 attribute: Mustache        Total loss: 0.13898    Direction loss: 0.13898    Consistency loss: 0.00000    Sim loss: 1.61390   
Epoch 26, step 4 / 5. Update No.1 attribute: Mustache        Total loss: 0.17159    Direction loss: 0.17159    Consistency loss: 0.00000    Sim loss: 1.61999   
Adjusting learning rate of group 0 to 5.0000e-03.
Epoch 27, step 0 / 5. Update No.1 attribute: Mustache        Total loss: 0.11710    Direction loss: 0.11710    Consistency loss: 0.00000    Sim loss: 1.60470   
Epoch 27, step 1 / 5. Update No.1 attribute: Mustache        Total loss: 0.13492    Direction loss: 0.13492    Consistency loss: 0.00000    Sim loss: 1.60937   
Epoch 27, step 2 / 5. Update No.1 attribute: Mustache        Total loss: 0.15894    Direction loss: 0.15894    Consistency loss: 0.00000    Sim loss: 1.62286   
Epoch 27, step 3 / 5. Update No.1 attribute: Mustache        Total loss: 0.18897    Direction loss: 0.18897    Consistency loss: 0.00000    Sim loss: 1.60911   
Epoch 27, step 4 / 5. Update No.1 attribute: Mustache        Total loss: 0.15874    Direction loss: 0.15874    Consistency loss: 0.00000    Sim loss: 1.62218   
Adjusting learning rate of group 0 to 5.0000e-03.
Epoch 28, step 0 / 5. Update No.1 attribute: Mustache        Total loss: 0.14024    Direction loss: 0.14024    Consistency loss: 0.00000    Sim loss: 1.61337   
Epoch 28, step 1 / 5. Update No.1 attribute: Mustache        Total loss: 0.13347    Direction loss: 0.13347    Consistency loss: 0.00000    Sim loss: 1.60402   
Epoch 28, step 2 / 5. Update No.1 attribute: Mustache        Total loss: 0.15891    Direction loss: 0.15891    Consistency loss: 0.00000    Sim loss: 1.62686   
Epoch 28, step 3 / 5. Update No.1 attribute: Mustache        Total loss: 0.18144    Direction loss: 0.18144    Consistency loss: 0.00000    Sim loss: 1.61110   
Epoch 28, step 4 / 5. Update No.1 attribute: Mustache        Total loss: 0.16997    Direction loss: 0.16997    Consistency loss: 0.00000    Sim loss: 1.60950   
Adjusting learning rate of group 0 to 5.0000e-03.
Epoch 29, step 0 / 5. Update No.1 attribute: Mustache        Total loss: 0.13213    Direction loss: 0.13213    Consistency loss: 0.00000    Sim loss: 1.61173   
Epoch 29, step 1 / 5. Update No.1 attribute: Mustache        Total loss: 0.20924    Direction loss: 0.20924    Consistency loss: 0.00000    Sim loss: 1.61571   
Epoch 29, step 2 / 5. Update No.1 attribute: Mustache        Total loss: 0.16298    Direction loss: 0.16298    Consistency loss: 0.00000    Sim loss: 1.61172   
Epoch 29, step 3 / 5. Update No.1 attribute: Mustache        Total loss: 0.15254    Direction loss: 0.15254    Consistency loss: 0.00000    Sim loss: 1.61643   
Epoch 29, step 4 / 5. Update No.1 attribute: Mustache        Total loss: 0.16949    Direction loss: 0.16949    Consistency loss: 0.00000    Sim loss: 1.61916   
Adjusting learning rate of group 0 to 5.0000e-03.
Epoch 30, step 0 / 5. Update No.1 attribute: Mustache        Total loss: 0.17974    Direction loss: 0.17974    Consistency loss: 0.00000    Sim loss: 1.61660   
Epoch 30, step 1 / 5. Update No.1 attribute: Mustache        Total loss: 0.12651    Direction loss: 0.12651    Consistency loss: 0.00000    Sim loss: 1.61129   
Epoch 30, step 2 / 5. Update No.1 attribute: Mustache        Total loss: 0.13817    Direction loss: 0.13817    Consistency loss: 0.00000    Sim loss: 1.61314   
Epoch 30, step 3 / 5. Update No.1 attribute: Mustache        Total loss: 0.12845    Direction loss: 0.12845    Consistency loss: 0.00000    Sim loss: 1.61297   
Epoch 30, step 4 / 5. Update No.1 attribute: Mustache        Total loss: 0.15119    Direction loss: 0.15119    Consistency loss: 0.00000    Sim loss: 1.60100   
Adjusting learning rate of group 0 to 5.0000e-03.
Successfully save FairTokens!
Successfully save Models!

  0%|          | 0/30 [00:00<?, ?it/s]
  3%|▎         | 1/30 [00:03<01:53,  3.93s/it]
  7%|▋         | 2/30 [00:07<01:41,  3.63s/it]
 10%|█         | 3/30 [00:10<01:35,  3.54s/it]
 13%|█▎        | 4/30 [00:14<01:30,  3.49s/it]
 17%|█▋        | 5/30 [00:17<01:26,  3.47s/it]
 20%|██        | 6/30 [00:21<01:22,  3.45s/it]
 23%|██▎       | 7/30 [00:24<01:19,  3.44s/it]
 27%|██▋       | 8/30 [00:27<01:15,  3.44s/it]
 30%|███       | 9/30 [00:31<01:12,  3.43s/it]
 33%|███▎      | 10/30 [00:34<01:08,  3.44s/it]
 37%|███▋      | 11/30 [00:38<01:05,  3.43s/it]
 40%|████      | 12/30 [00:41<01:01,  3.43s/it]
 43%|████▎     | 13/30 [00:45<00:58,  3.43s/it]
 47%|████▋     | 14/30 [00:48<00:54,  3.43s/it]
 50%|█████     | 15/30 [00:51<00:51,  3.43s/it]
 53%|█████▎    | 16/30 [00:55<00:47,  3.42s/it]
 57%|█████▋    | 17/30 [00:58<00:44,  3.43s/it]
 60%|██████    | 18/30 [01:02<00:41,  3.42s/it]
 63%|██████▎   | 19/30 [01:05<00:37,  3.42s/it]
 67%|██████▋   | 20/30 [01:09<00:34,  3.43s/it]
 70%|███████   | 21/30 [01:12<00:30,  3.43s/it]
 73%|███████▎  | 22/30 [01:15<00:27,  3.43s/it]
 77%|███████▋  | 23/30 [01:19<00:23,  3.43s/it]
 80%|████████  | 24/30 [01:22<00:20,  3.43s/it]
 83%|████████▎ | 25/30 [01:26<00:17,  3.43s/it]
 87%|████████▋ | 26/30 [01:29<00:13,  3.43s/it]
 90%|█████████ | 27/30 [01:32<00:10,  3.43s/it]
 93%|█████████▎| 28/30 [01:36<00:06,  3.43s/it]
 97%|█████████▋| 29/30 [01:39<00:03,  3.43s/it]
100%|██████████| 30/30 [01:43<00:00,  3.43s/it]
100%|██████████| 30/30 [01:43<00:00,  3.44s/it]

JOB STATISTICS
==============
Job ID: 4878380
Cluster: snellius
User/Group: scur1031/scur1031
State: RUNNING
Nodes: 1
Cores per node: 9
CPU Utilized: 00:00:00
CPU Efficiency: 0.00% of 00:19:21 core-walltime
Job Wall-clock time: 00:02:09
Memory Utilized: 0.00 MB (estimated maximum)
Memory Efficiency: 0.00% of 31.25 GB (31.25 GB/node)
WARNING: Efficiency statistics may be misleading for RUNNING jobs.
